Open On-Chip Debugger v0.12.0-esp32-20260424 (2026-04-24-15:13)
Licensed under GNU GPL v2
For bug reports, read
	http://openocd.org/doc/doxygen/bugs.html
Info : esp_usb_jtag: VID set to 0x303a and PID to 0x1001
Info : esp_usb_jtag: capabilities descriptor set to 0x2000
adapter speed: 6000 kHz
Info : esp_usb_jtag: serial (38:44:BE:42:F5:58)
Info : esp_usb_jtag: Device found. Base speed 40000KHz, div range 1 to 255
Info : clock speed 6666 kHz
Info : JTAG tap: esp32c3.tap0 tap/device found: 0x00005c25 (mfg: 0x612 (Espressif Systems), part: 0x0005, ver: 0x0)
Info : [esp32c3] datacount=2 progbufsize=16
Info : [esp32c3] Examined RISC-V core
Info : [esp32c3]  XLEN=32, misa=0x40101104
Info : [esp32c3] Chip revision v0.4
Info : [esp32c3] Examination succeed
Info : [esp32c3] starting gdb server on 3333
Info : Listening on port 3333 for gdb connections
Info : JTAG tap: esp32c3.tap0 tap/device found: 0x00005c25 (mfg: 0x612 (Espressif Systems), part: 0x0005, ver: 0x0)
Info : [esp32c3] Register fp is dirty!
Info : [esp32c3] Discarding values of dirty registers.
Info : [esp32c3] Reset cause (3) - (Software core reset)
@@uart0 0x60000000
0x60000000: 00000000 00000002 00000000 00000001 00000000 0030015b 00000008 e0008000 
0x60000020: 0400001c 00000001 00000fff 00000fff 00000000 00000000 000000f0 000026e0 
0x60000040: 00002200 0000000a 00040100 00000000 00000901 00000901 0000000b 0000032b 
0x60000060: 000a0012 00000000 00080101 00000000 00000fff 00000fff 03700000 02008270 
@@uart1 0x60010000
0x60010000: 00000018 00000042 00000000 00000000 00000000 000002b6 00000008 e0008000 
0x60010020: 1000001c 0000c060 00000fff 00000fff 00000000 00000000 000000f0 000026e0 
0x60010040: 00002200 0000000a 00040100 00000000 00000901 00000901 0000000b 0000032b 
0x60010060: 000a0012 00040080 000c0181 00000000 00000fff 00000fff 03701000 02008270 
@@i2c0 0x60013000
0x60013000: 00000000 0000020b 0000c000 00000010 00000000 00000000 0000408b 000000c7 
0x60013020: 00000002 00000000 00000000 00000000 00000000 00000000 00000000 00000000 
0x60013040: 00000008 00000008 00000008 00000008 00000300 00200000 00000000 00000000 
0x60013060: 00000000 00000000 00000000 00000000 00000000 00000000 00000010 00000010 
@@spi2 0x60024000
0x60024000: 00000000 00000000 003c0000 80003043 800000c0 b8410007 78000000 00000000 
0x60024020: 0000003e 00000000 00000000 00000000 00000000 00000000 00000000 00000000 
0x60024040: 00000000 00000000 00000000 00000000 00000000 00000000 00000000 00000000 
0x60024060: 00000000 00000000 00000000 00000000 00000000 00000000 00000000 00000000 
0x60024080: 00000000 00000000 00000000 00000000 00000000 00000000 00000000 00000000 
0x600240a0: 00000000 00000000 00000000 00000000 00000000 00000000 00000000 00000000 
@@rtc_cntl 0x60008000
0x60008000: 1c00a000 00000000 00000000 00000000 00000000 00000000 20000000 28140403 
0x60008020: 01000000 0a080a08 10200a08 00008000 0a080000 00c40000 0000f0c3 00060000 
0x60008040: 00000000 00100000 00000000 00000000 00000000 00000000 00000000 00000000 
0x60008060: 00066c80 00000000 00000000 00000000 11583218 00400000 0ab0be0a 00010800 
0x60008080: a0000000 00000000 00555010 aa805080 00000000 00030d40 00013880 00000fff 
0x600080a0: 00000fff 00000000 50d83aa1 84b00000 8f1d312a 00000000 00000000 13121312 
0x600080c0: 00000000 00000000 08140140 0271d000 00000000 00000000 43ff0010 00000000 
0x600080e0: 00000000 00000000 0ff00000 00000000 00000000 00000000 00000000 0000c800 
@@system 0x600C0000
0x600c0000: 00000000 000000c0 0000000c 00000001 f9c1e06f 00000200 00000000 000001fe 
0x600c0020: 000000ff 02001001 00000000 00000000 00000000 00000000 00000001 00000001 
0x600c0040: 00000005 00000000 7ff00000 ffffffff 00000000 00000001 000a8001 00000003 
0x600c0060: 00000003 00000003 00000003 00000000 00000000 00000000 00000000 00000000 
0x600c0080: 00000000 00000000 00000000 00000000 00000000 00000000 00000000 00000000 
0x600c00a0: 00000000 00000000 00000000 00000000 00000000 00000000 00000000 00000000 
@@apb_ctrl 0x60026000
0x60026000: 00000001 00010727 000007ff 00000000 00000000 fffce030 00000000 00000000 
0x60026020: 00000000 00000000 00000003 00000003 00000003 00000003 00000000 00400000 
0x60026040: 00800000 00c00000 00000400 00000400 00000400 00000400 00000000 00000000 
0x60026060: 00000000 00000000 00000000 00000000 00000000 00000000 00000000 00000000 
@@timg0 0x6001F000
0x6001f000: 60002000 00000000 00000000 00000000 00000000 00000000 00000000 00000000 
0x6001f020: 00000000 00000000 00000000 00000000 00000000 00000000 00000000 00000000 
0x6001f040: 00000000 00000000 00000000 00010000 018cba80 07ffffff 000fffff 000fffff 
@@timg1 0x60020000
0x60020000: 60002000 00000000 00000000 00000000 00000000 00000000 00000000 00000000 
0x60020020: 00000000 00000000 00000000 00000000 00000000 00000000 00000000 00000000 
0x60020040: 00000000 00000000 00000000 00010000 018cba80 07ffffff 000fffff 000fffff 
@@systimer 0x60023000
0x60023000: 46000000 00000000 00000000 00000000 00000000 00000000 00000000 00000000 
0x60023020: 00000000 00000000 00000000 00000000 00000000 00000000 00000000 00000000 
0x60023040: 00000000 00000000 00000000 00000000 00000000 00000000 00000000 00000000 
0x60023060: 00000000 00000000 00000000 00000000 00000000 00000000 00000000 00000000 
@@gpio 0x60004000
0x60004000: 00000000 00000000 00000000 00000000 00000000 00000000 00000000 00000000 
0x60004020: 00000000 00000000 00000000 00000000 00000000 00000000 0000000d 0033f344 
0x60004040: 00000000 00000000 00000000 00000000 00000000 00000000 00000000 00000000 
0x60004060: 00000000 00000000 00000000 00000000 00000000 00000000 00000000 00000000 
0x60004080: 00000000 00000000 00000000 00000000 00000000 00000000 00000000 00000000 
0x600040a0: 00000000 00000000 00000000 00000000 00000000 00000000 00000000 00000000 
@@io_mux 0x60009000
0x60009000: 000027ff 00000800 00000800 00000a00 00000a00 00000a00 00000a00 00000a00 
0x60009020: 00000a00 00000a00 00000b00 00000a00 00000800 00001b00 00001b00 00001b00 
@@intr_core0 0x600C2000
0x600c2000: 00000000 00000000 00000000 00000000 00000000 00000000 00000000 00000000 
0x600c2020: 00000000 00000000 00000000 00000000 00000000 00000000 00000000 00000000 
0x600c2040: 00000000 00000000 00000000 00000000 00000000 00000005 00000000 00000000 
0x600c2060: 00000000 00000000 00000000 00000000 00000000 00000000 00000000 00000000 
0x600c2080: 00000000 00000000 00000000 00000000 00000000 00000000 00000000 00000000 
0x600c20a0: 00000000 00000000 00000000 00000000 00000000 00000000 00000000 00000000 
0x600c20c0: 00000000 00000000 00000000 00000000 00000000 00000000 00000000 00000000 
0x600c20e0: 00000000 00000000 00000000 00000000 00000000 00000000 00000008 00000000 
@@ledc 0x60019000
0x60019000: 00000000 00000000 00000000 40000000 00000000 00000000 00000000 00000000 
0x60019020: 40000000 00000000 00000000 00000000 00000000 40000000 00000000 00000000 
0x60019040: 00000000 00000000 40000000 00000000 00000000 00000000 00000000 40000000 
0x60019060: 00000000 00000000 00000000 00000000 40000000 00000000 00000000 00000000 
0x60019080: 00000000 00000000 00000000 00000000 00000000 00000000 00000000 00000000 
0x600190a0: 00800000 00000000 00800000 00000000 00800000 00000000 00800000 00000000 
@@rmt 0x60016000
0x60016000: 00000000 00000000 00000000 00000000 00000000 00000000 00000000 00000000 
0x60016020: 00000000 00000000 00000000 00000000 00000000 00000000 00000000 00000000 
0x60016040: 00000000 00000000 00000000 00000000 00000000 00000000 00000000 00000000 
0x60016060: 00000000 00000000 00000000 00000000 00000000 00000000 00000000 00000000 
0x60016080: 00000000 00000000 00000000 00000000 00000000 00000000 00000000 00000000 
0x600160a0: 00000000 00000000 00000000 00000000 00000000 00000000 00000000 00000000 
shutdown command invoked
