Open On-Chip Debugger v0.12.0-esp32-20260424 (2026-04-24-15:13)
Licensed under GNU GPL v2
For bug reports, read
	http://openocd.org/doc/doxygen/bugs.html
Info : esp_usb_jtag: VID set to 0x303a and PID to 0x1001
Info : esp_usb_jtag: capabilities descriptor set to 0x2000
Info : esp_usb_jtag: serial (38:44:BE:42:F5:58)
Info : esp_usb_jtag: Device found. Base speed 40000KHz, div range 1 to 255
Info : clock speed 4000 kHz
Info : JTAG tap: esp32c3.tap0 tap/device found: 0x00005c25 (mfg: 0x612 (Espressif Systems), part: 0x0005, ver: 0x0)
Info : [esp32c3] datacount=2 progbufsize=16
Error: [esp32c3] Timed out after 10s waiting for busy to go low (abstractcs=0x10001202). Increase the timeout with riscv set_command_timeout_sec.
Warn : [esp32c3] Abstractct.busy appears stuck, issue haltreq in attempt to clear it
Error: [esp32c3] Examination failed
Warn : target esp32c3 examination failed
Info : [esp32c3] starting gdb server on 3333
Info : Listening on port 3333 for gdb connections
Info : JTAG tap: esp32c3.tap0 tap/device found: 0x00005c25 (mfg: 0x612 (Espressif Systems), part: 0x0005, ver: 0x0)
Info : [esp32c3] datacount=2 progbufsize=16
Info : [esp32c3] Examined RISC-V core
Info : [esp32c3]  XLEN=32, misa=0x40101104
Info : [esp32c3] Register fp is dirty!
Info : [esp32c3] Discarding values of dirty registers.
Info : [esp32c3] Reset cause (3) - (Software core reset)
Info : [esp32c3] Found 8 triggers
Info : [esp32c3] Target halted, PC=0x420090F8, debug_reason=00000001
##PHASE before_init
@@0x60005000
0x60005000: 00000000 00000000 00000000 00000000 00000000 00000000 00000000 00000000 
0x60005020: 00000000 00000000 00000000 00000000 00000000 00000000 00000000 00000000 
@@0x60006000
0x60006000: 00000000 00000000 00000000 00000000 00000000 00000000 00000000 00000000 
0x60006020: 00000000 00000000 00000000 00000000 00000000 00000000 00000000 00000000 
@@0x6001cc00
0x6001cc00: 00000000 00000000 00000000 00000000 00000000 00000000 00000000 00000000 
0x6001cc20: 00000000 00000000 00000000 00000000 00000000 00000000 00000000 00000000 
0x6001cc40: 00000000 00000000 00000000 00000000 00000000 00000000 00000000 00000000 
0x6001cc60: 00000000 00000000 00000000 00000000 00000000 00000000 00000000 00000000 
0x6001cc80: 00000000 00000000 00000000 00000000 00000000 00000000 00000000 00000000 
0x6001cca0: 00000000 00000000 00000000 00000000 00000000 00000000 00000000 00000000 
0x6001ccc0: 00000000 00000000 00000000 00000000 00000000 00000000 00000000 00000000 
0x6001cce0: 00000000 00000000 00000000 00000000 00000000 00000000 00000000 00000000 
@@0x6001d000
0x6001d000: 00000000 00000000 00000000 00000000 00000000 00000000 00000000 00000000 
0x6001d020: 00000000 00000000 00000000 00000000 00000000 00000000 00000000 00000000 
0x6001d040: 00000000 00000000 00000000 00000000 00000000 00000000 00000000 00000000 
0x6001d060: 00000000 00000000 00000000 00000000 00000000 00000000 00000000 00000000 
0x6001d080: 00000000 00000000 00000000 00000000 00000000 00000000 00000000 00000000 
0x6001d0a0: 00000000 00000000 00000000 00000000 00000000 00000000 00000000 00000000 
0x6001d0c0: 00000000 00000000 00000000 00000000 00000000 00000000 00000000 00000000 
0x6001d0e0: 00000000 00000000 00000000 00000000 00000000 00000000 00000000 00000000 
@@0x6001e000
0x6001e000: 00000000 00000000 00000000 00000000 00000000 00000000 00000000 00000000 
0x6001e020: 00000000 00000000 00000000 00000000 00000000 00000000 00000000 00000000 
0x6001e040: 00000000 00000000 00000000 00000000 00000000 00000000 00000000 00000000 
0x6001e060: 00000000 00000000 00000000 00000000 00000000 00000000 00000000 00000000 
0x6001e080: 00000000 00000000 00000000 00000000 00000000 00000000 00000000 00000000 
0x6001e0a0: 00000000 00000000 00000000 00000000 00000000 00000000 00000000 00000000 
0x6001e0c0: 00000000 00000000 00000000 00000000 00000000 00000000 00000000 00000000 
0x6001e0e0: 00000000 00000000 00000000 00000000 00000000 00000000 00000000 00000000 
@@0x60021000
0x60021000: 00000000 00000000 00000000 00000000 00000000 00000000 00000000 00000000 
0x60021020: 00000000 00000000 00000000 00000000 00000000 00000000 00000000 00000000 
@@0x60022000
0x60022000: 00000000 00000000 00000000 00000000 00000000 00000000 00000000 00000000 
0x60022020: 00000000 00000000 00000000 00000000 00000000 00000000 00000000 00000000 
@@0x60027000
0x60027000: 00000000 00000000 00000000 00000000 00000000 00000000 00000000 00000000 
0x60027020: 00000000 00000000 00000000 00000000 00000000 00000000 00000000 00000000 
0x60027040: 00000000 00000000 00000000 00000000 00000000 00000000 00000000 00000000 
0x60027060: 00000000 00000000 00000000 00000000 00000000 00000000 00000000 00000000 
0x60027080: 00000000 00000000 00000000 00000000 00000000 00000000 00000000 00000000 
0x600270a0: 00000000 00000000 00000000 00000000 00000000 00000000 00000000 00000000 
0x600270c0: 00000000 00000000 00000000 00000000 00000000 00000000 00000000 00000000 
0x600270e0: 00000000 00000000 00000000 00000000 00000000 00000000 00000000 00000000 
@@0x60028000
0x60028000: 00000000 00000000 00000000 00000000 00000000 00000000 00000000 00000000 
0x60028020: 00000000 00000000 00000000 00000000 00000000 00000000 00000000 00000000 
0x60028040: 00000000 00000000 00000000 00000000 00000000 00000000 00000000 00000000 
0x60028060: 00000000 00000000 00000000 00000000 00000000 00000000 00000000 00000000 
0x60028080: 00000000 00000000 00000000 00000000 00000000 00000000 00000000 00000000 
0x600280a0: 00000000 00000000 00000000 00000000 00000000 00000000 00000000 00000000 
0x600280c0: 00000000 00000000 00000000 00000000 00000000 00000000 00000000 00000000 
0x600280e0: 00000000 00000000 00000000 00000000 00000000 00000000 00000000 00000000 
@@0x60029000
0x60029000: 00000000 00000000 00000000 00000000 00000000 00000000 00000000 00000000 
0x60029020: 00000000 00000000 00000000 00000000 00000000 00000000 00000000 00000000 
0x60029040: 00000000 00000000 00000000 00000000 00000000 00000000 00000000 00000000 
0x60029060: 00000000 00000000 00000000 00000000 00000000 00000000 00000000 00000000 
0x60029080: 00000000 00000000 00000000 00000000 00000000 00000000 00000000 00000000 
0x600290a0: 00000000 00000000 00000000 00000000 00000000 00000000 00000000 00000000 
0x600290c0: 00000000 00000000 00000000 00000000 00000000 00000000 00000000 00000000 
0x600290e0: 00000000 00000000 00000000 00000000 00000000 00000000 00000000 00000000 
@@0x6002a000
0x6002a000: 00000000 00000000 00000000 00000000 00000000 00000000 00000000 00000000 
0x6002a020: 00000000 00000000 00000000 00000000 00000000 00000000 00000000 00000000 
0x6002a040: 00000000 00000000 00000000 00000000 00000000 00000000 00000000 00000000 
0x6002a060: 00000000 00000000 00000000 00000000 00000000 00000000 00000000 00000000 
0x6002a080: 00000000 00000000 00000000 00000000 00000000 00000000 00000000 00000000 
0x6002a0a0: 00000000 00000000 00000000 00000000 00000000 00000000 00000000 00000000 
0x6002a0c0: 00000000 00000000 00000000 00000000 00000000 00000000 00000000 00000000 
0x6002a0e0: 00000000 00000000 00000000 00000000 00000000 00000000 00000000 00000000 
@@0x60030000
0x60030000: 00000000 00000000 00000000 00000000 00000000 00000000 00000000 00000000 
0x60030020: 00000000 00000000 00000000 00000000 00000000 00000000 00000000 00000000 
0x60030040: 00000000 00000000 00000000 00000000 00000000 00000000 00000000 00000000 
0x60030060: 00000000 00000000 00000000 00000000 00000000 00000000 00000000 00000000 
0x60030080: 00000000 00000000 00000000 00000000 00000000 00000000 00000000 00000000 
0x600300a0: 00000000 00000000 00000000 00000000 00000000 00000000 00000000 00000000 
0x600300c0: 00000000 00000000 00000000 00000000 00000000 00000000 00000000 00000000 
0x600300e0: 00000000 00000000 00000000 00000000 00000000 00000000 00000000 00000000 
@@0x60031000
0x60031000: 00000000 00000000 00000000 00000000 00000000 00000000 00000000 00000000 
0x60031020: 00000000 00000000 00000000 00000000 00000000 00000000 00000000 00000000 
0x60031040: 00000000 00000000 00000000 00000000 00000000 00000000 00000000 00000000 
0x60031060: 00000000 00000000 00000000 00000000 00000000 00000000 00000000 00000000 
0x60031080: 00000000 00000000 00000000 00000000 00000000 00000000 00000000 00000000 
0x600310a0: 00000000 00000000 00000000 00000000 00000000 00000000 00000000 00000000 
0x600310c0: 00000000 00000000 00000000 00000000 00000000 00000000 00000000 00000000 
0x600310e0: 00000000 00000000 00000000 00000000 00000000 00000000 00000000 00000000 
@@0x60032000
0x60032000: 00000000 00000000 00000000 00000000 00000000 00000000 00000000 00000000 
0x60032020: 00000000 00000000 00000000 00000000 00000000 00000000 00000000 00000000 
0x60032040: 00000000 00000000 00000000 00000000 00000000 00000000 00000000 00000000 
0x60032060: 00000000 00000000 00000000 00000000 00000000 00000000 00000000 00000000 
0x60032080: 00000000 00000000 00000000 00000000 00000000 00000000 00000000 00000000 
0x600320a0: 00000000 00000000 00000000 00000000 00000000 00000000 00000000 00000000 
0x600320c0: 00000000 00000000 00000000 00000000 00000000 00000000 00000000 00000000 
0x600320e0: 00000000 00000000 00000000 00000000 00000000 00000000 00000000 00000000 
@@0x60033000
0x60033000: 00000000 00000000 00000000 00000000 00000000 00000000 00000000 00000000 
0x60033020: 00000000 00000000 00000000 00000000 00000000 00000000 00000000 00000000 
0x60033040: 00000000 00000000 00000000 00000000 00000000 00000000 00000000 00000000 
0x60033060: 00000000 00000000 00000000 00000000 00000000 00000000 00000000 00000000 
0x60033080: 00000000 00000000 00000000 00000000 00000000 00000000 00000000 00000000 
0x600330a0: 00000000 00000000 00000000 00000000 00000000 00000000 00000000 00000000 
0x600330c0: 00000000 00000000 00000000 00000000 00000000 00000000 00000000 00000000 
0x600330e0: 00000000 00000000 00000000 00000000 00000000 00000000 00000000 00000000 
@@0x60034000
0x60034000: 00000000 00000000 00000000 00000000 00000000 00000000 00000000 00000000 
0x60034020: 00000000 00000000 00000000 00000000 00000000 00000000 00000000 00000000 
0x60034040: 00000000 00000000 00000000 00000000 00000000 00000000 00000000 00000000 
0x60034060: 00000000 00000000 00000000 00000000 00000000 00000000 00000000 00000000 
0x60034080: 00000000 00000000 00000000 00000000 00000000 00000000 00000000 00000000 
0x600340a0: 00000000 00000000 00000000 00000000 00000000 00000000 00000000 00000000 
0x600340c0: 00000000 00000000 00000000 00000000 00000000 00000000 00000000 00000000 
0x600340e0: 00000000 00000000 00000000 00000000 00000000 00000000 00000000 00000000 
@@0x60035000
0x60035000: 000c9858 00000000 00000000 00000000 00000000 00000000 00000000 00000000 
0x60035020: 00000000 024e01ff b0000000 00000002 00000064 00000000 00000000 00000064 
0x60035040: 00000000 00000000 00000064 00000000 00000000 00000064 00000000 00000000 
0x60035060: 00000000 00000000 00000000 00000000 00000000 00000000 00000000 7d9ad8a3 
0x60035080: 000007ff 00003202 00000000 00000000 00000000 00000004 00000000 00000000 
0x600350a0: 00000000 00000000 00000000 00000000 00000000 00000000 00000000 00000000 
0x600350c0: 00000000 00000000 00000000 00000000 00000000 00000000 00000000 00000000 
0x600350e0: 00000000 00000000 00000000 00000000 00000000 00000000 00000000 00000000 
@@0x60036000
0x60036000: 00000000 00000000 00000000 00000000 00000000 00000000 00000000 00000000 
0x60036020: 00000000 00000000 00000000 00000000 00000000 00000000 00000000 00000000 
0x60036040: 00000000 00000000 00000000 00000000 00000000 00000000 00000000 00000000 
0x60036060: 00000000 00000000 00000000 00000000 00000000 00000000 00000000 00000000 
0x60036080: 00000000 00000000 00000000 00000000 00000000 00000000 00000000 00000000 
0x600360a0: 00000000 00000000 00000000 00000000 00000000 00000000 00000000 00000000 
0x600360c0: 00000000 00000000 00000000 00000000 00000000 00000000 00000000 00000000 
0x600360e0: 00000000 00000000 00000000 00000000 00000000 00000000 00000000 00000000 
@@0x60037000
0x60037000: 00000000 00000000 00000000 00000000 00000000 00000000 00000000 00000000 
0x60037020: 00000000 00000000 00000000 00000000 00000000 00000000 00000000 00000000 
0x60037040: 00000000 00000000 00000000 00000000 00000000 00000000 00000000 00000000 
0x60037060: 00000000 00000000 00000000 00000000 00000000 00000000 00000000 00000000 
0x60037080: 00000000 00000000 00000000 00000000 00000000 00000000 00000000 00000000 
0x600370a0: 00000000 00000000 00000000 00000000 00000000 00000000 00000000 00000000 
0x600370c0: 00000000 00000000 00000000 00000000 00000000 00000000 00000000 00000000 
0x600370e0: 00000000 00000000 00000000 00000000 00000000 00000000 00000000 00000000 
@@0x60038000
0x60038000: 00000000 00000000 00000000 00000000 00000000 00000000 00000000 00000000 
0x60038020: 00000000 00000000 00000000 00000000 00000000 00000000 00000000 00000000 
0x60038040: 00000000 00000000 00000000 00000000 00000000 00000000 00000000 00000000 
0x60038060: 00000000 00000000 00000000 00000000 00000000 00000000 00000000 00000000 
0x60038080: 00000000 00000000 00000000 00000000 00000000 00000000 00000000 00000000 
0x600380a0: 00000000 00000000 00000000 00000000 00000000 00000000 00000000 00000000 
0x600380c0: 00000000 00000000 00000000 00000000 00000000 00000000 00000000 00000000 
0x600380e0: 00000000 00000000 00000000 00000000 00000000 00000000 00000000 00000000 
@@0x60039000
0x60039000: 00000000 00000000 00000000 00000000 00000000 00000000 00000000 00000000 
0x60039020: 00000000 00000000 00000000 00000000 00000000 00000000 00000000 00000000 
0x60039040: 00000000 00000000 00000000 00000000 00000000 00000000 00000000 00000000 
0x60039060: 00000000 00000000 00000000 00000000 00000000 00000000 00000000 00000000 
0x60039080: 00000000 00000000 00000000 00000000 00000000 00000000 00000000 00000000 
0x600390a0: 00000000 00000000 00000000 00000000 00000000 00000000 00000000 00000000 
0x600390c0: 00000000 00000000 00000000 00000000 00000000 00000000 00000000 00000000 
0x600390e0: 00000000 00000000 00000000 00000000 00000000 00000000 00000000 00000000 
@@0x60041000
0x60041000: 00000000 00000000 00000000 00000000 00000000 00000000 00000000 00000000 
0x60041020: 00000000 00000000 00000000 00000000 00000000 00000000 00000000 00000000 
0x60041040: 00000000 00000000 00000000 00000000 00000000 00000000 00000000 00000000 
0x60041060: 00000000 00000000 00000000 00000000 00000000 00000000 00000000 00000000 
0x60041080: 00000000 00000000 00000000 00000000 00000000 00000000 00000000 00000000 
0x600410a0: 00000000 00000000 00000000 00000000 00000000 00000000 00000000 00000000 
0x600410c0: 00000000 00000000 00000000 00000000 00000000 00000000 00000000 00000000 
0x600410e0: 00000000 00000000 00000000 00000000 00000000 00000000 00000000 00000000 
@@0x60042000
0x60042000: 00008080 00000000 0000c8e9 00000000 00000000 00000000 00000000 00000000 
0x60042020: 00000000 00000000 00000000 00000000 00000000 00000000 00000000 00000000 
0x60042040: 00000000 00000000 00000000 00000000 00000000 00000000 00000000 00000000 
0x60042060: 00000000 00000000 00000000 00000000 00000000 00000000 00000000 00000000 
0x60042080: 00000000 00000000 00000000 00000000 00000000 00000000 00000000 00000000 
0x600420a0: 00000000 00000000 00000000 00000000 00000000 00000000 00000000 00000000 
0x600420c0: 00000000 00000000 00000000 00000000 00000000 00000000 00000000 00000000 
0x600420e0: 00000000 00000000 00000000 00000000 00000000 00000000 00000000 00000000 
Info : [esp32c3] Target halted, PC=0x420090FC, debug_reason=00000001
##PHASE after_init
@@0x60005000
0x60005000: 00000000 00000000 00000000 00000000 00000000 00000000 00000000 00000000 
0x60005020: 00000000 00000000 00000000 00000000 00000000 00000000 00000000 00000000 
@@0x60006000
0x60006000: 06828040 00000000 00000000 00000000 00000000 00000000 00000000 00000000 
0x60006020: 00000000 00000000 00000000 00000000 00000000 00000000 00000000 00000000 
@@0x6001cc00
0x6001cc00: 0f07a2d8 7a444a2d 100b7068 011241fc 00000000 00000000 00000000 00000000 
0x6001cc20: 00000000 00000000 00000000 00000000 00000000 00000000 00000000 48280000 
0x6001cc40: 00000000 00000000 170428c2 1c1c1c1c 00000000 00000000 000680e8 00000000 
0x6001cc60: 00000000 00000000 00000000 00000000 00000000 00000000 0ec7d84c dd03c050 
0x6001cc80: 9f30c660 0c654e5c 00200000 00000000 00654321 00654321 00034000 00006543 
0x6001cca0: 0c0f1215 00030609 00000000 00000000 00000000 00002000 40000000 00000000 
0x6001ccc0: 00208000 00000000 6419f56a 71637ba4 8ce34d08 000002aa 00284208 0195c16c 
0x6001cce0: 1a237ba4 402983e0 00007fff 00000000 00000000 00000000 1ee4f000 55b8c0c4 
@@0x6001d000
0x6001d000: 07e08001 10400170 00003000 0018cfff fa0003ff 6d805e66 00400210 00000000 
0x6001d020: 00000000 02810876 00000000 0001e078 00000400 0010ff80 00000100 001800aa 
0x6001d040: 00000000 00000001 00000005 00000001 00000000 0000000a 80010000 00000016 
0x6001d060: 00000000 00000000 20000e40 0cc3f0f0 0b161e00 00589708 10060201 00804020 
0x6001d080: 00000000 00802008 00814008 07ea0000 00000000 00005151 10000200 000000f0 
0x6001d0a0: 20100602 00ff8040 00000000 00000000 00000000 00000000 00000000 00000000 
0x6001d0c0: 00000000 00000000 00000000 00000000 00000000 00000000 00000000 00000000 
0x6001d0e0: 00000000 00000000 00000000 00000000 00000000 00000000 00000000 00000000 
@@0x6001e000
0x6001e000: 00000000 00000000 00000000 00000000 00000000 00000000 00000000 00000000 
0x6001e020: 00000000 00000000 00000000 00000000 00000000 00000000 00000000 00000000 
0x6001e040: 00000000 00000000 00000000 00000000 00000000 00000000 00000000 00000000 
0x6001e060: 00000000 00000000 00000000 00000000 00000000 00000000 00000000 00000000 
0x6001e080: 00000000 00000000 00000000 00000000 00000000 00000000 00000000 00000000 
0x6001e0a0: 00000000 00000000 00000000 00000000 00000000 00000000 00000000 00000000 
0x6001e0c0: 00000000 00000000 00000000 00000000 00000000 00000000 00000000 00000000 
0x6001e0e0: 00000000 00000000 00000000 00000000 00000000 00000000 00000000 00000000 
@@0x60021000
0x60021000: 00000000 00000000 00000000 00000000 00000000 00000000 00000000 00000000 
0x60021020: 00000000 00000000 00000000 00000000 00000000 00000000 00000000 00000000 
@@0x60022000
0x60022000: 00000000 00000000 00000000 00000000 00000000 00000000 00000000 00000000 
0x60022020: 00000000 00000000 00000000 00000000 00000000 00000000 00000000 00000000 
@@0x60027000
0x60027000: 00000000 00000000 00000000 00000000 00000000 00000000 00000000 00000000 
0x60027020: 00000000 00000000 00000000 00000000 00000000 00000000 00000000 00000000 
0x60027040: 00000000 00000000 00000000 00000000 00000000 00000000 00000000 00000000 
0x60027060: 00000000 00000000 00000000 00000000 00000000 00000000 00000000 00000000 
0x60027080: 00000000 00000000 00000000 00000000 00000000 00000000 00000000 00000000 
0x600270a0: 00000000 00000000 00000000 00000000 00000000 00000000 00000000 00000000 
0x600270c0: 00000000 00000000 00000000 00000000 00000000 00000000 00000000 00000000 
0x600270e0: 00000000 00000000 00000000 00000000 00000000 00000000 00000000 00000000 
@@0x60028000
0x60028000: 00000000 00000000 00000000 00000000 00000000 00000000 00000000 00000000 
0x60028020: 00000000 00000000 00000000 00000000 00000000 00000000 00000000 00000000 
0x60028040: 00000000 00000000 00000000 00000000 00000000 00000000 00000000 00000000 
0x60028060: 00000000 00000000 00000000 00000000 00000000 00000000 00000000 00000000 
0x60028080: 00000000 00000000 00000000 00000000 00000000 00000000 00000000 00000000 
0x600280a0: 00000000 00000000 00000000 00000000 00000000 00000000 00000000 00000000 
0x600280c0: 00000000 00000000 00000000 00000000 00000000 00000000 00000000 00000000 
0x600280e0: 00000000 00000000 00000000 00000000 00000000 00000000 00000000 00000000 
@@0x60029000
0x60029000: 00000000 00000000 00000000 00000000 00000000 00000000 00000000 00000000 
0x60029020: 00000000 00000000 00000000 00000000 00000000 00000000 00000000 00000000 
0x60029040: 00000000 00000000 00000000 00000000 00000000 00000000 00000000 00000000 
0x60029060: 00000000 00000000 00000000 00000000 00000000 00000000 00000000 00000000 
0x60029080: 00000000 00000000 00000000 00000000 00000000 00000000 00000000 00000000 
0x600290a0: 00000000 00000000 00000000 00000000 00000000 00000000 00000000 00000000 
0x600290c0: 00000000 00000000 00000000 00000000 00000000 00000000 00000000 00000000 
0x600290e0: 00000000 00000000 00000000 00000000 00000000 00000000 00000000 00000000 
@@0x6002a000
0x6002a000: 00000000 00000000 00000000 00000000 00000000 00000000 00000000 00000000 
0x6002a020: 00000000 00000000 00000000 00000000 00000000 00000000 00000000 00000000 
0x6002a040: 00000000 00000000 00000000 00000000 00000000 00000000 00000000 00000000 
0x6002a060: 00000000 00000000 00000000 00000000 00000000 00000000 00000000 00000000 
0x6002a080: 00000000 00000000 00000000 00000000 00000000 00000000 00000000 00000000 
0x6002a0a0: 00000000 00000000 00000000 00000000 00000000 00000000 00000000 00000000 
0x6002a0c0: 00000000 00000000 00000000 00000000 00000000 00000000 00000000 00000000 
0x6002a0e0: 00000000 00000000 00000000 00000000 00000000 00000000 00000000 00000000 
@@0x60030000
0x60030000: 00000000 00000000 00000000 00000000 00000000 00000000 00000000 00000000 
0x60030020: 00000000 00000000 00000000 00000000 00000000 00000000 00000000 00000000 
0x60030040: 00000000 00000000 00000000 00000000 00000000 00000000 00000000 00000000 
0x60030060: 00000000 00000000 00000000 00000000 00000000 00000000 00000000 00000000 
0x60030080: 00000000 00000000 00000000 00000000 00000000 00000000 00000000 00000000 
0x600300a0: 00000000 00000000 00000000 00000000 00000000 00000000 00000000 00000000 
0x600300c0: 00000000 00000000 00000000 00000000 00000000 00000000 00000000 00000000 
0x600300e0: 00000000 00000000 00000000 00000000 00000000 00000000 00000000 00000000 
@@0x60031000
0x60031000: 00000000 00000000 00000000 00000000 00000000 00000000 00000000 00000000 
0x60031020: 00000000 00000000 00000000 00000000 00000000 00000000 00000000 00000000 
0x60031040: 00000000 00000000 00000000 00000000 00000000 00000000 00000000 00000000 
0x60031060: 00000000 00000000 00000000 00000000 00000000 00000000 00000000 00000000 
0x60031080: 00000000 00000000 00000000 00000000 00000000 00000000 00000000 00000000 
0x600310a0: 00000000 00000000 00000000 00000000 00000000 00000000 00000000 00000000 
0x600310c0: 00000000 00000000 00000000 00000000 00000000 00000000 00000000 00000000 
0x600310e0: 00000000 00000000 00000000 00000000 00000000 00000000 00000000 00000000 
@@0x60032000
0x60032000: 00000000 00000000 00000000 00000000 00000000 00000000 00000000 00000000 
0x60032020: 00000000 00000000 00000000 00000000 00000000 00000000 00000000 00000000 
0x60032040: 00000000 00000000 00000000 00000000 00000000 00000000 00000000 00000000 
0x60032060: 00000000 00000000 00000000 00000000 00000000 00000000 00000000 00000000 
0x60032080: 00000000 00000000 00000000 00000000 00000000 00000000 00000000 00000000 
0x600320a0: 00000000 00000000 00000000 00000000 00000000 00000000 00000000 00000000 
0x600320c0: 00000000 00000000 00000000 00000000 00000000 00000000 00000000 00000000 
0x600320e0: 00000000 00000000 00000000 00000000 00000000 00000000 00000000 00000000 
@@0x60033000
0x60033000: 00000000 00000000 00000000 00000000 00000000 00000000 00000000 00000000 
0x60033020: ffffffff 0001ffff 00000000 00000000 00000000 00000000 00000000 00000000 
0x60033040: 00000000 00000000 00000000 00000000 00000000 00000000 00000000 00000000 
0x60033060: ffffffff 0001ffff 00000000 00000000 00000000 00000000 00000000 00000000 
0x60033080: 1000000c 80000000 000c8000 00000000 00000000 00000000 00000000 00000100 
0x600330a0: fefe0006 00000180 00000000 00000000 00000000 00000000 00000000 00000000 
0x600330c0: 00000000 00000000 00000000 00000000 00000000 00000000 00007960 00007960 
0x600330e0: 00007960 00007960 000000ff 000000ff 000000ff 000000ff 000000ff 000000ff 
@@0x60034000
0x60034000: f12d3439 1d701c2a f0d51152 d66a2115 d053202c 51337a6c ea683d79 84bf0451 
0x60034020: 6093059c 41d31a21 c245934d a6fd03c3 6c0613f3 fc7525d0 f7c4bd70 dac0277a 
0x60034040: c6286948 0708c6c3 041c71b8 cc11ffb0 1d2436e2 9bb1d75b 73b2b9a6 6027e091 
0x60034060: 89d8f91b f8b1b939 6cb3b69d cc6e88eb 39a34d3f 1196ef2a 40b61162 925db248 
0x60034080: b8bb8527 967649e1 234b0e69 b9f37ce5 162f9a0f a435c0cb 3373ea9f 28a66f05 
0x600340a0: cf454971 e5d145a4 051ccdd0 9cf4ae15 b7fd806b 52d26f6e 8202db40 6dbc797a 
0x600340c0: c8f2a1dd 045b8a54 e163c916 7279f382 3e4697d3 7d97806d 7779105f 99664e6b 
0x600340e0: b49f3ff6 c1b3c658 837ce1f9 03e46a49 5ad89021 498b5946 1cf8efcd cc436f05 
@@0x60035000
0x60035000: 0011ffcf 00000000 00000000 00000000 00000000 00000000 00000000 00000000 
0x60035020: 00000000 024e01ff 90000000 00000000 00000064 00000000 00000000 00000064 
0x60035040: 00000000 00000000 00000064 00000000 00000000 00000064 00000000 00000000 
0x60035060: 00000000 00000000 00000000 00000000 00000000 00000000 00000000 174959bd 
0x60035080: 000007ff 00003202 00000000 00000000 00000000 00000004 00000000 00000000 
0x600350a0: 00000000 00000000 00000000 00000000 00000000 00000000 00000000 00000000 
0x600350c0: 00000000 00000000 00000000 00000000 00000000 00000000 00000000 00000000 
0x600350e0: 00000000 00000000 00000000 00000000 00000000 00000000 00000000 00000000 
@@0x60036000
0x60036000: 00000000 00000000 00000000 00000000 00000000 00000000 00000000 00000000 
0x60036020: 00000000 00000000 00000000 00000000 00000000 00000000 00000000 00000000 
0x60036040: 00000000 00000000 00000000 00000000 00000000 00000000 00000000 00000000 
0x60036060: 00000000 00000000 00000000 00000000 00000000 00000000 00000000 00000000 
0x60036080: 00000000 00000000 00000000 00000000 00000000 00000000 00000000 00000000 
0x600360a0: 00000000 00000000 00000000 00000000 00000000 00000000 00000000 00000000 
0x600360c0: 00000000 00000000 00000000 00000000 00000000 00000000 00000000 00000000 
0x600360e0: 00000000 00000000 00000000 00000000 00000000 00000000 00000000 00000000 
@@0x60037000
0x60037000: 00000000 00000000 00000000 00000000 00000000 00000000 00000000 00000000 
0x60037020: 00000000 00000000 00000000 00000000 00000000 00000000 00000000 00000000 
0x60037040: 00000000 00000000 00000000 00000000 00000000 00000000 00000000 00000000 
0x60037060: 00000000 00000000 00000000 00000000 00000000 00000000 00000000 00000000 
0x60037080: 00000000 00000000 00000000 00000000 00000000 00000000 00000000 00000000 
0x600370a0: 00000000 00000000 00000000 00000000 00000000 00000000 00000000 00000000 
0x600370c0: 00000000 00000000 00000000 00000000 00000000 00000000 00000000 00000000 
0x600370e0: 00000000 00000000 00000000 00000000 00000000 00000000 00000000 00000000 
@@0x60038000
0x60038000: 00000000 00000000 00000000 00000000 00000000 00000000 00000000 00000000 
0x60038020: 00000000 00000000 00000000 00000000 00000000 00000000 00000000 00000000 
0x60038040: 00000000 00000000 00000000 00000000 00000000 00000000 00000000 00000000 
0x60038060: 00000000 00000000 00000000 00000000 00000000 00000000 00000000 00000000 
0x60038080: 00000000 00000000 00000000 00000000 00000000 00000000 00000000 00000000 
0x600380a0: 00000000 00000000 00000000 00000000 00000000 00000000 00000000 00000000 
0x600380c0: 00000000 00000000 00000000 00000000 00000000 00000000 00000000 00000000 
0x600380e0: 00000000 00000000 00000000 00000000 00000000 00000000 00000000 00000000 
@@0x60039000
0x60039000: 00000000 00000000 00000000 00000000 00000000 00000000 00000000 00000000 
0x60039020: 00000000 00000000 00000000 00000000 00000000 00000000 00000000 00000000 
0x60039040: 00000000 00000000 00000000 00000000 00000000 00000000 00000000 00000000 
0x60039060: 00000000 00000000 00000000 00000000 00000000 00000000 00000000 00000000 
0x60039080: 00000000 00000000 00000000 00000000 00000000 00000000 00000000 00000000 
0x600390a0: 00000000 00000000 00000000 00000000 00000000 00000000 00000000 00000000 
0x600390c0: 00000000 00000000 00000000 00000000 00000000 00000000 00000000 00000000 
0x600390e0: 00000000 00000000 00000000 00000000 00000000 00000000 00000000 00000000 
@@0x60041000
0x60041000: 00000000 00000000 00000000 00000000 00000000 00000000 00000000 00000000 
0x60041020: 00000000 00000000 00000000 00000000 00000000 00000000 00000000 00000000 
0x60041040: 00000000 00000000 00000000 00000000 00000000 00000000 00000000 00000000 
0x60041060: 00000000 00000000 00000000 00000000 00000000 00000000 00000000 00000000 
0x60041080: 00000000 00000000 00000000 00000000 00000000 00000000 00000000 00000000 
0x600410a0: 00000000 00000000 00000000 00000000 00000000 00000000 00000000 00000000 
0x600410c0: 00000000 00000000 00000000 00000000 00000000 00000000 00000000 00000000 
0x600410e0: 00000000 00000000 00000000 00000000 00000000 00000000 00000000 00000000 
@@0x60042000
0x60042000: 00008080 00000000 00018529 00000000 00000000 00000000 00000000 00000000 
0x60042020: 00000000 00000000 00000000 00000000 00000000 00000000 00000000 00000000 
0x60042040: 00000000 00000000 00000000 00000000 00000000 00000000 00000000 00000000 
0x60042060: 00000000 00000000 00000000 00000000 00000000 00000000 00000000 00000000 
0x60042080: 00000000 00000000 00000000 00000000 00000000 00000000 00000000 00000000 
0x600420a0: 00000000 00000000 00000000 00000000 00000000 00000000 00000000 00000000 
0x600420c0: 00000000 00000000 00000000 00000000 00000000 00000000 00000000 00000000 
0x600420e0: 00000000 00000000 00000000 00000000 00000000 00000000 00000000 00000000 
Info : [esp32c3] Target halted, PC=0x42009100, debug_reason=00000001
##PHASE after_start
@@0x60005000
0x60005000: 00000000 00000000 00000000 00000000 00000000 00000000 00000000 00000000 
0x60005020: 00000000 00000000 00000000 00000000 00000000 00000000 00000000 00000000 
@@0x60006000
0x60006000: 0e828040 00000000 00000000 00000000 00000000 c4c0c0c0 f4e8dcd0 f6f3f400 
0x60006020: f5f3f602 f8fc0000 fff8fff8 fff8fbff fbfbfbff 00000000 00000000 00000000 
@@0x6001cc00
0x6001cc00: 0f07a2d8 7a444a2d 100b7068 011241fc 00000000 00000000 00000000 00000000 
0x6001cc20: 00000000 00000000 00000000 00000000 00000000 00000000 00000000 48280000 
0x6001cc40: 00000000 00000000 17043ed5 1c1c1c1c 00000000 00000000 000680e8 00000000 
0x6001cc60: 00000000 00000000 00000000 00000000 00000000 00000000 0ec7d84c dd03c050 
0x6001cc80: 9f30c660 0c654e5c 00200000 00000000 00654321 00654321 00034000 00006543 
0x6001cca0: 0c0f1215 00030609 00000000 00000000 00000000 00002000 20000000 00000000 
0x6001ccc0: 00208000 00000000 6419f56a 71637ba4 8ce34d08 000002aa 00284208 0195c16c 
0x6001cce0: 1a237ba4 402983e0 00007fff 00000000 00000000 00000000 1ee4f000 55b8c0c4 
@@0x6001d000
0x6001d000: 07e0a001 10400170 00003000 0018cfff fa0003ff 6d805e66 00400210 00000000 
0x6001d020: 00000000 02810876 00000000 0001e078 00000400 0010ff80 00000100 401800aa 
0x6001d040: 80000000 00000001 00000004 00000000 00000000 0000000a 80010000 08010000 
0x6001d060: 00000000 00000000 20000e40 0782a094 0b161e00 00589708 10060201 00804020 
0x6001d080: 00000000 00802008 00814008 07ea0000 00000000 00005151 10000200 000000f0 
0x6001d0a0: 20100602 00ff8040 00000000 00000000 00000000 00000000 00000000 00000000 
0x6001d0c0: 00000000 00000000 00000000 00000000 00000000 00000000 00000000 00000000 
0x6001d0e0: 00000000 00000000 00000000 00000000 00000000 00000000 00000000 00000000 
@@0x6001e000
0x6001e000: 00000000 00000000 00000000 00000000 00000000 00000000 00000000 00000000 
0x6001e020: 00000000 00000000 00000000 00000000 00000000 00000000 00000000 00000000 
0x6001e040: 00000000 00000000 00000000 00000000 00000000 00000000 00000000 00000000 
0x6001e060: 00000000 00000000 00000000 00000000 00000000 00000000 00000000 00000000 
0x6001e080: 00000000 00000000 00000000 00000000 00000000 00000000 00000000 00000000 
0x6001e0a0: 00000000 00000000 00000000 00000000 00000000 00000000 00000000 00000000 
0x6001e0c0: 00000000 00000000 00000000 00000000 00000000 00000000 00000000 00000000 
0x6001e0e0: 00000000 00000000 00000000 00000000 00000000 00000000 00000000 00000000 
@@0x60021000
0x60021000: 00000000 00000000 00000000 00000000 00000000 00000000 00000000 00000000 
0x60021020: 00000000 00000000 00000000 00000000 00000000 00000000 00000000 00000000 
@@0x60022000
0x60022000: 00000000 00000000 00000000 00000000 00000000 00000000 00000000 00000000 
0x60022020: 00000000 00000000 00000000 00000000 00000000 00000000 00000000 00000000 
@@0x60027000
0x60027000: 00000000 00000000 00000000 00000000 00000000 00000000 00000000 00000000 
0x60027020: 00000000 00000000 00000000 00000000 00000000 00000000 00000000 00000000 
0x60027040: 00000000 00000000 00000000 00000000 00000000 00000000 00000000 00000000 
0x60027060: 00000000 00000000 00000000 00000000 00000000 00000000 00000000 00000000 
0x60027080: 00000000 00000000 00000000 00000000 00000000 00000000 00000000 00000000 
0x600270a0: 00000000 00000000 00000000 00000000 00000000 00000000 00000000 00000000 
0x600270c0: 00000000 00000000 00000000 00000000 00000000 00000000 00000000 00000000 
0x600270e0: 00000000 00000000 00000000 00000000 00000000 00000000 00000000 00000000 
@@0x60028000
0x60028000: 00000000 00000000 00000000 00000000 00000000 00000000 00000000 00000000 
0x60028020: 00000000 00000000 00000000 00000000 00000000 00000000 00000000 00000000 
0x60028040: 00000000 00000000 00000000 00000000 00000000 00000000 00000000 00000000 
0x60028060: 00000000 00000000 00000000 00000000 00000000 00000000 00000000 00000000 
0x60028080: 00000000 00000000 00000000 00000000 00000000 00000000 00000000 00000000 
0x600280a0: 00000000 00000000 00000000 00000000 00000000 00000000 00000000 00000000 
0x600280c0: 00000000 00000000 00000000 00000000 00000000 00000000 00000000 00000000 
0x600280e0: 00000000 00000000 00000000 00000000 00000000 00000000 00000000 00000000 
@@0x60029000
0x60029000: 00000000 00000000 00000000 00000000 00000000 00000000 00000000 00000000 
0x60029020: 00000000 00000000 00000000 00000000 00000000 00000000 00000000 00000000 
0x60029040: 00000000 00000000 00000000 00000000 00000000 00000000 00000000 00000000 
0x60029060: 00000000 00000000 00000000 00000000 00000000 00000000 00000000 00000000 
0x60029080: 00000000 00000000 00000000 00000000 00000000 00000000 00000000 00000000 
0x600290a0: 00000000 00000000 00000000 00000000 00000000 00000000 00000000 00000000 
0x600290c0: 00000000 00000000 00000000 00000000 00000000 00000000 00000000 00000000 
0x600290e0: 00000000 00000000 00000000 00000000 00000000 00000000 00000000 00000000 
@@0x6002a000
0x6002a000: 00000000 00000000 00000000 00000000 00000000 00000000 00000000 00000000 
0x6002a020: 00000000 00000000 00000000 00000000 00000000 00000000 00000000 00000000 
0x6002a040: 00000000 00000000 00000000 00000000 00000000 00000000 00000000 00000000 
0x6002a060: 00000000 00000000 00000000 00000000 00000000 00000000 00000000 00000000 
0x6002a080: 00000000 00000000 00000000 00000000 00000000 00000000 00000000 00000000 
0x6002a0a0: 00000000 00000000 00000000 00000000 00000000 00000000 00000000 00000000 
0x6002a0c0: 00000000 00000000 00000000 00000000 00000000 00000000 00000000 00000000 
0x6002a0e0: 00000000 00000000 00000000 00000000 00000000 00000000 00000000 00000000 
@@0x60030000
0x60030000: 00000000 00000000 00000000 00000000 00000000 00000000 00000000 00000000 
0x60030020: 00000000 00000000 00000000 00000000 00000000 00000000 00000000 00000000 
0x60030040: 00000000 00000000 00000000 00000000 00000000 00000000 00000000 00000000 
0x60030060: 00000000 00000000 00000000 00000000 00000000 00000000 00000000 00000000 
0x60030080: 00000000 00000000 00000000 00000000 00000000 00000000 00000000 00000000 
0x600300a0: 00000000 00000000 00000000 00000000 00000000 00000000 00000000 00000000 
0x600300c0: 00000000 00000000 00000000 00000000 00000000 00000000 00000000 00000000 
0x600300e0: 00000000 00000000 00000000 00000000 00000000 00000000 00000000 00000000 
@@0x60031000
0x60031000: 00000000 00000000 00000000 00000000 00000000 00000000 00000000 00000000 
0x60031020: 00000000 00000000 00000000 00000000 00000000 00000000 00000000 00000000 
0x60031040: 00000000 00000000 00000000 00000000 00000000 00000000 00000000 00000000 
0x60031060: 00000000 00000000 00000000 00000000 00000000 00000000 00000000 00000000 
0x60031080: 00000000 00000000 00000000 00000000 00000000 00000000 00000000 00000000 
0x600310a0: 00000000 00000000 00000000 00000000 00000000 00000000 00000000 00000000 
0x600310c0: 00000000 00000000 00000000 00000000 00000000 00000000 00000000 00000000 
0x600310e0: 00000000 00000000 00000000 00000000 00000000 00000000 00000000 00000000 
@@0x60032000
0x60032000: 00000000 00000000 00000000 00000000 00000000 00000000 00000000 00000000 
0x60032020: 00000000 00000000 00000000 00000000 00000000 00000000 00000000 00000000 
0x60032040: 00000000 00000000 00000000 00000000 00000000 00000000 00000000 00000000 
0x60032060: 00000000 00000000 00000000 00000000 00000000 00000000 00000000 00000000 
0x60032080: 00000000 00000000 00000000 00000000 00000000 00000000 00000000 00000000 
0x600320a0: 00000000 00000000 00000000 00000000 00000000 00000000 00000000 00000000 
0x600320c0: 00000000 00000000 00000000 00000000 00000000 00000000 00000000 00000000 
0x600320e0: 00000000 00000000 00000000 00000000 00000000 00000000 00000000 00000000 
@@0x60033000
0x60033000: 42be4438 000058f5 00000000 00000000 00000000 00000000 00000000 00000000 
0x60033020: ffffffff 0001ffff 00000000 00000000 00000000 00000000 00000000 00000000 
0x60033040: 42be4438 000058f5 42be4438 000059f5 00000000 00000000 00000000 00000000 
0x60033060: ffffffff 0001ffff ffffffff 0000ffff 00000000 00000000 00000000 00000000 
0x60033080: 10000000 80000000 000a48c4 000a48c4 00000000 00000000 00000000 08100201 
0x600330a0: fefe0006 00000180 00000000 00000000 00000000 00000000 00000000 00000000 
0x600330c0: 00000000 00000000 00000000 00000000 00000000 00000000 00007045 00007045 
0x600330e0: 00007045 00007045 000000ff 000000ff 000000ff 000000ff 000000ff 000000ff 
@@0x60034000
0x60034000: 00000000 00000000 00000000 00000000 00000000 00400000 00400000 004002c0 
0x60034020: 00000000 00000000 00000000 00000000 00000000 00000000 00000000 00000000 
0x60034040: 00000000 00000000 00000000 00000000 00000000 00000000 00000000 00000000 
0x60034060: 00400000 00400000 004002c0 00000000 00000000 00000000 00000000 00000000 
0x60034080: 00000000 00000000 00000000 00000000 00000000 00000000 00000000 00000000 
0x600340a0: 00000000 00000000 00000000 00400000 00400000 004002c0 00000000 00000000 
0x600340c0: 00000000 00000000 00000000 00000000 00000000 00000000 00000000 00000000 
0x600340e0: 00000000 00000000 00000000 00000000 00000000 00000000 00400000 00400000 
@@0x60035000
0x60035000: 0016c591 00000000 00000000 00000000 00000000 00000000 00000000 00000000 
0x60035020: 00000000 024e01ff 98000000 00000000 00000064 00000000 00000000 00000064 
0x60035040: 00000000 00000000 00000064 00000000 00000000 00000064 0000759a 00000000 
0x60035060: 00000000 00000000 00000000 00000000 00000000 00000000 00000000 529547cd 
0x60035080: 000007ff 00003202 00000000 00000000 00000000 00000004 00000000 0c800000 
0x600350a0: 00000000 00000000 00000000 00000000 00000000 00000000 00000000 00000000 
0x600350c0: 00000000 00000000 00000000 00000000 00000000 00000000 00000000 00000000 
0x600350e0: 00000000 00000000 00000000 00000000 00000000 00000000 00000000 00000000 
@@0x60036000
0x60036000: 00000000 00000000 00000000 00000000 00000000 00000000 00000000 00000000 
0x60036020: 00000000 00000000 00000000 00000000 00000000 00000000 00000000 00000000 
0x60036040: 00000000 00000000 00000000 00000000 00000000 00000000 00000000 00000000 
0x60036060: 00000000 00000000 00000000 00000000 00000000 00000000 00000000 00000000 
0x60036080: 00000000 00000000 00000000 00000000 00000000 00000000 00000000 00000000 
0x600360a0: 00000000 00000000 00000000 00000000 00000000 00000000 00000000 00000000 
0x600360c0: 00000000 00000000 00000000 00000000 00000000 00000000 00000000 00000000 
0x600360e0: 00000000 00000000 00000000 00000000 00000000 00000000 00000000 00000000 
@@0x60037000
0x60037000: 00000000 00000000 00000000 00000000 00000000 00000000 00000000 00000000 
0x60037020: 00000000 00000000 00000000 00000000 00000000 00000000 00000000 00000000 
0x60037040: 00000000 00000000 00000000 00000000 00000000 00000000 00000000 00000000 
0x60037060: 00000000 00000000 00000000 00000000 00000000 00000000 00000000 00000000 
0x60037080: 00000000 00000000 00000000 00000000 00000000 00000000 00000000 00000000 
0x600370a0: 00000000 00000000 00000000 00000000 00000000 00000000 00000000 00000000 
0x600370c0: 00000000 00000000 00000000 00000000 00000000 00000000 00000000 00000000 
0x600370e0: 00000000 00000000 00000000 00000000 00000000 00000000 00000000 00000000 
@@0x60038000
0x60038000: 00000000 00000000 00000000 00000000 00000000 00000000 00000000 00000000 
0x60038020: 00000000 00000000 00000000 00000000 00000000 00000000 00000000 00000000 
0x60038040: 00000000 00000000 00000000 00000000 00000000 00000000 00000000 00000000 
0x60038060: 00000000 00000000 00000000 00000000 00000000 00000000 00000000 00000000 
0x60038080: 00000000 00000000 00000000 00000000 00000000 00000000 00000000 00000000 
0x600380a0: 00000000 00000000 00000000 00000000 00000000 00000000 00000000 00000000 
0x600380c0: 00000000 00000000 00000000 00000000 00000000 00000000 00000000 00000000 
0x600380e0: 00000000 00000000 00000000 00000000 00000000 00000000 00000000 00000000 
@@0x60039000
0x60039000: 00000000 00000000 00000000 00000000 00000000 00000000 00000000 00000000 
0x60039020: 00000000 00000000 00000000 00000000 00000000 00000000 00000000 00000000 
0x60039040: 00000000 00000000 00000000 00000000 00000000 00000000 00000000 00000000 
0x60039060: 00000000 00000000 00000000 00000000 00000000 00000000 00000000 00000000 
0x60039080: 00000000 00000000 00000000 00000000 00000000 00000000 00000000 00000000 
0x600390a0: 00000000 00000000 00000000 00000000 00000000 00000000 00000000 00000000 
0x600390c0: 00000000 00000000 00000000 00000000 00000000 00000000 00000000 00000000 
0x600390e0: 00000000 00000000 00000000 00000000 00000000 00000000 00000000 00000000 
@@0x60041000
0x60041000: 00000000 00000000 00000000 00000000 00000000 00000000 00000000 00000000 
0x60041020: 00000000 00000000 00000000 00000000 00000000 00000000 00000000 00000000 
0x60041040: 00000000 00000000 00000000 00000000 00000000 00000000 00000000 00000000 
0x60041060: 00000000 00000000 00000000 00000000 00000000 00000000 00000000 00000000 
0x60041080: 00000000 00000000 00000000 00000000 00000000 00000000 00000000 00000000 
0x600410a0: 00000000 00000000 00000000 00000000 00000000 00000000 00000000 00000000 
0x600410c0: 00000000 00000000 00000000 00000000 00000000 00000000 00000000 00000000 
0x600410e0: 00000000 00000000 00000000 00000000 00000000 00000000 00000000 00000000 
@@0x60042000
0x60042000: 00008080 00000000 00022b67 00000000 00000000 00000000 00000000 00000000 
0x60042020: 00000000 00000000 00000000 00000000 00000000 00000000 00000000 00000000 
0x60042040: 00000000 00000000 00000000 00000000 00000000 00000000 00000000 00000000 
0x60042060: 00000000 00000000 00000000 00000000 00000000 00000000 00000000 00000000 
0x60042080: 00000000 00000000 00000000 00000000 00000000 00000000 00000000 00000000 
0x600420a0: 00000000 00000000 00000000 00000000 00000000 00000000 00000000 00000000 
0x600420c0: 00000000 00000000 00000000 00000000 00000000 00000000 00000000 00000000 
0x600420e0: 00000000 00000000 00000000 00000000 00000000 00000000 00000000 00000000 
Info : [esp32c3] Target halted, PC=0x42009104, debug_reason=00000001
##PHASE idle
@@0x60005000
0x60005000: 00000000 00000000 00000000 00000000 00000000 00000000 00000000 00000000 
0x60005020: 00000000 00000000 00000000 00000000 00000000 00000000 00000000 00000000 
@@0x60006000
0x60006000: 0e828040 00000000 00000000 00000000 00000000 c4c0c0c0 f4e8dcd0 f6f3f400 
0x60006020: f5f3f602 f8fc0000 fff8fff8 fff8fbff fbfbfbff 00000000 00000000 00000000 
@@0x6001cc00
0x6001cc00: 0f07a2d8 7a444a2d 100b7068 011241fc 00000000 00000000 00000000 00000000 
0x6001cc20: 00000000 00000000 00000000 00000000 00000000 00000000 00000000 48280000 
0x6001cc40: 00000000 00000000 17043ed5 1c1c1c1c 00000000 00000000 000680e8 00000000 
0x6001cc60: 00000000 00000000 00000000 00000000 00000000 00000000 0ec7d84c dd03c050 
0x6001cc80: 9f30c660 0c654e5c 00200000 00000000 00654321 00654321 00034000 00006543 
0x6001cca0: 0c0f1215 00030609 00000000 00000000 00000000 00002000 20000000 00000000 
0x6001ccc0: 00208000 00000000 6419f56a 71637ba4 8ce34d08 000002aa 00284208 0195c16c 
0x6001cce0: 1a237ba4 402983e0 00007fff 00000000 00000000 00000000 1ee4f000 55b8c0c4 
@@0x6001d000
0x6001d000: 07e0a001 10400170 00003000 0018cfff fa0003ff 6d805e66 00400210 00000000 
0x6001d020: 00000000 02810876 00000000 0001e078 00000400 0010ff80 00000100 401800aa 
0x6001d040: 80000000 00000001 00000004 00000000 00000000 0000000a 80010000 08010000 
0x6001d060: 00000000 00000000 20000e40 0782a094 0b161e00 00589708 10060201 00804020 
0x6001d080: 00000000 00802008 00814008 07ea0000 00000000 00005151 10000200 000000f0 
0x6001d0a0: 20100602 00ff8040 00000000 00000000 00000000 00000000 00000000 00000000 
0x6001d0c0: 00000000 00000000 00000000 00000000 00000000 00000000 00000000 00000000 
0x6001d0e0: 00000000 00000000 00000000 00000000 00000000 00000000 00000000 00000000 
@@0x6001e000
0x6001e000: 00000000 00000000 00000000 00000000 00000000 00000000 00000000 00000000 
0x6001e020: 00000000 00000000 00000000 00000000 00000000 00000000 00000000 00000000 
0x6001e040: 00000000 00000000 00000000 00000000 00000000 00000000 00000000 00000000 
0x6001e060: 00000000 00000000 00000000 00000000 00000000 00000000 00000000 00000000 
0x6001e080: 00000000 00000000 00000000 00000000 00000000 00000000 00000000 00000000 
0x6001e0a0: 00000000 00000000 00000000 00000000 00000000 00000000 00000000 00000000 
0x6001e0c0: 00000000 00000000 00000000 00000000 00000000 00000000 00000000 00000000 
0x6001e0e0: 00000000 00000000 00000000 00000000 00000000 00000000 00000000 00000000 
@@0x60021000
0x60021000: 00000000 00000000 00000000 00000000 00000000 00000000 00000000 00000000 
0x60021020: 00000000 00000000 00000000 00000000 00000000 00000000 00000000 00000000 
@@0x60022000
0x60022000: 00000000 00000000 00000000 00000000 00000000 00000000 00000000 00000000 
0x60022020: 00000000 00000000 00000000 00000000 00000000 00000000 00000000 00000000 
@@0x60027000
0x60027000: 00000000 00000000 00000000 00000000 00000000 00000000 00000000 00000000 
0x60027020: 00000000 00000000 00000000 00000000 00000000 00000000 00000000 00000000 
0x60027040: 00000000 00000000 00000000 00000000 00000000 00000000 00000000 00000000 
0x60027060: 00000000 00000000 00000000 00000000 00000000 00000000 00000000 00000000 
0x60027080: 00000000 00000000 00000000 00000000 00000000 00000000 00000000 00000000 
0x600270a0: 00000000 00000000 00000000 00000000 00000000 00000000 00000000 00000000 
0x600270c0: 00000000 00000000 00000000 00000000 00000000 00000000 00000000 00000000 
0x600270e0: 00000000 00000000 00000000 00000000 00000000 00000000 00000000 00000000 
@@0x60028000
0x60028000: 00000000 00000000 00000000 00000000 00000000 00000000 00000000 00000000 
0x60028020: 00000000 00000000 00000000 00000000 00000000 00000000 00000000 00000000 
0x60028040: 00000000 00000000 00000000 00000000 00000000 00000000 00000000 00000000 
0x60028060: 00000000 00000000 00000000 00000000 00000000 00000000 00000000 00000000 
0x60028080: 00000000 00000000 00000000 00000000 00000000 00000000 00000000 00000000 
0x600280a0: 00000000 00000000 00000000 00000000 00000000 00000000 00000000 00000000 
0x600280c0: 00000000 00000000 00000000 00000000 00000000 00000000 00000000 00000000 
0x600280e0: 00000000 00000000 00000000 00000000 00000000 00000000 00000000 00000000 
@@0x60029000
0x60029000: 00000000 00000000 00000000 00000000 00000000 00000000 00000000 00000000 
0x60029020: 00000000 00000000 00000000 00000000 00000000 00000000 00000000 00000000 
0x60029040: 00000000 00000000 00000000 00000000 00000000 00000000 00000000 00000000 
0x60029060: 00000000 00000000 00000000 00000000 00000000 00000000 00000000 00000000 
0x60029080: 00000000 00000000 00000000 00000000 00000000 00000000 00000000 00000000 
0x600290a0: 00000000 00000000 00000000 00000000 00000000 00000000 00000000 00000000 
0x600290c0: 00000000 00000000 00000000 00000000 00000000 00000000 00000000 00000000 
0x600290e0: 00000000 00000000 00000000 00000000 00000000 00000000 00000000 00000000 
@@0x6002a000
0x6002a000: 00000000 00000000 00000000 00000000 00000000 00000000 00000000 00000000 
0x6002a020: 00000000 00000000 00000000 00000000 00000000 00000000 00000000 00000000 
0x6002a040: 00000000 00000000 00000000 00000000 00000000 00000000 00000000 00000000 
0x6002a060: 00000000 00000000 00000000 00000000 00000000 00000000 00000000 00000000 
0x6002a080: 00000000 00000000 00000000 00000000 00000000 00000000 00000000 00000000 
0x6002a0a0: 00000000 00000000 00000000 00000000 00000000 00000000 00000000 00000000 
0x6002a0c0: 00000000 00000000 00000000 00000000 00000000 00000000 00000000 00000000 
0x6002a0e0: 00000000 00000000 00000000 00000000 00000000 00000000 00000000 00000000 
@@0x60030000
0x60030000: 00000000 00000000 00000000 00000000 00000000 00000000 00000000 00000000 
0x60030020: 00000000 00000000 00000000 00000000 00000000 00000000 00000000 00000000 
0x60030040: 00000000 00000000 00000000 00000000 00000000 00000000 00000000 00000000 
0x60030060: 00000000 00000000 00000000 00000000 00000000 00000000 00000000 00000000 
0x60030080: 00000000 00000000 00000000 00000000 00000000 00000000 00000000 00000000 
0x600300a0: 00000000 00000000 00000000 00000000 00000000 00000000 00000000 00000000 
0x600300c0: 00000000 00000000 00000000 00000000 00000000 00000000 00000000 00000000 
0x600300e0: 00000000 00000000 00000000 00000000 00000000 00000000 00000000 00000000 
@@0x60031000
0x60031000: 00000000 00000000 00000000 00000000 00000000 00000000 00000000 00000000 
0x60031020: 00000000 00000000 00000000 00000000 00000000 00000000 00000000 00000000 
0x60031040: 00000000 00000000 00000000 00000000 00000000 00000000 00000000 00000000 
0x60031060: 00000000 00000000 00000000 00000000 00000000 00000000 00000000 00000000 
0x60031080: 00000000 00000000 00000000 00000000 00000000 00000000 00000000 00000000 
0x600310a0: 00000000 00000000 00000000 00000000 00000000 00000000 00000000 00000000 
0x600310c0: 00000000 00000000 00000000 00000000 00000000 00000000 00000000 00000000 
0x600310e0: 00000000 00000000 00000000 00000000 00000000 00000000 00000000 00000000 
@@0x60032000
0x60032000: 00000000 00000000 00000000 00000000 00000000 00000000 00000000 00000000 
0x60032020: 00000000 00000000 00000000 00000000 00000000 00000000 00000000 00000000 
0x60032040: 00000000 00000000 00000000 00000000 00000000 00000000 00000000 00000000 
0x60032060: 00000000 00000000 00000000 00000000 00000000 00000000 00000000 00000000 
0x60032080: 00000000 00000000 00000000 00000000 00000000 00000000 00000000 00000000 
0x600320a0: 00000000 00000000 00000000 00000000 00000000 00000000 00000000 00000000 
0x600320c0: 00000000 00000000 00000000 00000000 00000000 00000000 00000000 00000000 
0x600320e0: 00000000 00000000 00000000 00000000 00000000 00000000 00000000 00000000 
@@0x60033000
0x60033000: 42be4438 000058f5 00000000 00000000 00000000 00000000 00000000 00000000 
0x60033020: ffffffff 0001ffff 00000000 00000000 00000000 00000000 00000000 00000000 
0x60033040: 42be4438 000058f5 42be4438 000059f5 00000000 00000000 00000000 00000000 
0x60033060: ffffffff 0001ffff ffffffff 0000ffff 00000000 00000000 00000000 00000000 
0x60033080: 10000000 80000000 000a48c4 000a48c4 00000000 00000000 00000000 08100201 
0x600330a0: fefe0006 00000180 00000000 00000000 00000000 00000000 00000000 00000000 
0x600330c0: 00000000 00000000 00000000 00000000 00000000 00000000 00007045 00007045 
0x600330e0: 00007045 00007045 000000ff 000000ff 000000ff 000000ff 000000ff 000000ff 
@@0x60034000
0x60034000: 00000000 00000000 00000000 00000000 00000000 00400000 00400000 004002c0 
0x60034020: 00000000 00000000 00000000 00000000 00000000 00000000 00000000 00000000 
0x60034040: 00000000 00000000 00000000 00000000 00000000 00000000 00000000 00000000 
0x60034060: 00400000 00400000 004002c0 00000000 00000000 00000000 00000000 00000000 
0x60034080: 00000000 00000000 00000000 00000000 00000000 00000000 00000000 00000000 
0x600340a0: 00000000 00000000 00000000 00400000 00400000 004002c0 00000000 00000000 
0x600340c0: 00000000 00000000 00000000 00000000 00000000 00000000 00000000 00000000 
0x600340e0: 00000000 00000000 00000000 00000000 00000000 00000000 00400000 00400000 
@@0x60035000
0x60035000: 001ac3b1 00000000 00000000 00000000 00000000 00000000 00000000 00000000 
0x60035020: 00000000 024e01ff 98000000 00000000 00000064 00000000 00000000 00000064 
0x60035040: 00000000 00000000 00000064 00000000 00000000 00000064 0000759a 00000000 
0x60035060: 00000000 00000000 00000000 00000000 00000000 00000000 00000000 74b444b3 
0x60035080: 000007ff 00003202 00000000 00000000 00000000 00000004 00000000 0c800000 
0x600350a0: 00000000 00000000 00000000 00000000 00000000 00000000 00000000 00000000 
0x600350c0: 00000000 00000000 00000000 00000000 00000000 00000000 00000000 00000000 
0x600350e0: 00000000 00000000 00000000 00000000 00000000 00000000 00000000 00000000 
@@0x60036000
0x60036000: 00000000 00000000 00000000 00000000 00000000 00000000 00000000 00000000 
0x60036020: 00000000 00000000 00000000 00000000 00000000 00000000 00000000 00000000 
0x60036040: 00000000 00000000 00000000 00000000 00000000 00000000 00000000 00000000 
0x60036060: 00000000 00000000 00000000 00000000 00000000 00000000 00000000 00000000 
0x60036080: 00000000 00000000 00000000 00000000 00000000 00000000 00000000 00000000 
0x600360a0: 00000000 00000000 00000000 00000000 00000000 00000000 00000000 00000000 
0x600360c0: 00000000 00000000 00000000 00000000 00000000 00000000 00000000 00000000 
0x600360e0: 00000000 00000000 00000000 00000000 00000000 00000000 00000000 00000000 
@@0x60037000
0x60037000: 00000000 00000000 00000000 00000000 00000000 00000000 00000000 00000000 
0x60037020: 00000000 00000000 00000000 00000000 00000000 00000000 00000000 00000000 
0x60037040: 00000000 00000000 00000000 00000000 00000000 00000000 00000000 00000000 
0x60037060: 00000000 00000000 00000000 00000000 00000000 00000000 00000000 00000000 
0x60037080: 00000000 00000000 00000000 00000000 00000000 00000000 00000000 00000000 
0x600370a0: 00000000 00000000 00000000 00000000 00000000 00000000 00000000 00000000 
0x600370c0: 00000000 00000000 00000000 00000000 00000000 00000000 00000000 00000000 
0x600370e0: 00000000 00000000 00000000 00000000 00000000 00000000 00000000 00000000 
@@0x60038000
0x60038000: 00000000 00000000 00000000 00000000 00000000 00000000 00000000 00000000 
0x60038020: 00000000 00000000 00000000 00000000 00000000 00000000 00000000 00000000 
0x60038040: 00000000 00000000 00000000 00000000 00000000 00000000 00000000 00000000 
0x60038060: 00000000 00000000 00000000 00000000 00000000 00000000 00000000 00000000 
0x60038080: 00000000 00000000 00000000 00000000 00000000 00000000 00000000 00000000 
0x600380a0: 00000000 00000000 00000000 00000000 00000000 00000000 00000000 00000000 
0x600380c0: 00000000 00000000 00000000 00000000 00000000 00000000 00000000 00000000 
0x600380e0: 00000000 00000000 00000000 00000000 00000000 00000000 00000000 00000000 
@@0x60039000
0x60039000: 00000000 00000000 00000000 00000000 00000000 00000000 00000000 00000000 
0x60039020: 00000000 00000000 00000000 00000000 00000000 00000000 00000000 00000000 
0x60039040: 00000000 00000000 00000000 00000000 00000000 00000000 00000000 00000000 
0x60039060: 00000000 00000000 00000000 00000000 00000000 00000000 00000000 00000000 
0x60039080: 00000000 00000000 00000000 00000000 00000000 00000000 00000000 00000000 
0x600390a0: 00000000 00000000 00000000 00000000 00000000 00000000 00000000 00000000 
0x600390c0: 00000000 00000000 00000000 00000000 00000000 00000000 00000000 00000000 
0x600390e0: 00000000 00000000 00000000 00000000 00000000 00000000 00000000 00000000 
@@0x60041000
0x60041000: 00000000 00000000 00000000 00000000 00000000 00000000 00000000 00000000 
0x60041020: 00000000 00000000 00000000 00000000 00000000 00000000 00000000 00000000 
0x60041040: 00000000 00000000 00000000 00000000 00000000 00000000 00000000 00000000 
0x60041060: 00000000 00000000 00000000 00000000 00000000 00000000 00000000 00000000 
0x60041080: 00000000 00000000 00000000 00000000 00000000 00000000 00000000 00000000 
0x600410a0: 00000000 00000000 00000000 00000000 00000000 00000000 00000000 00000000 
0x600410c0: 00000000 00000000 00000000 00000000 00000000 00000000 00000000 00000000 
0x600410e0: 00000000 00000000 00000000 00000000 00000000 00000000 00000000 00000000 
@@0x60042000
0x60042000: 00008080 00000000 0002b639 00000000 00000000 00000000 00000000 00000000 
0x60042020: 00000000 00000000 00000000 00000000 00000000 00000000 00000000 00000000 
0x60042040: 00000000 00000000 00000000 00000000 00000000 00000000 00000000 00000000 
0x60042060: 00000000 00000000 00000000 00000000 00000000 00000000 00000000 00000000 
0x60042080: 00000000 00000000 00000000 00000000 00000000 00000000 00000000 00000000 
0x600420a0: 00000000 00000000 00000000 00000000 00000000 00000000 00000000 00000000 
0x600420c0: 00000000 00000000 00000000 00000000 00000000 00000000 00000000 00000000 
0x600420e0: 00000000 00000000 00000000 00000000 00000000 00000000 00000000 00000000 
Warn : DEPRECATED: 'exit' should only be used in telnet or Tcl sessions to close the session
Warn : Did you mean 'shutdown'?
shutdown command invoked
