Starting ['target/debug/labwired-dap']...
DEBUG: sending initialize seq=1
[2m2026-02-13T16:47:51.765124Z[0m [32m INFO[0m [2mlabwired_dap::server[0m[2m:[0m Received request: {"arguments":{"adapterID":"labwired"},"command":"initialize","seq":1,"type":"request"}
[2m2026-02-13T16:47:51.765241Z[0m [32m INFO[0m [2mlabwired_dap::server[0m[2m:[0m DAP OUT: {"seq":1,"type":"response","request_seq":1,"success":true,"command":"initialize","message":null,"body":{"supportsConditionalBreakpoints":true,"supportsConfigurationDoneRequest":true,"supportsDisassembleRequest":true,"supportsFunctionBreakpoints":true,"supportsGotoTargetsRequest":true,"supportsPauseRequest":true,"supportsReadMemoryRequest":true,"supportsRestartRequest":true,"supportsStepBack":true,"supportsSteppingGranularity":true}}
[2m2026-02-13T16:47:51.765289Z[0m [32m INFO[0m [2mlabwired_dap::server[0m[2m:[0m DAP OUT: {"seq":2,"type":"event","event":"initialized","body":null}
Initialized!
DEBUG: sending launch seq=2
DEBUG: waiting for launch response
[2m2026-02-13T16:47:51.765426Z[0m [32m INFO[0m [2mlabwired_dap::server[0m[2m:[0m Received request: {"arguments":{"program":"/home/andrii/Projects/labwired/core/target/thumbv7m-none-eabi/debug/firmware-h563-io-demo","stopOnEntry":true,"systemConfig":"/home/andrii/Projects/labwired/core/examples/nucleo-h563zi/system.yaml"},"command":"launch","seq":2,"type":"request"}
[2m2026-02-13T16:47:51.765475Z[0m [32m INFO[0m [2mlabwired_dap::server[0m[2m:[0m Launching: program=Some("/home/andrii/Projects/labwired/core/target/thumbv7m-none-eabi/debug/firmware-h563-io-demo"), systemConfig=Some("/home/andrii/Projects/labwired/core/examples/nucleo-h563zi/system.yaml"), stopOnEntry=true
[2m2026-02-13T16:47:51.766465Z[0m [32m INFO[0m [2mlabwired_loader[0m[2m:[0m ELF Entry Point: 0x8000009
[2m2026-02-13T16:47:51.806298Z[0m [32m INFO[0m [2mlabwired_dap::server[0m[2m:[0m DAP OUT: {"seq":3,"type":"response","request_seq":2,"success":true,"command":"launch","message":null,"body":null}
Launched!
DEBUG: sending configurationDone seq=3
DEBUG: waiting for stopped event
[2m2026-02-13T16:47:51.806562Z[0m [32m INFO[0m [2mlabwired_dap::server[0m[2m:[0m Received request: {"command":"configurationDone","seq":3,"type":"request"}
[2m2026-02-13T16:47:51.806609Z[0m [32m INFO[0m [2mlabwired_dap::server[0m[2m:[0m DAP OUT: {"seq":4,"type":"response","request_seq":3,"success":true,"command":"configurationDone","message":null,"body":null}
[2m2026-02-13T16:47:51.806650Z[0m [32m INFO[0m [2mlabwired_dap::server[0m[2m:[0m DAP OUT: {"seq":5,"type":"event","event":"stopped","body":{"allThreadsStopped":true,"reason":"entry","threadId":1}}
Stopped on entry!
DEBUG: continuing
DEBUG: sending continue seq=4
Listening for telemetry... (timeout 10s)
[2m2026-02-13T16:47:51.806757Z[0m [32m INFO[0m [2mlabwired_dap::server[0m[2m:[0m Received request: {"arguments":{"threadId":1},"command":"continue","seq":4,"type":"request"}
[2m2026-02-13T16:47:51.806802Z[0m [32m INFO[0m [2mlabwired_dap::server[0m[2m:[0m DAP OUT: {"seq":6,"type":"response","request_seq":4,"success":true,"command":"continue","message":null,"body":{"allThreadsContinued":true}}
[2m2026-02-13T16:47:51.815270Z[0m [32m INFO[0m [2mlabwired_core::cpu::cortex_m[0m[2m:[0m CPU STEP 0: PC=0x800000a
[2m2026-02-13T16:47:51.815568Z[0m [33m WARN[0m [2mlabwired_core::cpu::cortex_m[0m[2m:[0m Internal: Unhandled 32-bit: eb00 1010
[2m2026-02-13T16:47:51.815826Z[0m [33m WARN[0m [2mlabwired_core::cpu::cortex_m[0m[2m:[0m Internal: Unhandled 32-bit: eb00 1010
[2m2026-02-13T16:47:51.816003Z[0m [33m WARN[0m [2mlabwired_core::cpu::cortex_m[0m[2m:[0m Internal: Unhandled 32-bit: eb00 1010
[2m2026-02-13T16:47:51.816181Z[0m [33m WARN[0m [2mlabwired_core::cpu::cortex_m[0m[2m:[0m Internal: Unhandled 32-bit: eb00 1010
[2m2026-02-13T16:47:51.816370Z[0m [33m WARN[0m [2mlabwired_core::cpu::cortex_m[0m[2m:[0m Internal: Unhandled 32-bit: eb00 1010
[2m2026-02-13T16:47:51.816579Z[0m [33m WARN[0m [2mlabwired_core::cpu::cortex_m[0m[2m:[0m Internal: Unhandled 32-bit: eb00 1010
[2m2026-02-13T16:47:51.816782Z[0m [33m WARN[0m [2mlabwired_core::cpu::cortex_m[0m[2m:[0m Internal: Unhandled 32-bit: eb00 1010
[2m2026-02-13T16:47:51.816970Z[0m [33m WARN[0m [2mlabwired_core::cpu::cortex_m[0m[2m:[0m Internal: Unhandled 32-bit: eb00 1010
[2m2026-02-13T16:47:51.817159Z[0m [33m WARN[0m [2mlabwired_core::cpu::cortex_m[0m[2m:[0m Internal: Unhandled 32-bit: eb00 1010
[2m2026-02-13T16:47:51.817218Z[0m [33m WARN[0m [2mlabwired_core::cpu::cortex_m[0m[2m:[0m Internal: Unhandled 32-bit: fa01 f202
[2m2026-02-13T16:47:51.817236Z[0m [33m WARN[0m [2mlabwired_core::cpu::cortex_m[0m[2m:[0m Unknown instruction at 0x800022e: Opcode 0x4391
[2m2026-02-13T16:47:51.817255Z[0m [33m WARN[0m [2mlabwired_core::cpu::cortex_m[0m[2m:[0m Internal: Unhandled 32-bit: fa01 f202
[2m2026-02-13T16:47:51.817341Z[0m [33m WARN[0m [2mlabwired_core::cpu::cortex_m[0m[2m:[0m Internal: Unhandled 32-bit: eb00 1010
[2m2026-02-13T16:47:51.817483Z[0m [33m WARN[0m [2mlabwired_core::cpu::cortex_m[0m[2m:[0m Internal: Unhandled 32-bit: eb00 1010
[2m2026-02-13T16:47:51.817539Z[0m [33m WARN[0m [2mlabwired_core::cpu::cortex_m[0m[2m:[0m Internal: Unhandled 32-bit: fa01 f202
[2m2026-02-13T16:47:51.817549Z[0m [33m WARN[0m [2mlabwired_core::cpu::cortex_m[0m[2m:[0m Unknown instruction at 0x800022e: Opcode 0x4391
[2m2026-02-13T16:47:51.817566Z[0m [33m WARN[0m [2mlabwired_core::cpu::cortex_m[0m[2m:[0m Internal: Unhandled 32-bit: fa01 f202
[2m2026-02-13T16:47:51.817652Z[0m [33m WARN[0m [2mlabwired_core::cpu::cortex_m[0m[2m:[0m Internal: Unhandled 32-bit: eb00 1010
[2m2026-02-13T16:47:51.817797Z[0m [33m WARN[0m [2mlabwired_core::cpu::cortex_m[0m[2m:[0m Internal: Unhandled 32-bit: eb00 1010
[2m2026-02-13T16:47:51.817857Z[0m [33m WARN[0m [2mlabwired_core::cpu::cortex_m[0m[2m:[0m Internal: Unhandled 32-bit: fa01 f202
[2m2026-02-13T16:47:51.817867Z[0m [33m WARN[0m [2mlabwired_core::cpu::cortex_m[0m[2m:[0m Unknown instruction at 0x800022e: Opcode 0x4391
[2m2026-02-13T16:47:51.817884Z[0m [33m WARN[0m [2mlabwired_core::cpu::cortex_m[0m[2m:[0m Internal: Unhandled 32-bit: fa01 f202
[2m2026-02-13T16:47:51.817970Z[0m [33m WARN[0m [2mlabwired_core::cpu::cortex_m[0m[2m:[0m Internal: Unhandled 32-bit: eb00 1010
[2m2026-02-13T16:47:51.818126Z[0m [33m WARN[0m [2mlabwired_core::cpu::cortex_m[0m[2m:[0m Internal: Unhandled 32-bit: eb00 1010
[2m2026-02-13T16:47:51.818243Z[0m [33m WARN[0m [2mlabwired_core::cpu::cortex_m[0m[2m:[0m Internal: Unhandled 32-bit: eb00 1010
[2m2026-02-13T16:47:51.818357Z[0m [33m WARN[0m [2mlabwired_core::cpu::cortex_m[0m[2m:[0m Internal: Unhandled 32-bit: eb00 1010
[2m2026-02-13T16:47:51.818513Z[0m [33m WARN[0m [2mlabwired_core::cpu::cortex_m[0m[2m:[0m Internal: Unhandled 32-bit: eb00 1010
[2m2026-02-13T16:47:51.818770Z[0m [33m WARN[0m [2mlabwired_core::cpu::cortex_m[0m[2m:[0m Internal: Unhandled 32-bit: eb00 1010
[2m2026-02-13T16:47:51.818954Z[0m [33m WARN[0m [2mlabwired_core::cpu::cortex_m[0m[2m:[0m Internal: Unhandled 32-bit: eb00 1010
[2m2026-02-13T16:47:51.819130Z[0m [33m WARN[0m [2mlabwired_core::cpu::cortex_m[0m[2m:[0m Internal: Unhandled 32-bit: eb00 1010
[2m2026-02-13T16:47:51.819307Z[0m [33m WARN[0m [2mlabwired_core::cpu::cortex_m[0m[2m:[0m Internal: Unhandled 32-bit: eb00 1010
[2m2026-02-13T16:47:51.819495Z[0m [33m WARN[0m [2mlabwired_core::cpu::cortex_m[0m[2m:[0m Internal: Unhandled 32-bit: eb00 1010
[2m2026-02-13T16:47:51.819758Z[0m [33m WARN[0m [2mlabwired_core::cpu::cortex_m[0m[2m:[0m Internal: Unhandled 32-bit: eb00 1010
[2m2026-02-13T16:47:51.819975Z[0m [33m WARN[0m [2mlabwired_core::cpu::cortex_m[0m[2m:[0m Internal: Unhandled 32-bit: eb00 1010
[2m2026-02-13T16:47:51.820173Z[0m [33m WARN[0m [2mlabwired_core::cpu::cortex_m[0m[2m:[0m Internal: Unhandled 32-bit: eb00 1010
[2m2026-02-13T16:47:51.820355Z[0m [33m WARN[0m [2mlabwired_core::cpu::cortex_m[0m[2m:[0m Internal: Unhandled 32-bit: eb00 1010
[2m2026-02-13T16:47:51.820561Z[0m [33m WARN[0m [2mlabwired_core::cpu::cortex_m[0m[2m:[0m Internal: Unhandled 32-bit: eb00 1010
[2m2026-02-13T16:47:51.820760Z[0m [33m WARN[0m [2mlabwired_core::cpu::cortex_m[0m[2m:[0m Internal: Unhandled 32-bit: eb00 1010
[2m2026-02-13T16:47:51.820996Z[0m [33m WARN[0m [2mlabwired_core::cpu::cortex_m[0m[2m:[0m Internal: Unhandled 32-bit: eb00 1010
[2m2026-02-13T16:47:51.821191Z[0m [33m WARN[0m [2mlabwired_core::cpu::cortex_m[0m[2m:[0m Internal: Unhandled 32-bit: eb00 1010
[2m2026-02-13T16:47:51.821369Z[0m [33m WARN[0m [2mlabwired_core::cpu::cortex_m[0m[2m:[0m Internal: Unhandled 32-bit: eb00 1010
[2m2026-02-13T16:47:51.821541Z[0m [33m WARN[0m [2mlabwired_core::cpu::cortex_m[0m[2m:[0m Internal: Unhandled 32-bit: eb00 1010
[2m2026-02-13T16:47:51.821713Z[0m [33m WARN[0m [2mlabwired_core::cpu::cortex_m[0m[2m:[0m Internal: Unhandled 32-bit: eb00 1010
[2m2026-02-13T16:47:51.821896Z[0m [33m WARN[0m [2mlabwired_core::cpu::cortex_m[0m[2m:[0m Internal: Unhandled 32-bit: eb00 1010
[2m2026-02-13T16:47:51.822147Z[0m [33m WARN[0m [2mlabwired_core::cpu::cortex_m[0m[2m:[0m Internal: Unhandled 32-bit: eb00 1010
[2m2026-02-13T16:47:51.822341Z[0m [33m WARN[0m [2mlabwired_core::cpu::cortex_m[0m[2m:[0m Internal: Unhandled 32-bit: eb00 1010
[2m2026-02-13T16:47:51.822513Z[0m [33m WARN[0m [2mlabwired_core::cpu::cortex_m[0m[2m:[0m Internal: Unhandled 32-bit: eb00 1010
[2m2026-02-13T16:47:51.822802Z[0m [33m WARN[0m [2mlabwired_core::cpu::cortex_m[0m[2m:[0m Internal: Unhandled 32-bit: eb00 1010
[2m2026-02-13T16:47:51.822981Z[0m [33m WARN[0m [2mlabwired_core::cpu::cortex_m[0m[2m:[0m Internal: Unhandled 32-bit: eb00 1010
[2m2026-02-13T16:47:51.823155Z[0m [33m WARN[0m [2mlabwired_core::cpu::cortex_m[0m[2m:[0m Internal: Unhandled 32-bit: eb00 1010
[2m2026-02-13T16:47:51.823325Z[0m [33m WARN[0m [2mlabwired_core::cpu::cortex_m[0m[2m:[0m Internal: Unhandled 32-bit: eb00 1010
[2m2026-02-13T16:47:51.823500Z[0m [33m WARN[0m [2mlabwired_core::cpu::cortex_m[0m[2m:[0m Internal: Unhandled 32-bit: eb00 1010
[2m2026-02-13T16:47:51.823741Z[0m [33m WARN[0m [2mlabwired_core::cpu::cortex_m[0m[2m:[0m Internal: Unhandled 32-bit: eb00 1010
[2m2026-02-13T16:47:51.823943Z[0m [33m WARN[0m [2mlabwired_core::cpu::cortex_m[0m[2m:[0m Internal: Unhandled 32-bit: eb00 1010
[2m2026-02-13T16:47:51.824114Z[0m [33m WARN[0m [2mlabwired_core::cpu::cortex_m[0m[2m:[0m Internal: Unhandled 32-bit: eb00 1010
[2m2026-02-13T16:47:51.824266Z[0m [33m WARN[0m [2mlabwired_core::cpu::cortex_m[0m[2m:[0m Internal: Unhandled 32-bit: eb00 1010
[2m2026-02-13T16:47:51.824403Z[0m [33m WARN[0m [2mlabwired_core::cpu::cortex_m[0m[2m:[0m Internal: Unhandled 32-bit: eb00 1010
[2m2026-02-13T16:47:51.824650Z[0m [33m WARN[0m [2mlabwired_core::cpu::cortex_m[0m[2m:[0m Internal: Unhandled 32-bit: eb00 1010
[2m2026-02-13T16:47:51.824842Z[0m [33m WARN[0m [2mlabwired_core::cpu::cortex_m[0m[2m:[0m Internal: Unhandled 32-bit: eb00 1010
[2m2026-02-13T16:47:51.825025Z[0m [33m WARN[0m [2mlabwired_core::cpu::cortex_m[0m[2m:[0m Internal: Unhandled 32-bit: eb00 1010
[2m2026-02-13T16:47:51.825204Z[0m [33m WARN[0m [2mlabwired_core::cpu::cortex_m[0m[2m:[0m Internal: Unhandled 32-bit: eb00 1010
[2m2026-02-13T16:47:51.825383Z[0m [33m WARN[0m [2mlabwired_core::cpu::cortex_m[0m[2m:[0m Internal: Unhandled 32-bit: eb00 1010
[2m2026-02-13T16:47:51.825640Z[0m [33m WARN[0m [2mlabwired_core::cpu::cortex_m[0m[2m:[0m Internal: Unhandled 32-bit: eb00 1010
[2m2026-02-13T16:47:51.825819Z[0m [33m WARN[0m [2mlabwired_core::cpu::cortex_m[0m[2m:[0m Internal: Unhandled 32-bit: eb00 1010
[2m2026-02-13T16:47:51.826012Z[0m [33m WARN[0m [2mlabwired_core::cpu::cortex_m[0m[2m:[0m Internal: Unhandled 32-bit: eb00 1010
[2m2026-02-13T16:47:51.826183Z[0m [33m WARN[0m [2mlabwired_core::cpu::cortex_m[0m[2m:[0m Internal: Unhandled 32-bit: eb00 1010
[2m2026-02-13T16:47:51.826354Z[0m [33m WARN[0m [2mlabwired_core::cpu::cortex_m[0m[2m:[0m Internal: Unhandled 32-bit: eb00 1010
[2m2026-02-13T16:47:51.826546Z[0m [33m WARN[0m [2mlabwired_core::cpu::cortex_m[0m[2m:[0m Internal: Unhandled 32-bit: eb00 1010
[2m2026-02-13T16:47:51.826908Z[0m [33m WARN[0m [2mlabwired_core::cpu::cortex_m[0m[2m:[0m Internal: Unhandled 32-bit: eb00 1010
[2m2026-02-13T16:47:51.827084Z[0m [33m WARN[0m [2mlabwired_core::cpu::cortex_m[0m[2m:[0m Internal: Unhandled 32-bit: eb00 1010
[2m2026-02-13T16:47:51.827257Z[0m [33m WARN[0m [2mlabwired_core::cpu::cortex_m[0m[2m:[0m Internal: Unhandled 32-bit: eb00 1010
[2m2026-02-13T16:47:51.827430Z[0m [33m WARN[0m [2mlabwired_core::cpu::cortex_m[0m[2m:[0m Internal: Unhandled 32-bit: eb00 1010
[2m2026-02-13T16:47:51.827639Z[0m [33m WARN[0m [2mlabwired_core::cpu::cortex_m[0m[2m:[0m Internal: Unhandled 32-bit: eb00 1010
[2m2026-02-13T16:47:51.827831Z[0m [33m WARN[0m [2mlabwired_core::cpu::cortex_m[0m[2m:[0m Internal: Unhandled 32-bit: eb00 1010
[2m2026-02-13T16:47:51.828073Z[0m [33m WARN[0m [2mlabwired_core::cpu::cortex_m[0m[2m:[0m Internal: Unhandled 32-bit: eb00 1010
[2m2026-02-13T16:47:51.828250Z[0m [33m WARN[0m [2mlabwired_core::cpu::cortex_m[0m[2m:[0m Internal: Unhandled 32-bit: eb00 1010
[2m2026-02-13T16:47:51.828429Z[0m [33m WARN[0m [2mlabwired_core::cpu::cortex_m[0m[2m:[0m Internal: Unhandled 32-bit: eb00 1010
[2m2026-02-13T16:47:51.828618Z[0m [33m WARN[0m [2mlabwired_core::cpu::cortex_m[0m[2m:[0m Internal: Unhandled 32-bit: eb00 1010
[2m2026-02-13T16:47:51.828815Z[0m [33m WARN[0m [2mlabwired_core::cpu::cortex_m[0m[2m:[0m Internal: Unhandled 32-bit: eb00 1010
[2m2026-02-13T16:47:51.829049Z[0m [33m WARN[0m [2mlabwired_core::cpu::cortex_m[0m[2m:[0m Internal: Unhandled 32-bit: eb00 1010
[2m2026-02-13T16:47:51.829229Z[0m [33m WARN[0m [2mlabwired_core::cpu::cortex_m[0m[2m:[0m Internal: Unhandled 32-bit: eb00 1010
[2m2026-02-13T16:47:51.829403Z[0m [33m WARN[0m [2mlabwired_core::cpu::cortex_m[0m[2m:[0m Internal: Unhandled 32-bit: eb00 1010
[2m2026-02-13T16:47:51.829735Z[0m [33m WARN[0m [2mlabwired_core::cpu::cortex_m[0m[2m:[0m Internal: Unhandled 32-bit: eb00 1010
[2m2026-02-13T16:47:51.880670Z[0m [32m INFO[0m [2mlabwired_dap::server[0m[2m:[0m DAP OUT: {"seq":7,"type":"event","event":"output","body":{"category":"stdout","output":"H563-IO\nPB0=1 PF4=1 PG4=1 BTN13=0\nPB0=0 PF4=0 PG4=0 BTN13=0\n"}}
[2m2026-02-13T16:47:51.880868Z[0m [32m INFO[0m [2mlabwired_dap::server[0m[2m:[0m DAP OUT: {"seq":8,"type":"event","event":"telemetry","body":{"board_io":[{"active":false,"id":"led_green_pb0","kind":"led","signal":"output"},{"active":false,"id":"led_orange_pf4","kind":"led","signal":"output"},{"active":false,"id":"led_red_pg4","kind":"led","signal":"output"},{"active":false,"id":"button_blue_pc13","kind":"button","signal":"input"}],"cycles":50000,"mips":0.4318703603951248,"pc":134218466,"registers":{"LR":134217953,"PC":134218466,"R0":0,"R1":134219108,"R10":0,"R11":0,"R12":0,"R2":134219268,"R3":0,"R4":0,"R5":0,"R6":0,"R7":537526264,"R8":0,"R9":0,"SP":537526248}}}
Telemetry: Cycles=50000, PC=0x80002e2
[2m2026-02-13T16:47:51.946005Z[0m [32m INFO[0m [2mlabwired_core::cpu::cortex_m[0m[2m:[0m CPU STEP 100000: PC=0x80002e2
[2m2026-02-13T16:47:52.007619Z[0m [32m INFO[0m [2mlabwired_dap::server[0m[2m:[0m DAP OUT: {"seq":9,"type":"event","event":"telemetry","body":{"board_io":[{"active":false,"id":"led_green_pb0","kind":"led","signal":"output"},{"active":false,"id":"led_orange_pf4","kind":"led","signal":"output"},{"active":false,"id":"led_red_pg4","kind":"led","signal":"output"},{"active":false,"id":"button_blue_pc13","kind":"button","signal":"input"}],"cycles":150000,"mips":0.7890259431335589,"pc":134218466,"registers":{"LR":134217953,"PC":134218466,"R0":0,"R1":134219108,"R10":0,"R11":0,"R12":0,"R2":134219268,"R3":0,"R4":0,"R5":0,"R6":0,"R7":537526264,"R8":0,"R9":0,"SP":537526248}}}
Telemetry: Cycles=150000, PC=0x80002e2
[2m2026-02-13T16:47:52.068777Z[0m [32m INFO[0m [2mlabwired_core::cpu::cortex_m[0m[2m:[0m CPU STEP 200000: PC=0x80002e2
[2m2026-02-13T16:47:52.141593Z[0m [32m INFO[0m [2mlabwired_dap::server[0m[2m:[0m DAP OUT: {"seq":10,"type":"event","event":"telemetry","body":{"board_io":[{"active":false,"id":"led_green_pb0","kind":"led","signal":"output"},{"active":false,"id":"led_orange_pf4","kind":"led","signal":"output"},{"active":false,"id":"led_red_pg4","kind":"led","signal":"output"},{"active":false,"id":"button_blue_pc13","kind":"button","signal":"input"}],"cycles":250000,"mips":0.7467586864538601,"pc":134218466,"registers":{"LR":134217953,"PC":134218466,"R0":0,"R1":134219108,"R10":0,"R11":0,"R12":0,"R2":134219268,"R3":0,"R4":0,"R5":0,"R6":0,"R7":537526264,"R8":0,"R9":0,"SP":537526248}}}
Telemetry: Cycles=250000, PC=0x80002e2
[2m2026-02-13T16:47:52.207879Z[0m [32m INFO[0m [2mlabwired_core::cpu::cortex_m[0m[2m:[0m CPU STEP 300000: PC=0x80002e2
[2m2026-02-13T16:47:52.266356Z[0m [32m INFO[0m [2mlabwired_dap::server[0m[2m:[0m DAP OUT: {"seq":11,"type":"event","event":"telemetry","body":{"board_io":[{"active":false,"id":"led_green_pb0","kind":"led","signal":"output"},{"active":false,"id":"led_orange_pf4","kind":"led","signal":"output"},{"active":false,"id":"led_red_pg4","kind":"led","signal":"output"},{"active":false,"id":"button_blue_pc13","kind":"button","signal":"input"}],"cycles":350000,"mips":0.8012539881315535,"pc":134218466,"registers":{"LR":134217953,"PC":134218466,"R0":0,"R1":134219108,"R10":0,"R11":0,"R12":0,"R2":134219268,"R3":0,"R4":0,"R5":0,"R6":0,"R7":537526264,"R8":0,"R9":0,"SP":537526248}}}
Telemetry: Cycles=350000, PC=0x80002e2
[2m2026-02-13T16:47:52.324552Z[0m [32m INFO[0m [2mlabwired_core::cpu::cortex_m[0m[2m:[0m CPU STEP 400000: PC=0x80002e2
[2m2026-02-13T16:47:52.386441Z[0m [32m INFO[0m [2mlabwired_dap::server[0m[2m:[0m DAP OUT: {"seq":12,"type":"event","event":"telemetry","body":{"board_io":[{"active":false,"id":"led_green_pb0","kind":"led","signal":"output"},{"active":false,"id":"led_orange_pf4","kind":"led","signal":"output"},{"active":false,"id":"led_red_pg4","kind":"led","signal":"output"},{"active":false,"id":"button_blue_pc13","kind":"button","signal":"input"}],"cycles":450000,"mips":0.8324890714789019,"pc":134218466,"registers":{"LR":134217953,"PC":134218466,"R0":0,"R1":134219108,"R10":0,"R11":0,"R12":0,"R2":134219268,"R3":0,"R4":0,"R5":0,"R6":0,"R7":537526264,"R8":0,"R9":0,"SP":537526248}}}
Telemetry: Cycles=450000, PC=0x80002e2
[2m2026-02-13T16:47:52.445137Z[0m [32m INFO[0m [2mlabwired_core::cpu::cortex_m[0m[2m:[0m CPU STEP 500000: PC=0x80002e2
[2m2026-02-13T16:47:52.505658Z[0m [32m INFO[0m [2mlabwired_dap::server[0m[2m:[0m DAP OUT: {"seq":13,"type":"event","event":"telemetry","body":{"board_io":[{"active":false,"id":"led_green_pb0","kind":"led","signal":"output"},{"active":false,"id":"led_orange_pf4","kind":"led","signal":"output"},{"active":false,"id":"led_red_pg4","kind":"led","signal":"output"},{"active":false,"id":"button_blue_pc13","kind":"button","signal":"input"}],"cycles":550000,"mips":0.8390045777851673,"pc":134218466,"registers":{"LR":134217953,"PC":134218466,"R0":0,"R1":134219108,"R10":0,"R11":0,"R12":0,"R2":134219268,"R3":0,"R4":0,"R5":0,"R6":0,"R7":537526264,"R8":0,"R9":0,"SP":537526248}}}
Telemetry: Cycles=550000, PC=0x80002e2
[2m2026-02-13T16:47:52.568037Z[0m [32m INFO[0m [2mlabwired_core::cpu::cortex_m[0m[2m:[0m CPU STEP 600000: PC=0x80002e2
[2m2026-02-13T16:47:52.636647Z[0m [32m INFO[0m [2mlabwired_dap::server[0m[2m:[0m DAP OUT: {"seq":14,"type":"event","event":"telemetry","body":{"board_io":[{"active":false,"id":"led_green_pb0","kind":"led","signal":"output"},{"active":false,"id":"led_orange_pf4","kind":"led","signal":"output"},{"active":false,"id":"led_red_pg4","kind":"led","signal":"output"},{"active":false,"id":"button_blue_pc13","kind":"button","signal":"input"}],"cycles":650000,"mips":0.7632371093087503,"pc":134218466,"registers":{"LR":134217953,"PC":134218466,"R0":0,"R1":134219108,"R10":0,"R11":0,"R12":0,"R2":134219268,"R3":0,"R4":0,"R5":0,"R6":0,"R7":537526264,"R8":0,"R9":0,"SP":537526248}}}
Telemetry: Cycles=650000, PC=0x80002e2
[2m2026-02-13T16:47:52.696385Z[0m [32m INFO[0m [2mlabwired_core::cpu::cortex_m[0m[2m:[0m CPU STEP 700000: PC=0x80002e2
[2m2026-02-13T16:47:52.767293Z[0m [32m INFO[0m [2mlabwired_dap::server[0m[2m:[0m DAP OUT: {"seq":15,"type":"event","event":"telemetry","body":{"board_io":[{"active":false,"id":"led_green_pb0","kind":"led","signal":"output"},{"active":false,"id":"led_orange_pf4","kind":"led","signal":"output"},{"active":false,"id":"led_red_pg4","kind":"led","signal":"output"},{"active":false,"id":"button_blue_pc13","kind":"button","signal":"input"}],"cycles":750000,"mips":0.7654955161942184,"pc":134218466,"registers":{"LR":134217953,"PC":134218466,"R0":0,"R1":134219108,"R10":0,"R11":0,"R12":0,"R2":134219268,"R3":0,"R4":0,"R5":0,"R6":0,"R7":537526264,"R8":0,"R9":0,"SP":537526248}}}
Telemetry: Cycles=750000, PC=0x80002e2
[2m2026-02-13T16:47:52.828807Z[0m [32m INFO[0m [2mlabwired_core::cpu::cortex_m[0m[2m:[0m CPU STEP 800000: PC=0x80002e2
[2m2026-02-13T16:47:52.898255Z[0m [32m INFO[0m [2mlabwired_dap::server[0m[2m:[0m DAP OUT: {"seq":16,"type":"event","event":"telemetry","body":{"board_io":[{"active":false,"id":"led_green_pb0","kind":"led","signal":"output"},{"active":false,"id":"led_orange_pf4","kind":"led","signal":"output"},{"active":false,"id":"led_red_pg4","kind":"led","signal":"output"},{"active":false,"id":"button_blue_pc13","kind":"button","signal":"input"}],"cycles":850000,"mips":0.763537254001945,"pc":134218466,"registers":{"LR":134217953,"PC":134218466,"R0":0,"R1":134219108,"R10":0,"R11":0,"R12":0,"R2":134219268,"R3":0,"R4":0,"R5":0,"R6":0,"R7":537526264,"R8":0,"R9":0,"SP":537526248}}}
Telemetry: Cycles=850000, PC=0x80002e2
[2m2026-02-13T16:47:52.960758Z[0m [32m INFO[0m [2mlabwired_core::cpu::cortex_m[0m[2m:[0m CPU STEP 900000: PC=0x80002e2
[2m2026-02-13T16:47:53.018822Z[0m [32m INFO[0m [2mlabwired_dap::server[0m[2m:[0m DAP OUT: {"seq":17,"type":"event","event":"telemetry","body":{"board_io":[{"active":false,"id":"led_green_pb0","kind":"led","signal":"output"},{"active":false,"id":"led_orange_pf4","kind":"led","signal":"output"},{"active":false,"id":"led_red_pg4","kind":"led","signal":"output"},{"active":false,"id":"button_blue_pc13","kind":"button","signal":"input"}],"cycles":950000,"mips":0.8294520369442582,"pc":134218466,"registers":{"LR":134217953,"PC":134218466,"R0":0,"R1":134219108,"R10":0,"R11":0,"R12":0,"R2":134219268,"R3":0,"R4":0,"R5":0,"R6":0,"R7":537526264,"R8":0,"R9":0,"SP":537526248}}}
Telemetry: Cycles=950000, PC=0x80002e2
[2m2026-02-13T16:47:53.081782Z[0m [32m INFO[0m [2mlabwired_core::cpu::cortex_m[0m[2m:[0m CPU STEP 1000000: PC=0x80002e2
[2m2026-02-13T16:47:53.147174Z[0m [32m INFO[0m [2mlabwired_dap::server[0m[2m:[0m DAP OUT: {"seq":18,"type":"event","event":"telemetry","body":{"board_io":[{"active":false,"id":"led_green_pb0","kind":"led","signal":"output"},{"active":false,"id":"led_orange_pf4","kind":"led","signal":"output"},{"active":false,"id":"led_red_pg4","kind":"led","signal":"output"},{"active":false,"id":"button_blue_pc13","kind":"button","signal":"input"}],"cycles":1050000,"mips":0.779120420415872,"pc":134218466,"registers":{"LR":134217953,"PC":134218466,"R0":0,"R1":134219108,"R10":0,"R11":0,"R12":0,"R2":134219268,"R3":0,"R4":0,"R5":0,"R6":0,"R7":537526264,"R8":0,"R9":0,"SP":537526248}}}
Telemetry: Cycles=1050000, PC=0x80002e2
[2m2026-02-13T16:47:53.208465Z[0m [32m INFO[0m [2mlabwired_core::cpu::cortex_m[0m[2m:[0m CPU STEP 1100000: PC=0x80002e2
[2m2026-02-13T16:47:53.276406Z[0m [32m INFO[0m [2mlabwired_dap::server[0m[2m:[0m DAP OUT: {"seq":19,"type":"event","event":"telemetry","body":{"board_io":[{"active":false,"id":"led_green_pb0","kind":"led","signal":"output"},{"active":false,"id":"led_orange_pf4","kind":"led","signal":"output"},{"active":false,"id":"led_red_pg4","kind":"led","signal":"output"},{"active":false,"id":"button_blue_pc13","kind":"button","signal":"input"}],"cycles":1150000,"mips":0.7737448921617817,"pc":134218466,"registers":{"LR":134217953,"PC":134218466,"R0":0,"R1":134219108,"R10":0,"R11":0,"R12":0,"R2":134219268,"R3":0,"R4":0,"R5":0,"R6":0,"R7":537526264,"R8":0,"R9":0,"SP":537526248}}}
Telemetry: Cycles=1150000, PC=0x80002e2
[2m2026-02-13T16:47:53.342809Z[0m [32m INFO[0m [2mlabwired_core::cpu::cortex_m[0m[2m:[0m CPU STEP 1200000: PC=0x80002e2
[2m2026-02-13T16:47:53.402772Z[0m [32m INFO[0m [2mlabwired_dap::server[0m[2m:[0m DAP OUT: {"seq":20,"type":"event","event":"telemetry","body":{"board_io":[{"active":false,"id":"led_green_pb0","kind":"led","signal":"output"},{"active":false,"id":"led_orange_pf4","kind":"led","signal":"output"},{"active":false,"id":"led_red_pg4","kind":"led","signal":"output"},{"active":false,"id":"button_blue_pc13","kind":"button","signal":"input"}],"cycles":1250000,"mips":0.7915485287083808,"pc":134218466,"registers":{"LR":134217953,"PC":134218466,"R0":0,"R1":134219108,"R10":0,"R11":0,"R12":0,"R2":134219268,"R3":0,"R4":0,"R5":0,"R6":0,"R7":537526264,"R8":0,"R9":0,"SP":537526248}}}
Telemetry: Cycles=1250000, PC=0x80002e2
[2m2026-02-13T16:47:53.465064Z[0m [32m INFO[0m [2mlabwired_core::cpu::cortex_m[0m[2m:[0m CPU STEP 1300000: PC=0x80002e2
[2m2026-02-13T16:47:53.524055Z[0m [32m INFO[0m [2mlabwired_dap::server[0m[2m:[0m DAP OUT: {"seq":21,"type":"event","event":"telemetry","body":{"board_io":[{"active":false,"id":"led_green_pb0","kind":"led","signal":"output"},{"active":false,"id":"led_orange_pf4","kind":"led","signal":"output"},{"active":false,"id":"led_red_pg4","kind":"led","signal":"output"},{"active":false,"id":"button_blue_pc13","kind":"button","signal":"input"}],"cycles":1350000,"mips":0.8244879177685432,"pc":134218466,"registers":{"LR":134217953,"PC":134218466,"R0":0,"R1":134219108,"R10":0,"R11":0,"R12":0,"R2":134219268,"R3":0,"R4":0,"R5":0,"R6":0,"R7":537526264,"R8":0,"R9":0,"SP":537526248}}}
Telemetry: Cycles=1350000, PC=0x80002e2
[2m2026-02-13T16:47:53.586637Z[0m [32m INFO[0m [2mlabwired_core::cpu::cortex_m[0m[2m:[0m CPU STEP 1400000: PC=0x80002e2
[2m2026-02-13T16:47:53.658841Z[0m [32m INFO[0m [2mlabwired_dap::server[0m[2m:[0m DAP OUT: {"seq":22,"type":"event","event":"telemetry","body":{"board_io":[{"active":false,"id":"led_green_pb0","kind":"led","signal":"output"},{"active":false,"id":"led_orange_pf4","kind":"led","signal":"output"},{"active":false,"id":"led_red_pg4","kind":"led","signal":"output"},{"active":false,"id":"button_blue_pc13","kind":"button","signal":"input"}],"cycles":1450000,"mips":0.7418992356316041,"pc":134218466,"registers":{"LR":134217953,"PC":134218466,"R0":0,"R1":134219108,"R10":0,"R11":0,"R12":0,"R2":134219268,"R3":0,"R4":0,"R5":0,"R6":0,"R7":537526264,"R8":0,"R9":0,"SP":537526248}}}
Telemetry: Cycles=1450000, PC=0x80002e2
[2m2026-02-13T16:47:53.724206Z[0m [32m INFO[0m [2mlabwired_core::cpu::cortex_m[0m[2m:[0m CPU STEP 1500000: PC=0x80002e2
[2m2026-02-13T16:47:53.788363Z[0m [32m INFO[0m [2mlabwired_dap::server[0m[2m:[0m DAP OUT: {"seq":23,"type":"event","event":"telemetry","body":{"board_io":[{"active":false,"id":"led_green_pb0","kind":"led","signal":"output"},{"active":false,"id":"led_orange_pf4","kind":"led","signal":"output"},{"active":false,"id":"led_red_pg4","kind":"led","signal":"output"},{"active":false,"id":"button_blue_pc13","kind":"button","signal":"input"}],"cycles":1550000,"mips":0.7722713381215753,"pc":134218466,"registers":{"LR":134217953,"PC":134218466,"R0":0,"R1":134219108,"R10":0,"R11":0,"R12":0,"R2":134219268,"R3":0,"R4":0,"R5":0,"R6":0,"R7":537526264,"R8":0,"R9":0,"SP":537526248}}}
Telemetry: Cycles=1550000, PC=0x80002e2
[2m2026-02-13T16:47:53.851918Z[0m [32m INFO[0m [2mlabwired_core::cpu::cortex_m[0m[2m:[0m CPU STEP 1600000: PC=0x80002e2
[2m2026-02-13T16:47:53.917511Z[0m [32m INFO[0m [2mlabwired_dap::server[0m[2m:[0m DAP OUT: {"seq":24,"type":"event","event":"telemetry","body":{"board_io":[{"active":false,"id":"led_green_pb0","kind":"led","signal":"output"},{"active":false,"id":"led_orange_pf4","kind":"led","signal":"output"},{"active":false,"id":"led_red_pg4","kind":"led","signal":"output"},{"active":false,"id":"button_blue_pc13","kind":"button","signal":"input"}],"cycles":1650000,"mips":0.7739421000912695,"pc":134218466,"registers":{"LR":134217953,"PC":134218466,"R0":0,"R1":134219108,"R10":0,"R11":0,"R12":0,"R2":134219268,"R3":0,"R4":0,"R5":0,"R6":0,"R7":537526264,"R8":0,"R9":0,"SP":537526248}}}
Telemetry: Cycles=1650000, PC=0x80002e2
[2m2026-02-13T16:47:53.977978Z[0m [32m INFO[0m [2mlabwired_core::cpu::cortex_m[0m[2m:[0m CPU STEP 1700000: PC=0x80002e2
[2m2026-02-13T16:47:54.040183Z[0m [32m INFO[0m [2mlabwired_dap::server[0m[2m:[0m DAP OUT: {"seq":25,"type":"event","event":"telemetry","body":{"board_io":[{"active":false,"id":"led_green_pb0","kind":"led","signal":"output"},{"active":false,"id":"led_orange_pf4","kind":"led","signal":"output"},{"active":false,"id":"led_red_pg4","kind":"led","signal":"output"},{"active":false,"id":"button_blue_pc13","kind":"button","signal":"input"}],"cycles":1750000,"mips":0.8155213347761645,"pc":134218466,"registers":{"LR":134217953,"PC":134218466,"R0":0,"R1":134219108,"R10":0,"R11":0,"R12":0,"R2":134219268,"R3":0,"R4":0,"R5":0,"R6":0,"R7":537526264,"R8":0,"R9":0,"SP":537526248}}}
Telemetry: Cycles=1750000, PC=0x80002e2
[2m2026-02-13T16:47:54.102545Z[0m [32m INFO[0m [2mlabwired_core::cpu::cortex_m[0m[2m:[0m CPU STEP 1800000: PC=0x80002e2
[2m2026-02-13T16:47:54.165188Z[0m [32m INFO[0m [2mlabwired_dap::server[0m[2m:[0m DAP OUT: {"seq":26,"type":"event","event":"telemetry","body":{"board_io":[{"active":false,"id":"led_green_pb0","kind":"led","signal":"output"},{"active":false,"id":"led_orange_pf4","kind":"led","signal":"output"},{"active":false,"id":"led_red_pg4","kind":"led","signal":"output"},{"active":false,"id":"button_blue_pc13","kind":"button","signal":"input"}],"cycles":1850000,"mips":0.7997132100474657,"pc":134218466,"registers":{"LR":134217953,"PC":134218466,"R0":0,"R1":134219108,"R10":0,"R11":0,"R12":0,"R2":134219268,"R3":0,"R4":0,"R5":0,"R6":0,"R7":537526264,"R8":0,"R9":0,"SP":537526248}}}
Telemetry: Cycles=1850000, PC=0x80002e2
[2m2026-02-13T16:47:54.227796Z[0m [32m INFO[0m [2mlabwired_core::cpu::cortex_m[0m[2m:[0m CPU STEP 1900000: PC=0x80002e2
[2m2026-02-13T16:47:54.291332Z[0m [32m INFO[0m [2mlabwired_dap::server[0m[2m:[0m DAP OUT: {"seq":27,"type":"event","event":"telemetry","body":{"board_io":[{"active":false,"id":"led_green_pb0","kind":"led","signal":"output"},{"active":false,"id":"led_orange_pf4","kind":"led","signal":"output"},{"active":false,"id":"led_red_pg4","kind":"led","signal":"output"},{"active":false,"id":"button_blue_pc13","kind":"button","signal":"input"}],"cycles":1950000,"mips":0.79268722570743,"pc":134218466,"registers":{"LR":134217953,"PC":134218466,"R0":0,"R1":134219108,"R10":0,"R11":0,"R12":0,"R2":134219268,"R3":0,"R4":0,"R5":0,"R6":0,"R7":537526264,"R8":0,"R9":0,"SP":537526248}}}
Telemetry: Cycles=1950000, PC=0x80002e2
[2m2026-02-13T16:47:54.350800Z[0m [32m INFO[0m [2mlabwired_core::cpu::cortex_m[0m[2m:[0m CPU STEP 2000000: PC=0x80002e2
[2m2026-02-13T16:47:54.411166Z[0m [32m INFO[0m [2mlabwired_dap::server[0m[2m:[0m DAP OUT: {"seq":28,"type":"event","event":"telemetry","body":{"board_io":[{"active":false,"id":"led_green_pb0","kind":"led","signal":"output"},{"active":false,"id":"led_orange_pf4","kind":"led","signal":"output"},{"active":false,"id":"led_red_pg4","kind":"led","signal":"output"},{"active":false,"id":"button_blue_pc13","kind":"button","signal":"input"}],"cycles":2050000,"mips":0.8344934600497187,"pc":134218466,"registers":{"LR":134217953,"PC":134218466,"R0":0,"R1":134219108,"R10":0,"R11":0,"R12":0,"R2":134219268,"R3":0,"R4":0,"R5":0,"R6":0,"R7":537526264,"R8":0,"R9":0,"SP":537526248}}}
Telemetry: Cycles=2050000, PC=0x80002e2
[2m2026-02-13T16:47:54.472988Z[0m [32m INFO[0m [2mlabwired_core::cpu::cortex_m[0m[2m:[0m CPU STEP 2100000: PC=0x80002e2
[2m2026-02-13T16:47:54.532544Z[0m [32m INFO[0m [2mlabwired_dap::server[0m[2m:[0m DAP OUT: {"seq":29,"type":"event","event":"telemetry","body":{"board_io":[{"active":false,"id":"led_green_pb0","kind":"led","signal":"output"},{"active":false,"id":"led_orange_pf4","kind":"led","signal":"output"},{"active":false,"id":"led_red_pg4","kind":"led","signal":"output"},{"active":false,"id":"button_blue_pc13","kind":"button","signal":"input"}],"cycles":2150000,"mips":0.823859932738757,"pc":134218466,"registers":{"LR":134217953,"PC":134218466,"R0":0,"R1":134219108,"R10":0,"R11":0,"R12":0,"R2":134219268,"R3":0,"R4":0,"R5":0,"R6":0,"R7":537526264,"R8":0,"R9":0,"SP":537526248}}}
Telemetry: Cycles=2150000, PC=0x80002e2
[2m2026-02-13T16:47:54.591181Z[0m [32m INFO[0m [2mlabwired_core::cpu::cortex_m[0m[2m:[0m CPU STEP 2200000: PC=0x80002e2
[2m2026-02-13T16:47:54.653121Z[0m [32m INFO[0m [2mlabwired_dap::server[0m[2m:[0m DAP OUT: {"seq":30,"type":"event","event":"telemetry","body":{"board_io":[{"active":false,"id":"led_green_pb0","kind":"led","signal":"output"},{"active":false,"id":"led_orange_pf4","kind":"led","signal":"output"},{"active":false,"id":"led_red_pg4","kind":"led","signal":"output"},{"active":false,"id":"button_blue_pc13","kind":"button","signal":"input"}],"cycles":2250000,"mips":0.829445569882274,"pc":134218466,"registers":{"LR":134217953,"PC":134218466,"R0":0,"R1":134219108,"R10":0,"R11":0,"R12":0,"R2":134219268,"R3":0,"R4":0,"R5":0,"R6":0,"R7":537526264,"R8":0,"R9":0,"SP":537526248}}}
Telemetry: Cycles=2250000, PC=0x80002e2
[2m2026-02-13T16:47:54.713904Z[0m [32m INFO[0m [2mlabwired_core::cpu::cortex_m[0m[2m:[0m CPU STEP 2300000: PC=0x80002e2
[2m2026-02-13T16:47:54.778002Z[0m [32m INFO[0m [2mlabwired_dap::server[0m[2m:[0m DAP OUT: {"seq":31,"type":"event","event":"telemetry","body":{"board_io":[{"active":false,"id":"led_green_pb0","kind":"led","signal":"output"},{"active":false,"id":"led_orange_pf4","kind":"led","signal":"output"},{"active":false,"id":"led_red_pg4","kind":"led","signal":"output"},{"active":false,"id":"button_blue_pc13","kind":"button","signal":"input"}],"cycles":2350000,"mips":0.8013081580045709,"pc":134218466,"registers":{"LR":134217953,"PC":134218466,"R0":0,"R1":134219108,"R10":0,"R11":0,"R12":0,"R2":134219268,"R3":0,"R4":0,"R5":0,"R6":0,"R7":537526264,"R8":0,"R9":0,"SP":537526248}}}
Telemetry: Cycles=2350000, PC=0x80002e2
[2m2026-02-13T16:47:54.841480Z[0m [32m INFO[0m [2mlabwired_core::cpu::cortex_m[0m[2m:[0m CPU STEP 2400000: PC=0x80002e2
[2m2026-02-13T16:47:54.899110Z[0m [32m INFO[0m [2mlabwired_dap::server[0m[2m:[0m DAP OUT: {"seq":32,"type":"event","event":"telemetry","body":{"board_io":[{"active":false,"id":"led_green_pb0","kind":"led","signal":"output"},{"active":false,"id":"led_orange_pf4","kind":"led","signal":"output"},{"active":false,"id":"led_red_pg4","kind":"led","signal":"output"},{"active":false,"id":"button_blue_pc13","kind":"button","signal":"input"}],"cycles":2450000,"mips":0.825031760628915,"pc":134218466,"registers":{"LR":134217953,"PC":134218466,"R0":0,"R1":134219108,"R10":0,"R11":0,"R12":0,"R2":134219268,"R3":0,"R4":0,"R5":0,"R6":0,"R7":537526264,"R8":0,"R9":0,"SP":537526248}}}
Telemetry: Cycles=2450000, PC=0x80002e2
[2m2026-02-13T16:47:54.956431Z[0m [32m INFO[0m [2mlabwired_core::cpu::cortex_m[0m[2m:[0m CPU STEP 2500000: PC=0x80002e2
[2m2026-02-13T16:47:55.013815Z[0m [32m INFO[0m [2mlabwired_dap::server[0m[2m:[0m DAP OUT: {"seq":33,"type":"event","event":"telemetry","body":{"board_io":[{"active":false,"id":"led_green_pb0","kind":"led","signal":"output"},{"active":false,"id":"led_orange_pf4","kind":"led","signal":"output"},{"active":false,"id":"led_red_pg4","kind":"led","signal":"output"},{"active":false,"id":"button_blue_pc13","kind":"button","signal":"input"}],"cycles":2550000,"mips":0.872094442944442,"pc":134218466,"registers":{"LR":134217953,"PC":134218466,"R0":0,"R1":134219108,"R10":0,"R11":0,"R12":0,"R2":134219268,"R3":0,"R4":0,"R5":0,"R6":0,"R7":537526264,"R8":0,"R9":0,"SP":537526248}}}
Telemetry: Cycles=2550000, PC=0x80002e2
[2m2026-02-13T16:47:55.071386Z[0m [32m INFO[0m [2mlabwired_core::cpu::cortex_m[0m[2m:[0m CPU STEP 2600000: PC=0x80002e2
[2m2026-02-13T16:47:55.129255Z[0m [32m INFO[0m [2mlabwired_dap::server[0m[2m:[0m DAP OUT: {"seq":34,"type":"event","event":"telemetry","body":{"board_io":[{"active":false,"id":"led_green_pb0","kind":"led","signal":"output"},{"active":false,"id":"led_orange_pf4","kind":"led","signal":"output"},{"active":false,"id":"led_red_pg4","kind":"led","signal":"output"},{"active":false,"id":"button_blue_pc13","kind":"button","signal":"input"}],"cycles":2650000,"mips":0.8660903349367929,"pc":134218466,"registers":{"LR":134217953,"PC":134218466,"R0":0,"R1":134219108,"R10":0,"R11":0,"R12":0,"R2":134219268,"R3":0,"R4":0,"R5":0,"R6":0,"R7":537526264,"R8":0,"R9":0,"SP":537526248}}}
Telemetry: Cycles=2650000, PC=0x80002e2
[2m2026-02-13T16:47:55.186519Z[0m [32m INFO[0m [2mlabwired_core::cpu::cortex_m[0m[2m:[0m CPU STEP 2700000: PC=0x80002e2
[2m2026-02-13T16:47:55.243914Z[0m [32m INFO[0m [2mlabwired_dap::server[0m[2m:[0m DAP OUT: {"seq":35,"type":"event","event":"telemetry","body":{"board_io":[{"active":false,"id":"led_green_pb0","kind":"led","signal":"output"},{"active":false,"id":"led_orange_pf4","kind":"led","signal":"output"},{"active":false,"id":"led_red_pg4","kind":"led","signal":"output"},{"active":false,"id":"button_blue_pc13","kind":"button","signal":"input"}],"cycles":2750000,"mips":0.872079095341425,"pc":134218466,"registers":{"LR":134217953,"PC":134218466,"R0":0,"R1":134219108,"R10":0,"R11":0,"R12":0,"R2":134219268,"R3":0,"R4":0,"R5":0,"R6":0,"R7":537526264,"R8":0,"R9":0,"SP":537526248}}}
Telemetry: Cycles=2750000, PC=0x80002e2
[2m2026-02-13T16:47:55.301813Z[0m [32m INFO[0m [2mlabwired_core::cpu::cortex_m[0m[2m:[0m CPU STEP 2800000: PC=0x80002e2
[2m2026-02-13T16:47:55.360043Z[0m [32m INFO[0m [2mlabwired_dap::server[0m[2m:[0m DAP OUT: {"seq":36,"type":"event","event":"telemetry","body":{"board_io":[{"active":false,"id":"led_green_pb0","kind":"led","signal":"output"},{"active":false,"id":"led_orange_pf4","kind":"led","signal":"output"},{"active":false,"id":"led_red_pg4","kind":"led","signal":"output"},{"active":false,"id":"button_blue_pc13","kind":"button","signal":"input"}],"cycles":2850000,"mips":0.8610554957758211,"pc":134218466,"registers":{"LR":134217953,"PC":134218466,"R0":0,"R1":134219108,"R10":0,"R11":0,"R12":0,"R2":134219268,"R3":0,"R4":0,"R5":0,"R6":0,"R7":537526264,"R8":0,"R9":0,"SP":537526248}}}
Telemetry: Cycles=2850000, PC=0x80002e2
[2m2026-02-13T16:47:55.417462Z[0m [32m INFO[0m [2mlabwired_core::cpu::cortex_m[0m[2m:[0m CPU STEP 2900000: PC=0x80002e2
[2m2026-02-13T16:47:55.475396Z[0m [32m INFO[0m [2mlabwired_dap::server[0m[2m:[0m DAP OUT: {"seq":37,"type":"event","event":"telemetry","body":{"board_io":[{"active":false,"id":"led_green_pb0","kind":"led","signal":"output"},{"active":false,"id":"led_orange_pf4","kind":"led","signal":"output"},{"active":false,"id":"led_red_pg4","kind":"led","signal":"output"},{"active":false,"id":"button_blue_pc13","kind":"button","signal":"input"}],"cycles":2950000,"mips":0.8668980735487596,"pc":134218466,"registers":{"LR":134217953,"PC":134218466,"R0":0,"R1":134219108,"R10":0,"R11":0,"R12":0,"R2":134219268,"R3":0,"R4":0,"R5":0,"R6":0,"R7":537526264,"R8":0,"R9":0,"SP":537526248}}}
Telemetry: Cycles=2950000, PC=0x80002e2
[2m2026-02-13T16:47:55.533015Z[0m [32m INFO[0m [2mlabwired_core::cpu::cortex_m[0m[2m:[0m CPU STEP 3000000: PC=0x80002e2
[2m2026-02-13T16:47:55.592657Z[0m [32m INFO[0m [2mlabwired_dap::server[0m[2m:[0m DAP OUT: {"seq":38,"type":"event","event":"telemetry","body":{"board_io":[{"active":false,"id":"led_green_pb0","kind":"led","signal":"output"},{"active":false,"id":"led_orange_pf4","kind":"led","signal":"output"},{"active":false,"id":"led_red_pg4","kind":"led","signal":"output"},{"active":false,"id":"button_blue_pc13","kind":"button","signal":"input"}],"cycles":3050000,"mips":0.8528038326641623,"pc":134218466,"registers":{"LR":134217953,"PC":134218466,"R0":0,"R1":134219108,"R10":0,"R11":0,"R12":0,"R2":134219268,"R3":0,"R4":0,"R5":0,"R6":0,"R7":537526264,"R8":0,"R9":0,"SP":537526248}}}
Telemetry: Cycles=3050000, PC=0x80002e2
[2m2026-02-13T16:47:55.652731Z[0m [32m INFO[0m [2mlabwired_core::cpu::cortex_m[0m[2m:[0m CPU STEP 3100000: PC=0x80002e2
[2m2026-02-13T16:47:55.713437Z[0m [32m INFO[0m [2mlabwired_dap::server[0m[2m:[0m DAP OUT: {"seq":39,"type":"event","event":"telemetry","body":{"board_io":[{"active":false,"id":"led_green_pb0","kind":"led","signal":"output"},{"active":false,"id":"led_orange_pf4","kind":"led","signal":"output"},{"active":false,"id":"led_red_pg4","kind":"led","signal":"output"},{"active":false,"id":"button_blue_pc13","kind":"button","signal":"input"}],"cycles":3150000,"mips":0.8280914111890801,"pc":134218466,"registers":{"LR":134217953,"PC":134218466,"R0":0,"R1":134219108,"R10":0,"R11":0,"R12":0,"R2":134219268,"R3":0,"R4":0,"R5":0,"R6":0,"R7":537526264,"R8":0,"R9":0,"SP":537526248}}}
Telemetry: Cycles=3150000, PC=0x80002e2
[2m2026-02-13T16:47:55.785190Z[0m [32m INFO[0m [2mlabwired_core::cpu::cortex_m[0m[2m:[0m CPU STEP 3200000: PC=0x80002e2
[2m2026-02-13T16:47:55.848198Z[0m [32m INFO[0m [2mlabwired_dap::server[0m[2m:[0m DAP OUT: {"seq":40,"type":"event","event":"telemetry","body":{"board_io":[{"active":false,"id":"led_green_pb0","kind":"led","signal":"output"},{"active":false,"id":"led_orange_pf4","kind":"led","signal":"output"},{"active":false,"id":"led_red_pg4","kind":"led","signal":"output"},{"active":false,"id":"button_blue_pc13","kind":"button","signal":"input"}],"cycles":3250000,"mips":0.741964878365357,"pc":134218466,"registers":{"LR":134217953,"PC":134218466,"R0":0,"R1":134219108,"R10":0,"R11":0,"R12":0,"R2":134219268,"R3":0,"R4":0,"R5":0,"R6":0,"R7":537526264,"R8":0,"R9":0,"SP":537526248}}}
Telemetry: Cycles=3250000, PC=0x80002e2
[2m2026-02-13T16:47:55.907186Z[0m [32m INFO[0m [2mlabwired_core::cpu::cortex_m[0m[2m:[0m CPU STEP 3300000: PC=0x80002e2
[2m2026-02-13T16:47:55.966409Z[0m [32m INFO[0m [2mlabwired_dap::server[0m[2m:[0m DAP OUT: {"seq":41,"type":"event","event":"telemetry","body":{"board_io":[{"active":false,"id":"led_green_pb0","kind":"led","signal":"output"},{"active":false,"id":"led_orange_pf4","kind":"led","signal":"output"},{"active":false,"id":"led_red_pg4","kind":"led","signal":"output"},{"active":false,"id":"button_blue_pc13","kind":"button","signal":"input"}],"cycles":3350000,"mips":0.8459511386912613,"pc":134218466,"registers":{"LR":134217953,"PC":134218466,"R0":0,"R1":134219108,"R10":0,"R11":0,"R12":0,"R2":134219268,"R3":0,"R4":0,"R5":0,"R6":0,"R7":537526264,"R8":0,"R9":0,"SP":537526248}}}
Telemetry: Cycles=3350000, PC=0x80002e2
[2m2026-02-13T16:47:56.024170Z[0m [32m INFO[0m [2mlabwired_core::cpu::cortex_m[0m[2m:[0m CPU STEP 3400000: PC=0x80002e2
[2m2026-02-13T16:47:56.082877Z[0m [32m INFO[0m [2mlabwired_dap::server[0m[2m:[0m DAP OUT: {"seq":42,"type":"event","event":"telemetry","body":{"board_io":[{"active":false,"id":"led_green_pb0","kind":"led","signal":"output"},{"active":false,"id":"led_orange_pf4","kind":"led","signal":"output"},{"active":false,"id":"led_red_pg4","kind":"led","signal":"output"},{"active":false,"id":"button_blue_pc13","kind":"button","signal":"input"}],"cycles":3450000,"mips":0.8586832514810697,"pc":134218466,"registers":{"LR":134217953,"PC":134218466,"R0":0,"R1":134219108,"R10":0,"R11":0,"R12":0,"R2":134219268,"R3":0,"R4":0,"R5":0,"R6":0,"R7":537526264,"R8":0,"R9":0,"SP":537526248}}}
Telemetry: Cycles=3450000, PC=0x80002e2
[2m2026-02-13T16:47:56.146636Z[0m [32m INFO[0m [2mlabwired_core::cpu::cortex_m[0m[2m:[0m CPU STEP 3500000: PC=0x80002e2
[2m2026-02-13T16:47:56.204400Z[0m [32m INFO[0m [2mlabwired_dap::server[0m[2m:[0m DAP OUT: {"seq":43,"type":"event","event":"telemetry","body":{"board_io":[{"active":false,"id":"led_green_pb0","kind":"led","signal":"output"},{"active":false,"id":"led_orange_pf4","kind":"led","signal":"output"},{"active":false,"id":"led_red_pg4","kind":"led","signal":"output"},{"active":false,"id":"button_blue_pc13","kind":"button","signal":"input"}],"cycles":3550000,"mips":0.8229620433364077,"pc":134218466,"registers":{"LR":134217953,"PC":134218466,"R0":0,"R1":134219108,"R10":0,"R11":0,"R12":0,"R2":134219268,"R3":0,"R4":0,"R5":0,"R6":0,"R7":537526264,"R8":0,"R9":0,"SP":537526248}}}
Telemetry: Cycles=3550000, PC=0x80002e2
[2m2026-02-13T16:47:56.262482Z[0m [32m INFO[0m [2mlabwired_core::cpu::cortex_m[0m[2m:[0m CPU STEP 3600000: PC=0x80002e2
[2m2026-02-13T16:47:56.320374Z[0m [32m INFO[0m [2mlabwired_dap::server[0m[2m:[0m DAP OUT: {"seq":44,"type":"event","event":"telemetry","body":{"board_io":[{"active":false,"id":"led_green_pb0","kind":"led","signal":"output"},{"active":false,"id":"led_orange_pf4","kind":"led","signal":"output"},{"active":false,"id":"led_red_pg4","kind":"led","signal":"output"},{"active":false,"id":"button_blue_pc13","kind":"button","signal":"input"}],"cycles":3650000,"mips":0.8621351492543458,"pc":134218466,"registers":{"LR":134217953,"PC":134218466,"R0":0,"R1":134219108,"R10":0,"R11":0,"R12":0,"R2":134219268,"R3":0,"R4":0,"R5":0,"R6":0,"R7":537526264,"R8":0,"R9":0,"SP":537526248}}}
Telemetry: Cycles=3650000, PC=0x80002e2
[2m2026-02-13T16:47:56.379622Z[0m [32m INFO[0m [2mlabwired_core::cpu::cortex_m[0m[2m:[0m CPU STEP 3700000: PC=0x80002e2
[2m2026-02-13T16:47:56.441070Z[0m [32m INFO[0m [2mlabwired_dap::server[0m[2m:[0m DAP OUT: {"seq":45,"type":"event","event":"telemetry","body":{"board_io":[{"active":false,"id":"led_green_pb0","kind":"led","signal":"output"},{"active":false,"id":"led_orange_pf4","kind":"led","signal":"output"},{"active":false,"id":"led_red_pg4","kind":"led","signal":"output"},{"active":false,"id":"button_blue_pc13","kind":"button","signal":"input"}],"cycles":3750000,"mips":0.8284609473865163,"pc":134218466,"registers":{"LR":134217953,"PC":134218466,"R0":0,"R1":134219108,"R10":0,"R11":0,"R12":0,"R2":134219268,"R3":0,"R4":0,"R5":0,"R6":0,"R7":537526264,"R8":0,"R9":0,"SP":537526248}}}
Telemetry: Cycles=3750000, PC=0x80002e2
[2m2026-02-13T16:47:56.502557Z[0m [32m INFO[0m [2mlabwired_core::cpu::cortex_m[0m[2m:[0m CPU STEP 3800000: PC=0x80002e2
[2m2026-02-13T16:47:56.582932Z[0m [32m INFO[0m [2mlabwired_dap::server[0m[2m:[0m DAP OUT: {"seq":46,"type":"event","event":"telemetry","body":{"board_io":[{"active":false,"id":"led_green_pb0","kind":"led","signal":"output"},{"active":false,"id":"led_orange_pf4","kind":"led","signal":"output"},{"active":false,"id":"led_red_pg4","kind":"led","signal":"output"},{"active":false,"id":"button_blue_pc13","kind":"button","signal":"input"}],"cycles":3850000,"mips":0.7052790738162359,"pc":134218466,"registers":{"LR":134217953,"PC":134218466,"R0":0,"R1":134219108,"R10":0,"R11":0,"R12":0,"R2":134219268,"R3":0,"R4":0,"R5":0,"R6":0,"R7":537526264,"R8":0,"R9":0,"SP":537526248}}}
Telemetry: Cycles=3850000, PC=0x80002e2
[2m2026-02-13T16:47:56.652166Z[0m [32m INFO[0m [2mlabwired_core::cpu::cortex_m[0m[2m:[0m CPU STEP 3900000: PC=0x80002e2
[2m2026-02-13T16:47:56.716235Z[0m [32m INFO[0m [2mlabwired_dap::server[0m[2m:[0m DAP OUT: {"seq":47,"type":"event","event":"telemetry","body":{"board_io":[{"active":false,"id":"led_green_pb0","kind":"led","signal":"output"},{"active":false,"id":"led_orange_pf4","kind":"led","signal":"output"},{"active":false,"id":"led_red_pg4","kind":"led","signal":"output"},{"active":false,"id":"button_blue_pc13","kind":"button","signal":"input"}],"cycles":3950000,"mips":0.749795127853753,"pc":134218466,"registers":{"LR":134217953,"PC":134218466,"R0":0,"R1":134219108,"R10":0,"R11":0,"R12":0,"R2":134219268,"R3":0,"R4":0,"R5":0,"R6":0,"R7":537526264,"R8":0,"R9":0,"SP":537526248}}}
Telemetry: Cycles=3950000, PC=0x80002e2
[2m2026-02-13T16:47:56.781352Z[0m [32m INFO[0m [2mlabwired_core::cpu::cortex_m[0m[2m:[0m CPU STEP 4000000: PC=0x80002e2
[2m2026-02-13T16:47:56.843247Z[0m [32m INFO[0m [2mlabwired_dap::server[0m[2m:[0m DAP OUT: {"seq":48,"type":"event","event":"telemetry","body":{"board_io":[{"active":false,"id":"led_green_pb0","kind":"led","signal":"output"},{"active":false,"id":"led_orange_pf4","kind":"led","signal":"output"},{"active":false,"id":"led_red_pg4","kind":"led","signal":"output"},{"active":false,"id":"button_blue_pc13","kind":"button","signal":"input"}],"cycles":4050000,"mips":0.787999449219905,"pc":134218466,"registers":{"LR":134217953,"PC":134218466,"R0":0,"R1":134219108,"R10":0,"R11":0,"R12":0,"R2":134219268,"R3":0,"R4":0,"R5":0,"R6":0,"R7":537526264,"R8":0,"R9":0,"SP":537526248}}}
Telemetry: Cycles=4050000, PC=0x80002e2
[2m2026-02-13T16:47:56.905897Z[0m [32m INFO[0m [2mlabwired_core::cpu::cortex_m[0m[2m:[0m CPU STEP 4100000: PC=0x80002e2
[2m2026-02-13T16:47:56.977852Z[0m [32m INFO[0m [2mlabwired_dap::server[0m[2m:[0m DAP OUT: {"seq":49,"type":"event","event":"telemetry","body":{"board_io":[{"active":false,"id":"led_green_pb0","kind":"led","signal":"output"},{"active":false,"id":"led_orange_pf4","kind":"led","signal":"output"},{"active":false,"id":"led_red_pg4","kind":"led","signal":"output"},{"active":false,"id":"button_blue_pc13","kind":"button","signal":"input"}],"cycles":4150000,"mips":0.7425041495958157,"pc":134218466,"registers":{"LR":134217953,"PC":134218466,"R0":0,"R1":134219108,"R10":0,"R11":0,"R12":0,"R2":134219268,"R3":0,"R4":0,"R5":0,"R6":0,"R7":537526264,"R8":0,"R9":0,"SP":537526248}}}
Telemetry: Cycles=4150000, PC=0x80002e2
[2m2026-02-13T16:47:57.044173Z[0m [32m INFO[0m [2mlabwired_core::cpu::cortex_m[0m[2m:[0m CPU STEP 4200000: PC=0x80002e2
[2m2026-02-13T16:47:57.109879Z[0m [32m INFO[0m [2mlabwired_dap::server[0m[2m:[0m DAP OUT: {"seq":50,"type":"event","event":"telemetry","body":{"board_io":[{"active":false,"id":"led_green_pb0","kind":"led","signal":"output"},{"active":false,"id":"led_orange_pf4","kind":"led","signal":"output"},{"active":false,"id":"led_red_pg4","kind":"led","signal":"output"},{"active":false,"id":"button_blue_pc13","kind":"button","signal":"input"}],"cycles":4250000,"mips":0.7575557569559621,"pc":134218466,"registers":{"LR":134217953,"PC":134218466,"R0":0,"R1":134219108,"R10":0,"R11":0,"R12":0,"R2":134219268,"R3":0,"R4":0,"R5":0,"R6":0,"R7":537526264,"R8":0,"R9":0,"SP":537526248}}}
Telemetry: Cycles=4250000, PC=0x80002e2
[2m2026-02-13T16:47:57.173654Z[0m [32m INFO[0m [2mlabwired_core::cpu::cortex_m[0m[2m:[0m CPU STEP 4300000: PC=0x80002e2
[2m2026-02-13T16:47:57.239102Z[0m [32m INFO[0m [2mlabwired_dap::server[0m[2m:[0m DAP OUT: {"seq":51,"type":"event","event":"telemetry","body":{"board_io":[{"active":false,"id":"led_green_pb0","kind":"led","signal":"output"},{"active":false,"id":"led_orange_pf4","kind":"led","signal":"output"},{"active":false,"id":"led_red_pg4","kind":"led","signal":"output"},{"active":false,"id":"button_blue_pc13","kind":"button","signal":"input"}],"cycles":4350000,"mips":0.7734712240704987,"pc":134218466,"registers":{"LR":134217953,"PC":134218466,"R0":0,"R1":134219108,"R10":0,"R11":0,"R12":0,"R2":134219268,"R3":0,"R4":0,"R5":0,"R6":0,"R7":537526264,"R8":0,"R9":0,"SP":537526248}}}
Telemetry: Cycles=4350000, PC=0x80002e2
[2m2026-02-13T16:47:57.311794Z[0m [32m INFO[0m [2mlabwired_core::cpu::cortex_m[0m[2m:[0m CPU STEP 4400000: PC=0x80002e2
[2m2026-02-13T16:47:57.378312Z[0m [32m INFO[0m [2mlabwired_dap::server[0m[2m:[0m DAP OUT: {"seq":52,"type":"event","event":"telemetry","body":{"board_io":[{"active":false,"id":"led_green_pb0","kind":"led","signal":"output"},{"active":false,"id":"led_orange_pf4","kind":"led","signal":"output"},{"active":false,"id":"led_red_pg4","kind":"led","signal":"output"},{"active":false,"id":"button_blue_pc13","kind":"button","signal":"input"}],"cycles":4450000,"mips":0.7185706589103958,"pc":134218466,"registers":{"LR":134217953,"PC":134218466,"R0":0,"R1":134219108,"R10":0,"R11":0,"R12":0,"R2":134219268,"R3":0,"R4":0,"R5":0,"R6":0,"R7":537526264,"R8":0,"R9":0,"SP":537526248}}}
Telemetry: Cycles=4450000, PC=0x80002e2
[2m2026-02-13T16:47:57.451441Z[0m [32m INFO[0m [2mlabwired_core::cpu::cortex_m[0m[2m:[0m CPU STEP 4500000: PC=0x80002e2
[2m2026-02-13T16:47:57.523835Z[0m [32m INFO[0m [2mlabwired_dap::server[0m[2m:[0m DAP OUT: {"seq":53,"type":"event","event":"telemetry","body":{"board_io":[{"active":false,"id":"led_green_pb0","kind":"led","signal":"output"},{"active":false,"id":"led_orange_pf4","kind":"led","signal":"output"},{"active":false,"id":"led_red_pg4","kind":"led","signal":"output"},{"active":false,"id":"button_blue_pc13","kind":"button","signal":"input"}],"cycles":4550000,"mips":0.6870078091421956,"pc":134218466,"registers":{"LR":134217953,"PC":134218466,"R0":0,"R1":134219108,"R10":0,"R11":0,"R12":0,"R2":134219268,"R3":0,"R4":0,"R5":0,"R6":0,"R7":537526264,"R8":0,"R9":0,"SP":537526248}}}
Telemetry: Cycles=4550000, PC=0x80002e2
[2m2026-02-13T16:47:57.589516Z[0m [32m INFO[0m [2mlabwired_core::cpu::cortex_m[0m[2m:[0m CPU STEP 4600000: PC=0x80002e2
[2m2026-02-13T16:47:57.663503Z[0m [32m INFO[0m [2mlabwired_dap::server[0m[2m:[0m DAP OUT: {"seq":54,"type":"event","event":"telemetry","body":{"board_io":[{"active":false,"id":"led_green_pb0","kind":"led","signal":"output"},{"active":false,"id":"led_orange_pf4","kind":"led","signal":"output"},{"active":false,"id":"led_red_pg4","kind":"led","signal":"output"},{"active":false,"id":"button_blue_pc13","kind":"button","signal":"input"}],"cycles":4650000,"mips":0.716099353543457,"pc":134218466,"registers":{"LR":134217953,"PC":134218466,"R0":0,"R1":134219108,"R10":0,"R11":0,"R12":0,"R2":134219268,"R3":0,"R4":0,"R5":0,"R6":0,"R7":537526264,"R8":0,"R9":0,"SP":537526248}}}
Telemetry: Cycles=4650000, PC=0x80002e2
[2m2026-02-13T16:47:57.730953Z[0m [32m INFO[0m [2mlabwired_core::cpu::cortex_m[0m[2m:[0m CPU STEP 4700000: PC=0x80002e2
[2m2026-02-13T16:47:57.799766Z[0m [32m INFO[0m [2mlabwired_dap::server[0m[2m:[0m DAP OUT: {"seq":55,"type":"event","event":"telemetry","body":{"board_io":[{"active":false,"id":"led_green_pb0","kind":"led","signal":"output"},{"active":false,"id":"led_orange_pf4","kind":"led","signal":"output"},{"active":false,"id":"led_red_pg4","kind":"led","signal":"output"},{"active":false,"id":"button_blue_pc13","kind":"button","signal":"input"}],"cycles":4750000,"mips":0.7337974352620238,"pc":134218466,"registers":{"LR":134217953,"PC":134218466,"R0":0,"R1":134219108,"R10":0,"R11":0,"R12":0,"R2":134219268,"R3":0,"R4":0,"R5":0,"R6":0,"R7":537526264,"R8":0,"R9":0,"SP":537526248}}}
Telemetry: Cycles=4750000, PC=0x80002e2
[2m2026-02-13T16:47:57.868399Z[0m [32m INFO[0m [2mlabwired_core::cpu::cortex_m[0m[2m:[0m CPU STEP 4800000: PC=0x80002e2
[2m2026-02-13T16:47:57.936131Z[0m [32m INFO[0m [2mlabwired_dap::server[0m[2m:[0m DAP OUT: {"seq":56,"type":"event","event":"telemetry","body":{"board_io":[{"active":false,"id":"led_green_pb0","kind":"led","signal":"output"},{"active":false,"id":"led_orange_pf4","kind":"led","signal":"output"},{"active":false,"id":"led_red_pg4","kind":"led","signal":"output"},{"active":false,"id":"button_blue_pc13","kind":"button","signal":"input"}],"cycles":4850000,"mips":0.7335743658189088,"pc":134218466,"registers":{"LR":134217953,"PC":134218466,"R0":0,"R1":134219108,"R10":0,"R11":0,"R12":0,"R2":134219268,"R3":0,"R4":0,"R5":0,"R6":0,"R7":537526264,"R8":0,"R9":0,"SP":537526248}}}
Telemetry: Cycles=4850000, PC=0x80002e2
[2m2026-02-13T16:47:58.017188Z[0m [32m INFO[0m [2mlabwired_core::cpu::cortex_m[0m[2m:[0m CPU STEP 4900000: PC=0x80002e2
[2m2026-02-13T16:47:58.096815Z[0m [32m INFO[0m [2mlabwired_dap::server[0m[2m:[0m DAP OUT: {"seq":57,"type":"event","event":"telemetry","body":{"board_io":[{"active":false,"id":"led_green_pb0","kind":"led","signal":"output"},{"active":false,"id":"led_orange_pf4","kind":"led","signal":"output"},{"active":false,"id":"led_red_pg4","kind":"led","signal":"output"},{"active":false,"id":"button_blue_pc13","kind":"button","signal":"input"}],"cycles":4950000,"mips":0.6222377853571595,"pc":134218466,"registers":{"LR":134217953,"PC":134218466,"R0":0,"R1":134219108,"R10":0,"R11":0,"R12":0,"R2":134219268,"R3":0,"R4":0,"R5":0,"R6":0,"R7":537526264,"R8":0,"R9":0,"SP":537526248}}}
Telemetry: Cycles=4950000, PC=0x80002e2
[2m2026-02-13T16:47:58.167009Z[0m [32m INFO[0m [2mlabwired_core::cpu::cortex_m[0m[2m:[0m CPU STEP 5000000: PC=0x80002e2
[2m2026-02-13T16:47:58.231320Z[0m [32m INFO[0m [2mlabwired_dap::server[0m[2m:[0m DAP OUT: {"seq":58,"type":"event","event":"telemetry","body":{"board_io":[{"active":false,"id":"led_green_pb0","kind":"led","signal":"output"},{"active":false,"id":"led_orange_pf4","kind":"led","signal":"output"},{"active":false,"id":"led_red_pg4","kind":"led","signal":"output"},{"active":false,"id":"button_blue_pc13","kind":"button","signal":"input"}],"cycles":5050000,"mips":0.7432813369139771,"pc":134218466,"registers":{"LR":134217953,"PC":134218466,"R0":0,"R1":134219108,"R10":0,"R11":0,"R12":0,"R2":134219268,"R3":0,"R4":0,"R5":0,"R6":0,"R7":537526264,"R8":0,"R9":0,"SP":537526248}}}
Telemetry: Cycles=5050000, PC=0x80002e2
[2m2026-02-13T16:47:58.304140Z[0m [32m INFO[0m [2mlabwired_core::cpu::cortex_m[0m[2m:[0m CPU STEP 5100000: PC=0x80002e2
[2m2026-02-13T16:47:58.380395Z[0m [32m INFO[0m [2mlabwired_dap::server[0m[2m:[0m DAP OUT: {"seq":59,"type":"event","event":"telemetry","body":{"board_io":[{"active":false,"id":"led_green_pb0","kind":"led","signal":"output"},{"active":false,"id":"led_orange_pf4","kind":"led","signal":"output"},{"active":false,"id":"led_red_pg4","kind":"led","signal":"output"},{"active":false,"id":"button_blue_pc13","kind":"button","signal":"input"}],"cycles":5150000,"mips":0.6707916327329948,"pc":134218466,"registers":{"LR":134217953,"PC":134218466,"R0":0,"R1":134219108,"R10":0,"R11":0,"R12":0,"R2":134219268,"R3":0,"R4":0,"R5":0,"R6":0,"R7":537526264,"R8":0,"R9":0,"SP":537526248}}}
Telemetry: Cycles=5150000, PC=0x80002e2
[2m2026-02-13T16:47:58.452152Z[0m [32m INFO[0m [2mlabwired_core::cpu::cortex_m[0m[2m:[0m CPU STEP 5200000: PC=0x80002e2
[2m2026-02-13T16:47:58.527329Z[0m [32m INFO[0m [2mlabwired_dap::server[0m[2m:[0m DAP OUT: {"seq":60,"type":"event","event":"telemetry","body":{"board_io":[{"active":false,"id":"led_green_pb0","kind":"led","signal":"output"},{"active":false,"id":"led_orange_pf4","kind":"led","signal":"output"},{"active":false,"id":"led_red_pg4","kind":"led","signal":"output"},{"active":false,"id":"button_blue_pc13","kind":"button","signal":"input"}],"cycles":5250000,"mips":0.68073096782408,"pc":134218466,"registers":{"LR":134217953,"PC":134218466,"R0":0,"R1":134219108,"R10":0,"R11":0,"R12":0,"R2":134219268,"R3":0,"R4":0,"R5":0,"R6":0,"R7":537526264,"R8":0,"R9":0,"SP":537526248}}}
Telemetry: Cycles=5250000, PC=0x80002e2
[2m2026-02-13T16:47:58.602562Z[0m [32m INFO[0m [2mlabwired_core::cpu::cortex_m[0m[2m:[0m CPU STEP 5300000: PC=0x80002e2
[2m2026-02-13T16:47:58.671766Z[0m [32m INFO[0m [2mlabwired_dap::server[0m[2m:[0m DAP OUT: {"seq":61,"type":"event","event":"telemetry","body":{"board_io":[{"active":false,"id":"led_green_pb0","kind":"led","signal":"output"},{"active":false,"id":"led_orange_pf4","kind":"led","signal":"output"},{"active":false,"id":"led_red_pg4","kind":"led","signal":"output"},{"active":false,"id":"button_blue_pc13","kind":"button","signal":"input"}],"cycles":5350000,"mips":0.6922462740882667,"pc":134218466,"registers":{"LR":134217953,"PC":134218466,"R0":0,"R1":134219108,"R10":0,"R11":0,"R12":0,"R2":134219268,"R3":0,"R4":0,"R5":0,"R6":0,"R7":537526264,"R8":0,"R9":0,"SP":537526248}}}
Telemetry: Cycles=5350000, PC=0x80002e2
[2m2026-02-13T16:47:58.735044Z[0m [32m INFO[0m [2mlabwired_core::cpu::cortex_m[0m[2m:[0m CPU STEP 5400000: PC=0x80002e2
[2m2026-02-13T16:47:58.799686Z[0m [32m INFO[0m [2mlabwired_dap::server[0m[2m:[0m DAP OUT: {"seq":62,"type":"event","event":"telemetry","body":{"board_io":[{"active":false,"id":"led_green_pb0","kind":"led","signal":"output"},{"active":false,"id":"led_orange_pf4","kind":"led","signal":"output"},{"active":false,"id":"led_red_pg4","kind":"led","signal":"output"},{"active":false,"id":"button_blue_pc13","kind":"button","signal":"input"}],"cycles":5450000,"mips":0.7822717936384531,"pc":134218466,"registers":{"LR":134217953,"PC":134218466,"R0":0,"R1":134219108,"R10":0,"R11":0,"R12":0,"R2":134219268,"R3":0,"R4":0,"R5":0,"R6":0,"R7":537526264,"R8":0,"R9":0,"SP":537526248}}}
Telemetry: Cycles=5450000, PC=0x80002e2
[2m2026-02-13T16:47:58.862459Z[0m [32m INFO[0m [2mlabwired_core::cpu::cortex_m[0m[2m:[0m CPU STEP 5500000: PC=0x80002e2
[2m2026-02-13T16:47:58.923960Z[0m [32m INFO[0m [2mlabwired_dap::server[0m[2m:[0m DAP OUT: {"seq":63,"type":"event","event":"telemetry","body":{"board_io":[{"active":false,"id":"led_green_pb0","kind":"led","signal":"output"},{"active":false,"id":"led_orange_pf4","kind":"led","signal":"output"},{"active":false,"id":"led_red_pg4","kind":"led","signal":"output"},{"active":false,"id":"button_blue_pc13","kind":"button","signal":"input"}],"cycles":5550000,"mips":0.8041832131048603,"pc":134218466,"registers":{"LR":134217953,"PC":134218466,"R0":0,"R1":134219108,"R10":0,"R11":0,"R12":0,"R2":134219268,"R3":0,"R4":0,"R5":0,"R6":0,"R7":537526264,"R8":0,"R9":0,"SP":537526248}}}
Telemetry: Cycles=5550000, PC=0x80002e2
[2m2026-02-13T16:47:58.985516Z[0m [32m INFO[0m [2mlabwired_core::cpu::cortex_m[0m[2m:[0m CPU STEP 5600000: PC=0x80002e2
[2m2026-02-13T16:47:59.048317Z[0m [32m INFO[0m [2mlabwired_dap::server[0m[2m:[0m DAP OUT: {"seq":64,"type":"event","event":"telemetry","body":{"board_io":[{"active":false,"id":"led_green_pb0","kind":"led","signal":"output"},{"active":false,"id":"led_orange_pf4","kind":"led","signal":"output"},{"active":false,"id":"led_red_pg4","kind":"led","signal":"output"},{"active":false,"id":"button_blue_pc13","kind":"button","signal":"input"}],"cycles":5650000,"mips":0.8040263387772215,"pc":134218466,"registers":{"LR":134217953,"PC":134218466,"R0":0,"R1":134219108,"R10":0,"R11":0,"R12":0,"R2":134219268,"R3":0,"R4":0,"R5":0,"R6":0,"R7":537526264,"R8":0,"R9":0,"SP":537526248}}}
Telemetry: Cycles=5650000, PC=0x80002e2
[2m2026-02-13T16:47:59.110377Z[0m [32m INFO[0m [2mlabwired_core::cpu::cortex_m[0m[2m:[0m CPU STEP 5700000: PC=0x80002e2
[2m2026-02-13T16:47:59.171085Z[0m [32m INFO[0m [2mlabwired_dap::server[0m[2m:[0m DAP OUT: {"seq":65,"type":"event","event":"telemetry","body":{"board_io":[{"active":false,"id":"led_green_pb0","kind":"led","signal":"output"},{"active":false,"id":"led_orange_pf4","kind":"led","signal":"output"},{"active":false,"id":"led_red_pg4","kind":"led","signal":"output"},{"active":false,"id":"button_blue_pc13","kind":"button","signal":"input"}],"cycles":5750000,"mips":0.8144888509467403,"pc":134218466,"registers":{"LR":134217953,"PC":134218466,"R0":0,"R1":134219108,"R10":0,"R11":0,"R12":0,"R2":134219268,"R3":0,"R4":0,"R5":0,"R6":0,"R7":537526264,"R8":0,"R9":0,"SP":537526248}}}
Telemetry: Cycles=5750000, PC=0x80002e2
[2m2026-02-13T16:47:59.231759Z[0m [32m INFO[0m [2mlabwired_core::cpu::cortex_m[0m[2m:[0m CPU STEP 5800000: PC=0x80002e2
[2m2026-02-13T16:47:59.293608Z[0m [32m INFO[0m [2mlabwired_dap::server[0m[2m:[0m DAP OUT: {"seq":66,"type":"event","event":"telemetry","body":{"board_io":[{"active":false,"id":"led_green_pb0","kind":"led","signal":"output"},{"active":false,"id":"led_orange_pf4","kind":"led","signal":"output"},{"active":false,"id":"led_red_pg4","kind":"led","signal":"output"},{"active":false,"id":"button_blue_pc13","kind":"button","signal":"input"}],"cycles":5850000,"mips":0.8164203556389117,"pc":134218466,"registers":{"LR":134217953,"PC":134218466,"R0":0,"R1":134219108,"R10":0,"R11":0,"R12":0,"R2":134219268,"R3":0,"R4":0,"R5":0,"R6":0,"R7":537526264,"R8":0,"R9":0,"SP":537526248}}}
Telemetry: Cycles=5850000, PC=0x80002e2
[2m2026-02-13T16:47:59.355649Z[0m [32m INFO[0m [2mlabwired_core::cpu::cortex_m[0m[2m:[0m CPU STEP 5900000: PC=0x80002e2
[2m2026-02-13T16:47:59.417449Z[0m [32m INFO[0m [2mlabwired_dap::server[0m[2m:[0m DAP OUT: {"seq":67,"type":"event","event":"telemetry","body":{"board_io":[{"active":false,"id":"led_green_pb0","kind":"led","signal":"output"},{"active":false,"id":"led_orange_pf4","kind":"led","signal":"output"},{"active":false,"id":"led_red_pg4","kind":"led","signal":"output"},{"active":false,"id":"button_blue_pc13","kind":"button","signal":"input"}],"cycles":5950000,"mips":0.8072732347687158,"pc":134218466,"registers":{"LR":134217953,"PC":134218466,"R0":0,"R1":134219108,"R10":0,"R11":0,"R12":0,"R2":134219268,"R3":0,"R4":0,"R5":0,"R6":0,"R7":537526264,"R8":0,"R9":0,"SP":537526248}}}
Telemetry: Cycles=5950000, PC=0x80002e2
[2m2026-02-13T16:47:59.479802Z[0m [32m INFO[0m [2mlabwired_core::cpu::cortex_m[0m[2m:[0m CPU STEP 6000000: PC=0x80002e2
[2m2026-02-13T16:47:59.540559Z[0m [32m INFO[0m [2mlabwired_dap::server[0m[2m:[0m DAP OUT: {"seq":68,"type":"event","event":"telemetry","body":{"board_io":[{"active":false,"id":"led_green_pb0","kind":"led","signal":"output"},{"active":false,"id":"led_orange_pf4","kind":"led","signal":"output"},{"active":false,"id":"led_red_pg4","kind":"led","signal":"output"},{"active":false,"id":"button_blue_pc13","kind":"button","signal":"input"}],"cycles":6050000,"mips":0.812518802192907,"pc":134218466,"registers":{"LR":134217953,"PC":134218466,"R0":0,"R1":134219108,"R10":0,"R11":0,"R12":0,"R2":134219268,"R3":0,"R4":0,"R5":0,"R6":0,"R7":537526264,"R8":0,"R9":0,"SP":537526248}}}
Telemetry: Cycles=6050000, PC=0x80002e2
[2m2026-02-13T16:47:59.603325Z[0m [32m INFO[0m [2mlabwired_core::cpu::cortex_m[0m[2m:[0m CPU STEP 6100000: PC=0x80002e2
[2m2026-02-13T16:47:59.674596Z[0m [32m INFO[0m [2mlabwired_dap::server[0m[2m:[0m DAP OUT: {"seq":69,"type":"event","event":"telemetry","body":{"board_io":[{"active":false,"id":"led_green_pb0","kind":"led","signal":"output"},{"active":false,"id":"led_orange_pf4","kind":"led","signal":"output"},{"active":false,"id":"led_red_pg4","kind":"led","signal":"output"},{"active":false,"id":"button_blue_pc13","kind":"button","signal":"input"}],"cycles":6150000,"mips":0.746206849628179,"pc":134218466,"registers":{"LR":134217953,"PC":134218466,"R0":0,"R1":134219108,"R10":0,"R11":0,"R12":0,"R2":134219268,"R3":0,"R4":0,"R5":0,"R6":0,"R7":537526264,"R8":0,"R9":0,"SP":537526248}}}
Telemetry: Cycles=6150000, PC=0x80002e2
[2m2026-02-13T16:47:59.752063Z[0m [32m INFO[0m [2mlabwired_core::cpu::cortex_m[0m[2m:[0m CPU STEP 6200000: PC=0x80002e2
[2m2026-02-13T16:47:59.818725Z[0m [32m INFO[0m [2mlabwired_dap::server[0m[2m:[0m DAP OUT: {"seq":70,"type":"event","event":"telemetry","body":{"board_io":[{"active":false,"id":"led_green_pb0","kind":"led","signal":"output"},{"active":false,"id":"led_orange_pf4","kind":"led","signal":"output"},{"active":false,"id":"led_red_pg4","kind":"led","signal":"output"},{"active":false,"id":"button_blue_pc13","kind":"button","signal":"input"}],"cycles":6250000,"mips":0.6935387262141791,"pc":134218466,"registers":{"LR":134217953,"PC":134218466,"R0":0,"R1":134219108,"R10":0,"R11":0,"R12":0,"R2":134219268,"R3":0,"R4":0,"R5":0,"R6":0,"R7":537526264,"R8":0,"R9":0,"SP":537526248}}}
Telemetry: Cycles=6250000, PC=0x80002e2
[2m2026-02-13T16:47:59.889741Z[0m [32m INFO[0m [2mlabwired_core::cpu::cortex_m[0m[2m:[0m CPU STEP 6300000: PC=0x80002e2
[2m2026-02-13T16:47:59.955196Z[0m [32m INFO[0m [2mlabwired_dap::server[0m[2m:[0m DAP OUT: {"seq":71,"type":"event","event":"telemetry","body":{"board_io":[{"active":false,"id":"led_green_pb0","kind":"led","signal":"output"},{"active":false,"id":"led_orange_pf4","kind":"led","signal":"output"},{"active":false,"id":"led_red_pg4","kind":"led","signal":"output"},{"active":false,"id":"button_blue_pc13","kind":"button","signal":"input"}],"cycles":6350000,"mips":0.7327348418648667,"pc":134218466,"registers":{"LR":134217953,"PC":134218466,"R0":0,"R1":134219108,"R10":0,"R11":0,"R12":0,"R2":134219268,"R3":0,"R4":0,"R5":0,"R6":0,"R7":537526264,"R8":0,"R9":0,"SP":537526248}}}
Telemetry: Cycles=6350000, PC=0x80002e2
[2m2026-02-13T16:48:00.014304Z[0m [32m INFO[0m [2mlabwired_core::cpu::cortex_m[0m[2m:[0m CPU STEP 6400000: PC=0x80002e2
[2m2026-02-13T16:48:00.077906Z[0m [32m INFO[0m [2mlabwired_dap::server[0m[2m:[0m DAP OUT: {"seq":72,"type":"event","event":"telemetry","body":{"board_io":[{"active":false,"id":"led_green_pb0","kind":"led","signal":"output"},{"active":false,"id":"led_orange_pf4","kind":"led","signal":"output"},{"active":false,"id":"led_red_pg4","kind":"led","signal":"output"},{"active":false,"id":"button_blue_pc13","kind":"button","signal":"input"}],"cycles":6450000,"mips":0.8149190689204112,"pc":134218466,"registers":{"LR":134217953,"PC":134218466,"R0":0,"R1":134219108,"R10":0,"R11":0,"R12":0,"R2":134219268,"R3":0,"R4":0,"R5":0,"R6":0,"R7":537526264,"R8":0,"R9":0,"SP":537526248}}}
Telemetry: Cycles=6450000, PC=0x80002e2
[2m2026-02-13T16:48:00.152759Z[0m [32m INFO[0m [2mlabwired_core::cpu::cortex_m[0m[2m:[0m CPU STEP 6500000: PC=0x80002e2
[2m2026-02-13T16:48:00.222005Z[0m [32m INFO[0m [2mlabwired_dap::server[0m[2m:[0m DAP OUT: {"seq":73,"type":"event","event":"telemetry","body":{"board_io":[{"active":false,"id":"led_green_pb0","kind":"led","signal":"output"},{"active":false,"id":"led_orange_pf4","kind":"led","signal":"output"},{"active":false,"id":"led_red_pg4","kind":"led","signal":"output"},{"active":false,"id":"button_blue_pc13","kind":"button","signal":"input"}],"cycles":6550000,"mips":0.6939681220746554,"pc":134218466,"registers":{"LR":134217953,"PC":134218466,"R0":0,"R1":134219108,"R10":0,"R11":0,"R12":0,"R2":134219268,"R3":0,"R4":0,"R5":0,"R6":0,"R7":537526264,"R8":0,"R9":0,"SP":537526248}}}
Telemetry: Cycles=6550000, PC=0x80002e2
[2m2026-02-13T16:48:00.290862Z[0m [32m INFO[0m [2mlabwired_core::cpu::cortex_m[0m[2m:[0m CPU STEP 6600000: PC=0x80002e2
[2m2026-02-13T16:48:00.357768Z[0m [32m INFO[0m [2mlabwired_dap::server[0m[2m:[0m DAP OUT: {"seq":74,"type":"event","event":"telemetry","body":{"board_io":[{"active":false,"id":"led_green_pb0","kind":"led","signal":"output"},{"active":false,"id":"led_orange_pf4","kind":"led","signal":"output"},{"active":false,"id":"led_red_pg4","kind":"led","signal":"output"},{"active":false,"id":"button_blue_pc13","kind":"button","signal":"input"}],"cycles":6650000,"mips":0.736887789203403,"pc":134218466,"registers":{"LR":134217953,"PC":134218466,"R0":0,"R1":134219108,"R10":0,"R11":0,"R12":0,"R2":134219268,"R3":0,"R4":0,"R5":0,"R6":0,"R7":537526264,"R8":0,"R9":0,"SP":537526248}}}
Telemetry: Cycles=6650000, PC=0x80002e2
[2m2026-02-13T16:48:00.423795Z[0m [32m INFO[0m [2mlabwired_core::cpu::cortex_m[0m[2m:[0m CPU STEP 6700000: PC=0x80002e2
[2m2026-02-13T16:48:00.492201Z[0m [32m INFO[0m [2mlabwired_dap::server[0m[2m:[0m DAP OUT: {"seq":75,"type":"event","event":"telemetry","body":{"board_io":[{"active":false,"id":"led_green_pb0","kind":"led","signal":"output"},{"active":false,"id":"led_orange_pf4","kind":"led","signal":"output"},{"active":false,"id":"led_red_pg4","kind":"led","signal":"output"},{"active":false,"id":"button_blue_pc13","kind":"button","signal":"input"}],"cycles":6750000,"mips":0.7435987598200395,"pc":134218466,"registers":{"LR":134217953,"PC":134218466,"R0":0,"R1":134219108,"R10":0,"R11":0,"R12":0,"R2":134219268,"R3":0,"R4":0,"R5":0,"R6":0,"R7":537526264,"R8":0,"R9":0,"SP":537526248}}}
Telemetry: Cycles=6750000, PC=0x80002e2
[2m2026-02-13T16:48:00.562277Z[0m [32m INFO[0m [2mlabwired_core::cpu::cortex_m[0m[2m:[0m CPU STEP 6800000: PC=0x80002e2
[2m2026-02-13T16:48:00.626766Z[0m [32m INFO[0m [2mlabwired_dap::server[0m[2m:[0m DAP OUT: {"seq":76,"type":"event","event":"telemetry","body":{"board_io":[{"active":false,"id":"led_green_pb0","kind":"led","signal":"output"},{"active":false,"id":"led_orange_pf4","kind":"led","signal":"output"},{"active":false,"id":"led_red_pg4","kind":"led","signal":"output"},{"active":false,"id":"button_blue_pc13","kind":"button","signal":"input"}],"cycles":6850000,"mips":0.7431512094893691,"pc":134218466,"registers":{"LR":134217953,"PC":134218466,"R0":0,"R1":134219108,"R10":0,"R11":0,"R12":0,"R2":134219268,"R3":0,"R4":0,"R5":0,"R6":0,"R7":537526264,"R8":0,"R9":0,"SP":537526248}}}
Telemetry: Cycles=6850000, PC=0x80002e2
[2m2026-02-13T16:48:00.696786Z[0m [32m INFO[0m [2mlabwired_core::cpu::cortex_m[0m[2m:[0m CPU STEP 6900000: PC=0x80002e2
[2m2026-02-13T16:48:00.765316Z[0m [32m INFO[0m [2mlabwired_dap::server[0m[2m:[0m DAP OUT: {"seq":77,"type":"event","event":"telemetry","body":{"board_io":[{"active":false,"id":"led_green_pb0","kind":"led","signal":"output"},{"active":false,"id":"led_orange_pf4","kind":"led","signal":"output"},{"active":false,"id":"led_red_pg4","kind":"led","signal":"output"},{"active":false,"id":"button_blue_pc13","kind":"button","signal":"input"}],"cycles":6950000,"mips":0.7218474999562561,"pc":134218466,"registers":{"LR":134217953,"PC":134218466,"R0":0,"R1":134219108,"R10":0,"R11":0,"R12":0,"R2":134219268,"R3":0,"R4":0,"R5":0,"R6":0,"R7":537526264,"R8":0,"R9":0,"SP":537526248}}}
Telemetry: Cycles=6950000, PC=0x80002e2
[2m2026-02-13T16:48:00.840134Z[0m [32m INFO[0m [2mlabwired_core::cpu::cortex_m[0m[2m:[0m CPU STEP 7000000: PC=0x80002e2
[2m2026-02-13T16:48:00.919252Z[0m [32m INFO[0m [2mlabwired_dap::server[0m[2m:[0m DAP OUT: {"seq":78,"type":"event","event":"telemetry","body":{"board_io":[{"active":false,"id":"led_green_pb0","kind":"led","signal":"output"},{"active":false,"id":"led_orange_pf4","kind":"led","signal":"output"},{"active":false,"id":"led_red_pg4","kind":"led","signal":"output"},{"active":false,"id":"button_blue_pc13","kind":"button","signal":"input"}],"cycles":7050000,"mips":0.6494967059767837,"pc":134218466,"registers":{"LR":134217953,"PC":134218466,"R0":0,"R1":134219108,"R10":0,"R11":0,"R12":0,"R2":134219268,"R3":0,"R4":0,"R5":0,"R6":0,"R7":537526264,"R8":0,"R9":0,"SP":537526248}}}
Telemetry: Cycles=7050000, PC=0x80002e2
[2m2026-02-13T16:48:00.988038Z[0m [32m INFO[0m [2mlabwired_core::cpu::cortex_m[0m[2m:[0m CPU STEP 7100000: PC=0x80002e2
[2m2026-02-13T16:48:01.054760Z[0m [32m INFO[0m [2mlabwired_dap::server[0m[2m:[0m DAP OUT: {"seq":79,"type":"event","event":"telemetry","body":{"board_io":[{"active":false,"id":"led_green_pb0","kind":"led","signal":"output"},{"active":false,"id":"led_orange_pf4","kind":"led","signal":"output"},{"active":false,"id":"led_red_pg4","kind":"led","signal":"output"},{"active":false,"id":"button_blue_pc13","kind":"button","signal":"input"}],"cycles":7150000,"mips":0.7380151142543339,"pc":134218466,"registers":{"LR":134217953,"PC":134218466,"R0":0,"R1":134219108,"R10":0,"R11":0,"R12":0,"R2":134219268,"R3":0,"R4":0,"R5":0,"R6":0,"R7":537526264,"R8":0,"R9":0,"SP":537526248}}}
Telemetry: Cycles=7150000, PC=0x80002e2
[2m2026-02-13T16:48:01.127710Z[0m [32m INFO[0m [2mlabwired_core::cpu::cortex_m[0m[2m:[0m CPU STEP 7200000: PC=0x80002e2
[2m2026-02-13T16:48:01.192342Z[0m [32m INFO[0m [2mlabwired_dap::server[0m[2m:[0m DAP OUT: {"seq":80,"type":"event","event":"telemetry","body":{"board_io":[{"active":false,"id":"led_green_pb0","kind":"led","signal":"output"},{"active":false,"id":"led_orange_pf4","kind":"led","signal":"output"},{"active":false,"id":"led_red_pg4","kind":"led","signal":"output"},{"active":false,"id":"button_blue_pc13","kind":"button","signal":"input"}],"cycles":7250000,"mips":0.726798526913117,"pc":134218466,"registers":{"LR":134217953,"PC":134218466,"R0":0,"R1":134219108,"R10":0,"R11":0,"R12":0,"R2":134219268,"R3":0,"R4":0,"R5":0,"R6":0,"R7":537526264,"R8":0,"R9":0,"SP":537526248}}}
Telemetry: Cycles=7250000, PC=0x80002e2
[2m2026-02-13T16:48:01.251487Z[0m [32m INFO[0m [2mlabwired_core::cpu::cortex_m[0m[2m:[0m CPU STEP 7300000: PC=0x80002e2
[2m2026-02-13T16:48:01.311729Z[0m [32m INFO[0m [2mlabwired_dap::server[0m[2m:[0m DAP OUT: {"seq":81,"type":"event","event":"telemetry","body":{"board_io":[{"active":false,"id":"led_green_pb0","kind":"led","signal":"output"},{"active":false,"id":"led_orange_pf4","kind":"led","signal":"output"},{"active":false,"id":"led_red_pg4","kind":"led","signal":"output"},{"active":false,"id":"button_blue_pc13","kind":"button","signal":"input"}],"cycles":7350000,"mips":0.8378509207667425,"pc":134218466,"registers":{"LR":134217953,"PC":134218466,"R0":0,"R1":134219108,"R10":0,"R11":0,"R12":0,"R2":134219268,"R3":0,"R4":0,"R5":0,"R6":0,"R7":537526264,"R8":0,"R9":0,"SP":537526248}}}
Telemetry: Cycles=7350000, PC=0x80002e2
[2m2026-02-13T16:48:01.375186Z[0m [32m INFO[0m [2mlabwired_core::cpu::cortex_m[0m[2m:[0m CPU STEP 7400000: PC=0x80002e2
[2m2026-02-13T16:48:01.448257Z[0m [32m INFO[0m [2mlabwired_dap::server[0m[2m:[0m DAP OUT: {"seq":82,"type":"event","event":"telemetry","body":{"board_io":[{"active":false,"id":"led_green_pb0","kind":"led","signal":"output"},{"active":false,"id":"led_orange_pf4","kind":"led","signal":"output"},{"active":false,"id":"led_red_pg4","kind":"led","signal":"output"},{"active":false,"id":"button_blue_pc13","kind":"button","signal":"input"}],"cycles":7450000,"mips":0.7327147301298443,"pc":134218466,"registers":{"LR":134217953,"PC":134218466,"R0":0,"R1":134219108,"R10":0,"R11":0,"R12":0,"R2":134219268,"R3":0,"R4":0,"R5":0,"R6":0,"R7":537526264,"R8":0,"R9":0,"SP":537526248}}}
Telemetry: Cycles=7450000, PC=0x80002e2
[2m2026-02-13T16:48:01.523434Z[0m [32m INFO[0m [2mlabwired_core::cpu::cortex_m[0m[2m:[0m CPU STEP 7500000: PC=0x80002e2
[2m2026-02-13T16:48:01.587552Z[0m [32m INFO[0m [2mlabwired_dap::server[0m[2m:[0m DAP OUT: {"seq":83,"type":"event","event":"telemetry","body":{"board_io":[{"active":false,"id":"led_green_pb0","kind":"led","signal":"output"},{"active":false,"id":"led_orange_pf4","kind":"led","signal":"output"},{"active":false,"id":"led_red_pg4","kind":"led","signal":"output"},{"active":false,"id":"button_blue_pc13","kind":"button","signal":"input"}],"cycles":7550000,"mips":0.7175019166269947,"pc":134218466,"registers":{"LR":134217953,"PC":134218466,"R0":0,"R1":134219108,"R10":0,"R11":0,"R12":0,"R2":134219268,"R3":0,"R4":0,"R5":0,"R6":0,"R7":537526264,"R8":0,"R9":0,"SP":537526248}}}
Telemetry: Cycles=7550000, PC=0x80002e2
[2m2026-02-13T16:48:01.653198Z[0m [32m INFO[0m [2mlabwired_core::cpu::cortex_m[0m[2m:[0m CPU STEP 7600000: PC=0x80002e2
[2m2026-02-13T16:48:01.712753Z[0m [32m INFO[0m [2mlabwired_dap::server[0m[2m:[0m DAP OUT: {"seq":84,"type":"event","event":"telemetry","body":{"board_io":[{"active":false,"id":"led_green_pb0","kind":"led","signal":"output"},{"active":false,"id":"led_orange_pf4","kind":"led","signal":"output"},{"active":false,"id":"led_red_pg4","kind":"led","signal":"output"},{"active":false,"id":"button_blue_pc13","kind":"button","signal":"input"}],"cycles":7650000,"mips":0.7988953386550095,"pc":134218466,"registers":{"LR":134217953,"PC":134218466,"R0":0,"R1":134219108,"R10":0,"R11":0,"R12":0,"R2":134219268,"R3":0,"R4":0,"R5":0,"R6":0,"R7":537526264,"R8":0,"R9":0,"SP":537526248}}}
Telemetry: Cycles=7650000, PC=0x80002e2
[2m2026-02-13T16:48:01.785586Z[0m [32m INFO[0m [2mlabwired_core::cpu::cortex_m[0m[2m:[0m CPU STEP 7700000: PC=0x80002e2
[2m2026-02-13T16:48:01.862646Z[0m [32m INFO[0m [2mlabwired_dap::server[0m[2m:[0m DAP OUT: {"seq":85,"type":"event","event":"telemetry","body":{"board_io":[{"active":false,"id":"led_green_pb0","kind":"led","signal":"output"},{"active":false,"id":"led_orange_pf4","kind":"led","signal":"output"},{"active":false,"id":"led_red_pg4","kind":"led","signal":"output"},{"active":false,"id":"button_blue_pc13","kind":"button","signal":"input"}],"cycles":7750000,"mips":0.6671607926361247,"pc":134218466,"registers":{"LR":134217953,"PC":134218466,"R0":0,"R1":134219108,"R10":0,"R11":0,"R12":0,"R2":134219268,"R3":0,"R4":0,"R5":0,"R6":0,"R7":537526264,"R8":0,"R9":0,"SP":537526248}}}
Telemetry: Cycles=7750000, PC=0x80002e2
SUCCESS: Cycles are increasing.
