(100.000000) can0 0CF00400#FFFF001900FFFFFF
(100.000000) can0 18FEF100#FFFFFFFFFFFFFFFF
(100.005000) can0 0CF00400#FFFF001900FFFFFF
(100.010000) can0 0CF00400#FFFF001900FFFFFF
(100.015000) can0 0CF00400#FFFF001900FFFFFF
(100.020000) can0 0CF00400#FFFF001900FFFFFF
(100.025000) can0 0CF00400#FFFF001900FFFFFF
(100.030000) can0 0CF00400#FFFF001900FFFFFF
(100.035000) can0 0CF00400#FFFF001900FFFFFF
(100.040000) can0 0CF00400#FFFF001900FFFFFF
(100.045000) can0 0CF00400#FFFF001900FFFFFF
(100.050000) can0 0CF00400#FFFF001900FFFFFF
(100.055000) can0 0CF00400#FFFF001900FFFFFF
(100.060000) can0 0CF00400#FFFF001900FFFFFF
(100.065000) can0 0CF00400#FFFF001900FFFFFF
(100.070000) can0 0CF00400#FFFF001900FFFFFF
(100.075000) can0 0CF00400#FFFF001900FFFFFF
(100.080000) can0 0CF00400#FFFF001900FFFFFF
(100.085000) can0 0CF00400#FFFF001900FFFFFF
(100.090000) can0 0CF00400#FFFF001900FFFFFF
(100.095000) can0 0CF00400#FFFF001900FFFFFF
(100.100000) can0 0CF00400#FFFF001900FFFFFF
(100.100000) can0 18FEF100#FFFFFFFFFFFFFFFF
(100.105000) can0 0CF00400#FFFF001900FFFFFF
(100.110000) can0 0CF00400#FFFF001900FFFFFF
(100.115000) can0 0CF00400#FFFF001900FFFFFF
(100.120000) can0 0CF00400#FFFF001900FFFFFF
(100.125000) can0 0CF00400#FFFF001900FFFFFF
(100.130000) can0 0CF00400#FFFF001900FFFFFF
(100.135000) can0 0CF00400#FFFF001900FFFFFF
(100.140000) can0 0CF00400#FFFF001900FFFFFF
(100.145000) can0 0CF00400#FFFF001900FFFFFF
(100.150000) can0 0CF00400#FFFF001900FFFFFF
(100.155000) can0 0CF00400#FFFF001900FFFFFF
(100.160000) can0 0CF00400#FFFF001900FFFFFF
(100.165000) can0 0CF00400#FFFF001900FFFFFF
(100.170000) can0 0CF00400#FFFF001900FFFFFF
(100.175000) can0 0CF00400#FFFF001900FFFFFF
(100.180000) can0 0CF00400#FFFF001900FFFFFF
(100.185000) can0 0CF00400#FFFF001900FFFFFF
(100.190000) can0 0CF00400#FFFF001900FFFFFF
(100.195000) can0 0CF00400#FFFF001900FFFFFF
(100.200000) can0 0CF00400#FFFF001900FFFFFF
(100.200000) can0 18FEF100#FFFFFFFFFFFFFFFF
(100.200000) can0 18FECA00#03FF0100007FFFFF
(100.205000) can0 0CF00400#FFFF001900FFFFFF
(100.210000) can0 0CF00400#FFFF001900FFFFFF
(100.210000) can0 18FECA03#00FF0000007FFFFF
(100.215000) can0 0CF00400#FFFF001900FFFFFF
(100.220000) can0 0CF00400#FFFF001900FFFFFF
(100.220000) can0 18FECA0B#00FF0000007FFFFF
(100.225000) can0 0CF00400#FFFF001900FFFFFF
(100.230000) can0 0CF00400#FFFF001900FFFFFF
(100.230000) can0 18FECA0F#00FF0000007FFFFF
(100.235000) can0 0CF00400#FFFF001900FFFFFF
(100.240000) can0 0CF00400#FFFF001900FFFFFF
(100.240000) can0 18FECA10#00FF0000007FFFFF
(100.245000) can0 0CF00400#FFFF001900FFFFFF
(100.250000) can0 0CF00400#FFFF001900FFFFFF
(100.250000) can0 18FECA17#00FF0000007FFFFF
(100.255000) can0 0CF00400#FFFF001900FFFFFF
(100.260000) can0 0CF00400#FFFF001900FFFFFF
(100.260000) can0 18FECA19#00FF0000007FFFFF
(100.265000) can0 0CF00400#FFFF001900FFFFFF
(100.270000) can0 0CF00400#FFFF001900FFFFFF
(100.270000) can0 18FECA21#00FF0000007FFFFF
(100.275000) can0 0CF00400#FFFF001900FFFFFF
(100.280000) can0 0CF00400#FFFF001900FFFFFF
(100.280000) can0 18FECA31#00FF0000007FFFFF
(100.285000) can0 0CF00400#FFFF001900FFFFFF
(100.290000) can0 0CF00400#FFFF001900FFFFFF
(100.295000) can0 0CF00400#FFFF001900FFFFFF
(100.300000) can0 0CF00400#FFFF001900FFFFFF
(100.300000) can0 18FEF100#FFFFFFFFFFFFFFFF
(100.305000) can0 0CF00400#FFFF001900FFFFFF
(100.310000) can0 0CF00400#FFFF001900FFFFFF
(100.315000) can0 0CF00400#FFFF001900FFFFFF
(100.320000) can0 0CF00400#FFFF001900FFFFFF
(100.325000) can0 0CF00400#FFFF001900FFFFFF
(100.330000) can0 0CF00400#FFFF001900FFFFFF
(100.335000) can0 0CF00400#FFFF001900FFFFFF
(100.340000) can0 0CF00400#FFFF001900FFFFFF
(100.345000) can0 0CF00400#FFFF001900FFFFFF
(100.350000) can0 0CF00400#FFFF001900FFFFFF
(100.355000) can0 0CF00400#FFFF001900FFFFFF
(100.360000) can0 0CF00400#FFFF001900FFFFFF
(100.365000) can0 0CF00400#FFFF001900FFFFFF
(100.370000) can0 0CF00400#FFFF001900FFFFFF
(100.375000) can0 0CF00400#FFFF001900FFFFFF
(100.380000) can0 0CF00400#FFFF001900FFFFFF
(100.385000) can0 0CF00400#FFFF001900FFFFFF
(100.390000) can0 0CF00400#FFFF001900FFFFFF
(100.395000) can0 0CF00400#FFFF001900FFFFFF
(100.400000) can0 0CF00400#FFFF001900FFFFFF
(100.400000) can0 18FEF100#FFFFFFFFFFFFFFFF
(100.405000) can0 0CF00400#FFFF001900FFFFFF
(100.410000) can0 0CF00400#FFFF001900FFFFFF
(100.415000) can0 0CF00400#FFFF001900FFFFFF
(100.420000) can0 0CF00400#FFFF001900FFFFFF
(100.425000) can0 0CF00400#FFFF001900FFFFFF
(100.430000) can0 0CF00400#FFFF001900FFFFFF
(100.435000) can0 0CF00400#FFFF001900FFFFFF
(100.440000) can0 0CF00400#FFFF001900FFFFFF
(100.445000) can0 0CF00400#FFFF001900FFFFFF
(100.450000) can0 0CF00400#FFFF001900FFFFFF
(100.455000) can0 0CF00400#FFFF001900FFFFFF
(100.460000) can0 0CF00400#FFFF001900FFFFFF
(100.465000) can0 0CF00400#FFFF001900FFFFFF
(100.470000) can0 0CF00400#FFFF001900FFFFFF
(100.475000) can0 0CF00400#FFFF001900FFFFFF
(100.480000) can0 0CF00400#FFFF001900FFFFFF
(100.485000) can0 0CF00400#FFFF001900FFFFFF
(100.490000) can0 0CF00400#FFFF001900FFFFFF
(100.495000) can0 0CF00400#FFFF001900FFFFFF
(100.500000) can0 0CF00400#FFFF001900FFFFFF
(100.500000) can0 18FEF100#FFFFFFFFFFFFFFFF
(100.500000) can0 1CECFF00#20270006FFE3FE00
(100.505000) can0 0CF00400#FFFF001900FFFFFF
(100.510000) can0 0CF00400#FFFF001900FFFFFF
(100.510000) can0 1CECFF0F#20130003FFE1FE00
(100.515000) can0 0CF00400#FFFF001900FFFFFF
(100.520000) can0 0CF00400#FFFF001900FFFFFF
(100.520000) can0 1CEBFF00#01C012A2A3A4A5A6
(100.525000) can0 0CF00400#FFFF001900FFFFFF
(100.530000) can0 0CF00400#FFFF001900FFFFFF
(100.535000) can0 0CF00400#FFFF001900FFFFFF
(100.535000) can0 1CEBFF0F#0150515253545556
(100.540000) can0 0CF00400#FFFF001900FFFFFF
(100.545000) can0 0CF00400#FFFF001900FFFFFF
(100.550000) can0 0CF00400#FFFF001900FFFFFF
(100.550000) can0 1CEBFF00#02A7A8A9AAABACAD
(100.555000) can0 0CF00400#FFFF001900FFFFFF
(100.560000) can0 0CF00400#FFFF001900FFFFFF
(100.565000) can0 0CF00400#FFFF001900FFFFFF
(100.565000) can0 1CEBFF0F#025758595A5B5C5D
(100.570000) can0 0CF00400#FFFF001900FFFFFF
(100.575000) can0 0CF00400#FFFF001900FFFFFF
(100.580000) can0 0CF00400#FFFF001900FFFFFF
(100.580000) can0 1CEBFF00#03AEAFB0B1B2B3B4
(100.585000) can0 0CF00400#FFFF001900FFFFFF
(100.590000) can0 0CF00400#FFFF001900FFFFFF
(100.595000) can0 0CF00400#FFFF001900FFFFFF
(100.595000) can0 1CEBFF0F#035E5F606162FFFF
(100.600000) can0 0CF00400#FFFF001900FFFFFF
(100.600000) can0 18FEF100#FFFFFFFFFFFFFFFF
(100.605000) can0 0CF00400#FFFF001900FFFFFF
(100.610000) can0 0CF00400#FFFF001900FFFFFF
(100.610000) can0 1CEBFF00#04B5B6B7B8B9BABB
(100.615000) can0 0CF00400#FFFF001900FFFFFF
(100.620000) can0 0CF00400#FFFF001900FFFFFF
(100.625000) can0 0CF00400#FFFF001900FFFFFF
(100.630000) can0 0CF00400#FFFF001900FFFFFF
(100.635000) can0 0CF00400#FFFF001900FFFFFF
(100.640000) can0 0CF00400#FFFF001900FFFFFF
(100.640000) can0 1CEBFF00#05BCBDBEBFC0C1C2
(100.645000) can0 0CF00400#FFFF001900FFFFFF
(100.650000) can0 0CF00400#FFFF001900FFFFFF
(100.655000) can0 0CF00400#FFFF001900FFFFFF
(100.660000) can0 0CF00400#FFFF001900FFFFFF
(100.665000) can0 0CF00400#FFFF001900FFFFFF
(100.670000) can0 0CF00400#FFFF001900FFFFFF
(100.670000) can0 1CEBFF00#06C3C4C5C6FFFFFF
(100.675000) can0 0CF00400#FFFF001900FFFFFF
(100.680000) can0 0CF00400#FFFF001900FFFFFF
(100.685000) can0 0CF00400#FFFF001900FFFFFF
(100.690000) can0 0CF00400#FFFF001900FFFFFF
(100.695000) can0 0CF00400#FFFF001900FFFFFF
(100.700000) can0 0CF00400#FFFF001900FFFFFF
(100.700000) can0 18FEF100#FFFFFFFFFFFFFFFF
(100.705000) can0 0CF00400#FFFF001900FFFFFF
(100.710000) can0 0CF00400#FFFF001900FFFFFF
(100.715000) can0 0CF00400#FFFF001900FFFFFF
(100.720000) can0 0CF00400#FFFF001900FFFFFF
(100.725000) can0 0CF00400#FFFF001900FFFFFF
(100.730000) can0 0CF00400#FFFF001900FFFFFF
(100.735000) can0 0CF00400#FFFF001900FFFFFF
(100.740000) can0 0CF00400#FFFF001900FFFFFF
(100.745000) can0 0CF00400#FFFF001900FFFFFF
(100.750000) can0 0CF00400#FFFF001900FFFFFF
(100.755000) can0 0CF00400#FFFF001900FFFFFF
(100.760000) can0 0CF00400#FFFF001900FFFFFF
(100.765000) can0 0CF00400#FFFF001900FFFFFF
(100.770000) can0 0CF00400#FFFF001900FFFFFF
(100.775000) can0 0CF00400#FFFF001900FFFFFF
(100.780000) can0 0CF00400#FFFF001900FFFFFF
(100.785000) can0 0CF00400#FFFF001900FFFFFF
(100.790000) can0 0CF00400#FFFF001900FFFFFF
(100.795000) can0 0CF00400#FFFF001900FFFFFF
(100.800000) can0 0CF00400#FFFF001900FFFFFF
(100.800000) can0 18FEF100#FFFFFFFFFFFFFFFF
(100.805000) can0 0CF00400#FFFF001900FFFFFF
(100.810000) can0 0CF00400#FFFF001900FFFFFF
(100.815000) can0 0CF00400#FFFF001900FFFFFF
(100.820000) can0 0CF00400#FFFF001900FFFFFF
(100.825000) can0 0CF00400#FFFF001900FFFFFF
(100.830000) can0 0CF00400#FFFF001900FFFFFF
(100.835000) can0 0CF00400#FFFF001900FFFFFF
(100.840000) can0 0CF00400#FFFF001900FFFFFF
(100.845000) can0 0CF00400#FFFF001900FFFFFF
(100.850000) can0 0CF00400#FFFF001900FFFFFF
(100.855000) can0 0CF00400#FFFF001900FFFFFF
(100.860000) can0 0CF00400#FFFF001900FFFFFF
(100.865000) can0 0CF00400#FFFF001900FFFFFF
(100.870000) can0 0CF00400#FFFF001900FFFFFF
(100.875000) can0 0CF00400#FFFF001900FFFFFF
(100.880000) can0 0CF00400#FFFF001900FFFFFF
(100.885000) can0 0CF00400#FFFF001900FFFFFF
(100.890000) can0 0CF00400#FFFF001900FFFFFF
(100.895000) can0 0CF00400#FFFF001900FFFFFF
(100.900000) can0 0CF00400#FFFF001900FFFFFF
(100.900000) can0 18FEF100#FFFFFFFFFFFFFFFF
(100.905000) can0 0CF00400#FFFF001900FFFFFF
(100.910000) can0 0CF00400#FFFF001900FFFFFF
(100.915000) can0 0CF00400#FFFF001900FFFFFF
(100.920000) can0 0CF00400#FFFF001900FFFFFF
(100.925000) can0 0CF00400#FFFF001900FFFFFF
(100.930000) can0 0CF00400#FFFF001900FFFFFF
(100.935000) can0 0CF00400#FFFF001900FFFFFF
(100.940000) can0 0CF00400#FFFF001900FFFFFF
(100.945000) can0 0CF00400#FFFF001900FFFFFF
(100.950000) can0 0CF00400#FFFF001900FFFFFF
(100.955000) can0 0CF00400#FFFF001900FFFFFF
(100.960000) can0 0CF00400#FFFF001900FFFFFF
(100.965000) can0 0CF00400#FFFF001900FFFFFF
(100.970000) can0 0CF00400#FFFF001900FFFFFF
(100.975000) can0 0CF00400#FFFF001900FFFFFF
(100.980000) can0 0CF00400#FFFF001900FFFFFF
(100.985000) can0 0CF00400#FFFF001900FFFFFF
(100.990000) can0 0CF00400#FFFF001900FFFFFF
(100.995000) can0 0CF00400#FFFF001900FFFFFF
(101.000000) can0 0CF00400#FFFF001900FFFFFF
(101.000000) can0 18FEF100#FFFFFFFFFFFFFFFF
(101.005000) can0 0CF00400#FFFF001900FFFFFF
(101.010000) can0 0CF00400#FFFF001900FFFFFF
(101.015000) can0 0CF00400#FFFF001900FFFFFF
(101.020000) can0 0CF00400#FFFF001900FFFFFF
(101.025000) can0 0CF00400#FFFF001900FFFFFF
(101.030000) can0 0CF00400#FFFF001900FFFFFF
(101.035000) can0 0CF00400#FFFF001900FFFFFF
(101.040000) can0 0CF00400#FFFF001900FFFFFF
(101.045000) can0 0CF00400#FFFF001900FFFFFF
(101.050000) can0 0CF00400#FFFF001900FFFFFF
(101.055000) can0 0CF00400#FFFF001900FFFFFF
(101.060000) can0 0CF00400#FFFF001900FFFFFF
(101.065000) can0 0CF00400#FFFF001900FFFFFF
(101.070000) can0 0CF00400#FFFF001900FFFFFF
(101.075000) can0 0CF00400#FFFF001900FFFFFF
(101.080000) can0 0CF00400#FFFF001900FFFFFF
(101.085000) can0 0CF00400#FFFF001900FFFFFF
(101.090000) can0 0CF00400#FFFF001900FFFFFF
(101.095000) can0 0CF00400#FFFF001900FFFFFF
(101.100000) can0 0CF00400#FFFF001900FFFFFF
(101.100000) can0 18FEF100#FFFFFFFFFFFFFFFF
(101.105000) can0 0CF00400#FFFF001900FFFFFF
(101.110000) can0 0CF00400#FFFF001900FFFFFF
(101.115000) can0 0CF00400#FFFF001900FFFFFF
(101.120000) can0 0CF00400#FFFF001900FFFFFF
(101.125000) can0 0CF00400#FFFF001900FFFFFF
(101.130000) can0 0CF00400#FFFF001900FFFFFF
(101.135000) can0 0CF00400#FFFF001900FFFFFF
(101.140000) can0 0CF00400#FFFF001900FFFFFF
(101.145000) can0 0CF00400#FFFF001900FFFFFF
(101.150000) can0 0CF00400#FFFF001900FFFFFF
(101.155000) can0 0CF00400#FFFF001900FFFFFF
(101.160000) can0 0CF00400#FFFF001900FFFFFF
(101.165000) can0 0CF00400#FFFF001900FFFFFF
(101.170000) can0 0CF00400#FFFF001900FFFFFF
(101.175000) can0 0CF00400#FFFF001900FFFFFF
(101.180000) can0 0CF00400#FFFF001900FFFFFF
(101.185000) can0 0CF00400#FFFF001900FFFFFF
(101.190000) can0 0CF00400#FFFF001900FFFFFF
(101.195000) can0 0CF00400#FFFF001900FFFFFF
(101.200000) can0 0CF00400#FFFF001900FFFFFF
(101.200000) can0 18FEF100#FFFFFFFFFFFFFFFF
(101.200000) can0 18FECA00#03FF0100007FFFFF
(101.205000) can0 0CF00400#FFFF001900FFFFFF
(101.210000) can0 0CF00400#FFFF001900FFFFFF
(101.210000) can0 18FECA03#00FF0000007FFFFF
(101.215000) can0 0CF00400#FFFF001900FFFFFF
(101.220000) can0 0CF00400#FFFF001900FFFFFF
(101.220000) can0 18FECA0B#00FF0000007FFFFF
(101.225000) can0 0CF00400#FFFF001900FFFFFF
(101.230000) can0 0CF00400#FFFF001900FFFFFF
(101.230000) can0 18FECA0F#00FF0000007FFFFF
(101.235000) can0 0CF00400#FFFF001900FFFFFF
(101.240000) can0 0CF00400#FFFF001900FFFFFF
(101.240000) can0 18FECA10#00FF0000007FFFFF
(101.245000) can0 0CF00400#FFFF001900FFFFFF
(101.250000) can0 0CF00400#FFFF001900FFFFFF
(101.250000) can0 18FECA17#00FF0000007FFFFF
(101.255000) can0 0CF00400#FFFF001900FFFFFF
(101.260000) can0 0CF00400#FFFF001900FFFFFF
(101.260000) can0 18FECA19#00FF0000007FFFFF
(101.265000) can0 0CF00400#FFFF001900FFFFFF
(101.270000) can0 0CF00400#FFFF001900FFFFFF
(101.270000) can0 18FECA21#00FF0000007FFFFF
(101.275000) can0 0CF00400#FFFF001900FFFFFF
(101.280000) can0 0CF00400#FFFF001900FFFFFF
(101.280000) can0 18FECA31#00FF0000007FFFFF
(101.285000) can0 0CF00400#FFFF001900FFFFFF
(101.290000) can0 0CF00400#FFFF001900FFFFFF
(101.295000) can0 0CF00400#FFFF001900FFFFFF
(101.300000) can0 0CF00400#FFFF001900FFFFFF
(101.300000) can0 18FEF100#FFFFFFFFFFFFFFFF
(101.305000) can0 0CF00400#FFFF001900FFFFFF
(101.310000) can0 0CF00400#FFFF001900FFFFFF
(101.315000) can0 0CF00400#FFFF001900FFFFFF
(101.320000) can0 0CF00400#FFFF001900FFFFFF
(101.325000) can0 0CF00400#FFFF001900FFFFFF
(101.330000) can0 0CF00400#FFFF001900FFFFFF
(101.335000) can0 0CF00400#FFFF001900FFFFFF
(101.340000) can0 0CF00400#FFFF001900FFFFFF
(101.345000) can0 0CF00400#FFFF001900FFFFFF
(101.350000) can0 0CF00400#FFFF001900FFFFFF
(101.355000) can0 0CF00400#FFFF001900FFFFFF
(101.360000) can0 0CF00400#FFFF001900FFFFFF
(101.365000) can0 0CF00400#FFFF001900FFFFFF
(101.370000) can0 0CF00400#FFFF001900FFFFFF
(101.375000) can0 0CF00400#FFFF001900FFFFFF
(101.380000) can0 0CF00400#FFFF001900FFFFFF
(101.385000) can0 0CF00400#FFFF001900FFFFFF
(101.390000) can0 0CF00400#FFFF001900FFFFFF
(101.395000) can0 0CF00400#FFFF001900FFFFFF
(101.400000) can0 0CF00400#FFFF001900FFFFFF
(101.400000) can0 18FEF100#FFFFFFFFFFFFFFFF
(101.405000) can0 0CF00400#FFFF001900FFFFFF
(101.410000) can0 0CF00400#FFFF001900FFFFFF
(101.415000) can0 0CF00400#FFFF001900FFFFFF
(101.420000) can0 0CF00400#FFFF001900FFFFFF
(101.425000) can0 0CF00400#FFFF001900FFFFFF
(101.430000) can0 0CF00400#FFFF001900FFFFFF
(101.435000) can0 0CF00400#FFFF001900FFFFFF
(101.440000) can0 0CF00400#FFFF001900FFFFFF
(101.445000) can0 0CF00400#FFFF001900FFFFFF
(101.450000) can0 0CF00400#FFFF001900FFFFFF
(101.455000) can0 0CF00400#FFFF001900FFFFFF
(101.460000) can0 0CF00400#FFFF001900FFFFFF
(101.465000) can0 0CF00400#FFFF001900FFFFFF
(101.470000) can0 0CF00400#FFFF001900FFFFFF
(101.475000) can0 0CF00400#FFFF001900FFFFFF
(101.480000) can0 0CF00400#FFFF001900FFFFFF
(101.485000) can0 0CF00400#FFFF001900FFFFFF
(101.490000) can0 0CF00400#FFFF001900FFFFFF
(101.495000) can0 0CF00400#FFFF001900FFFFFF
(101.500000) can0 0CF00400#FFFF001900FFFFFF
(101.500000) can0 18FEF100#FFFFFFFFFFFFFFFF
(101.505000) can0 0CF00400#FFFF001900FFFFFF
(101.510000) can0 0CF00400#FFFF001900FFFFFF
(101.515000) can0 0CF00400#FFFF001900FFFFFF
(101.520000) can0 0CF00400#FFFF001900FFFFFF
(101.525000) can0 0CF00400#FFFF001900FFFFFF
(101.530000) can0 0CF00400#FFFF001900FFFFFF
(101.535000) can0 0CF00400#FFFF001900FFFFFF
(101.540000) can0 0CF00400#FFFF001900FFFFFF
(101.545000) can0 0CF00400#FFFF001900FFFFFF
(101.550000) can0 0CF00400#FFFF001900FFFFFF
(101.555000) can0 0CF00400#FFFF001900FFFFFF
(101.560000) can0 0CF00400#FFFF001900FFFFFF
(101.565000) can0 0CF00400#FFFF001900FFFFFF
(101.570000) can0 0CF00400#FFFF001900FFFFFF
(101.575000) can0 0CF00400#FFFF001900FFFFFF
(101.580000) can0 0CF00400#FFFF001900FFFFFF
(101.585000) can0 0CF00400#FFFF001900FFFFFF
(101.590000) can0 0CF00400#FFFF001900FFFFFF
(101.595000) can0 0CF00400#FFFF001900FFFFFF
(101.600000) can0 0CF00400#FFFF001900FFFFFF
(101.600000) can0 18FEF100#FFFFFFFFFFFFFFFF
(101.605000) can0 0CF00400#FFFF001900FFFFFF
(101.610000) can0 0CF00400#FFFF001900FFFFFF
(101.615000) can0 0CF00400#FFFF001900FFFFFF
(101.620000) can0 0CF00400#FFFF001900FFFFFF
(101.625000) can0 0CF00400#FFFF001900FFFFFF
(101.630000) can0 0CF00400#FFFF001900FFFFFF
(101.635000) can0 0CF00400#FFFF001900FFFFFF
(101.640000) can0 0CF00400#FFFF001900FFFFFF
(101.645000) can0 0CF00400#FFFF001900FFFFFF
(101.650000) can0 0CF00400#FFFF001900FFFFFF
(101.655000) can0 0CF00400#FFFF001900FFFFFF
(101.660000) can0 0CF00400#FFFF001900FFFFFF
(101.665000) can0 0CF00400#FFFF001900FFFFFF
(101.670000) can0 0CF00400#FFFF001900FFFFFF
(101.675000) can0 0CF00400#FFFF001900FFFFFF
(101.680000) can0 0CF00400#FFFF001900FFFFFF
(101.685000) can0 0CF00400#FFFF001900FFFFFF
(101.690000) can0 0CF00400#FFFF001900FFFFFF
(101.695000) can0 0CF00400#FFFF001900FFFFFF
(101.700000) can0 0CF00400#FFFF001900FFFFFF
(101.700000) can0 18FEF100#FFFFFFFFFFFFFFFF
(101.705000) can0 0CF00400#FFFF001900FFFFFF
(101.710000) can0 0CF00400#FFFF001900FFFFFF
(101.715000) can0 0CF00400#FFFF001900FFFFFF
(101.720000) can0 0CF00400#FFFF001900FFFFFF
(101.725000) can0 0CF00400#FFFF001900FFFFFF
(101.730000) can0 0CF00400#FFFF001900FFFFFF
(101.735000) can0 0CF00400#FFFF001900FFFFFF
(101.740000) can0 0CF00400#FFFF001900FFFFFF
(101.745000) can0 0CF00400#FFFF001900FFFFFF
(101.750000) can0 0CF00400#FFFF001900FFFFFF
(101.755000) can0 0CF00400#FFFF001900FFFFFF
(101.760000) can0 0CF00400#FFFF001900FFFFFF
(101.765000) can0 0CF00400#FFFF001900FFFFFF
(101.770000) can0 0CF00400#FFFF001900FFFFFF
(101.775000) can0 0CF00400#FFFF001900FFFFFF
(101.780000) can0 0CF00400#FFFF001900FFFFFF
(101.785000) can0 0CF00400#FFFF001900FFFFFF
(101.790000) can0 0CF00400#FFFF001900FFFFFF
(101.795000) can0 0CF00400#FFFF001900FFFFFF
(101.800000) can0 0CF00400#FFFF001900FFFFFF
(101.800000) can0 18FEF100#FFFFFFFFFFFFFFFF
(101.805000) can0 0CF00400#FFFF001900FFFFFF
(101.810000) can0 0CF00400#FFFF001900FFFFFF
(101.815000) can0 0CF00400#FFFF001900FFFFFF
(101.820000) can0 0CF00400#FFFF001900FFFFFF
(101.825000) can0 0CF00400#FFFF001900FFFFFF
(101.830000) can0 0CF00400#FFFF001900FFFFFF
(101.835000) can0 0CF00400#FFFF001900FFFFFF
(101.840000) can0 0CF00400#FFFF001900FFFFFF
(101.845000) can0 0CF00400#FFFF001900FFFFFF
(101.850000) can0 0CF00400#FFFF001900FFFFFF
(101.855000) can0 0CF00400#FFFF001900FFFFFF
(101.860000) can0 0CF00400#FFFF001900FFFFFF
(101.865000) can0 0CF00400#FFFF001900FFFFFF
(101.870000) can0 0CF00400#FFFF001900FFFFFF
(101.875000) can0 0CF00400#FFFF001900FFFFFF
(101.880000) can0 0CF00400#FFFF001900FFFFFF
(101.885000) can0 0CF00400#FFFF001900FFFFFF
(101.890000) can0 0CF00400#FFFF001900FFFFFF
(101.895000) can0 0CF00400#FFFF001900FFFFFF
(101.900000) can0 0CF00400#FFFF001900FFFFFF
(101.900000) can0 18FEF100#FFFFFFFFFFFFFFFF
(101.905000) can0 0CF00400#FFFF001900FFFFFF
(101.910000) can0 0CF00400#FFFF001900FFFFFF
(101.915000) can0 0CF00400#FFFF001900FFFFFF
(101.920000) can0 0CF00400#FFFF001900FFFFFF
(101.925000) can0 0CF00400#FFFF001900FFFFFF
(101.930000) can0 0CF00400#FFFF001900FFFFFF
(101.935000) can0 0CF00400#FFFF001900FFFFFF
(101.940000) can0 0CF00400#FFFF001900FFFFFF
(101.945000) can0 0CF00400#FFFF001900FFFFFF
(101.950000) can0 0CF00400#FFFF001900FFFFFF
(101.955000) can0 0CF00400#FFFF001900FFFFFF
(101.960000) can0 0CF00400#FFFF001900FFFFFF
(101.965000) can0 0CF00400#FFFF001900FFFFFF
(101.970000) can0 0CF00400#FFFF001900FFFFFF
(101.975000) can0 0CF00400#FFFF001900FFFFFF
(101.980000) can0 0CF00400#FFFF001900FFFFFF
(101.985000) can0 0CF00400#FFFF001900FFFFFF
(101.990000) can0 0CF00400#FFFF001900FFFFFF
(101.995000) can0 0CF00400#FFFF001900FFFFFF
(102.000000) can0 0CF00400#FFFF001900FFFFFF
(102.000000) can0 18FEF100#FFFFFFFFFFFFFFFF
(102.005000) can0 0CF00400#FFFF001900FFFFFF
(102.010000) can0 0CF00400#FFFF001900FFFFFF
(102.015000) can0 0CF00400#FFFF001900FFFFFF
(102.020000) can0 0CF00400#FFFF001900FFFFFF
(102.025000) can0 0CF00400#FFFF001900FFFFFF
(102.030000) can0 0CF00400#FFFF001900FFFFFF
(102.035000) can0 0CF00400#FFFF001900FFFFFF
(102.040000) can0 0CF00400#FFFF001900FFFFFF
(102.045000) can0 0CF00400#FFFF001900FFFFFF
(102.050000) can0 0CF00400#FFFF001900FFFFFF
(102.055000) can0 0CF00400#FFFF001900FFFFFF
(102.060000) can0 0CF00400#FFFF001900FFFFFF
(102.065000) can0 0CF00400#FFFF001900FFFFFF
(102.070000) can0 0CF00400#FFFF001900FFFFFF
(102.075000) can0 0CF00400#FFFF001900FFFFFF
(102.080000) can0 0CF00400#FFFF001900FFFFFF
(102.085000) can0 0CF00400#FFFF001900FFFFFF
(102.090000) can0 0CF00400#FFFF001900FFFFFF
(102.095000) can0 0CF00400#FFFF001900FFFFFF
(102.100000) can0 0CF00400#FFFF001900FFFFFF
(102.100000) can0 18FEF100#FFFFFFFFFFFFFFFF
(102.105000) can0 0CF00400#FFFF001900FFFFFF
(102.110000) can0 0CF00400#FFFF001900FFFFFF
(102.115000) can0 0CF00400#FFFF001900FFFFFF
(102.120000) can0 0CF00400#FFFF001900FFFFFF
(102.125000) can0 0CF00400#FFFF001900FFFFFF
(102.130000) can0 0CF00400#FFFF001900FFFFFF
(102.135000) can0 0CF00400#FFFF001900FFFFFF
(102.140000) can0 0CF00400#FFFF001900FFFFFF
(102.145000) can0 0CF00400#FFFF001900FFFFFF
(102.150000) can0 0CF00400#FFFF001900FFFFFF
(102.155000) can0 0CF00400#FFFF001900FFFFFF
(102.160000) can0 0CF00400#FFFF001900FFFFFF
(102.165000) can0 0CF00400#FFFF001900FFFFFF
(102.170000) can0 0CF00400#FFFF001900FFFFFF
(102.175000) can0 0CF00400#FFFF001900FFFFFF
(102.180000) can0 0CF00400#FFFF001900FFFFFF
(102.185000) can0 0CF00400#FFFF001900FFFFFF
(102.190000) can0 0CF00400#FFFF001900FFFFFF
(102.195000) can0 0CF00400#FFFF001900FFFFFF
(102.200000) can0 0CF00400#FFFF001900FFFFFF
(102.200000) can0 18FEF100#FFFFFFFFFFFFFFFF
(102.200000) can0 18FECA00#03FF0100007FFFFF
(102.205000) can0 0CF00400#FFFF001900FFFFFF
(102.210000) can0 0CF00400#FFFF001900FFFFFF
(102.210000) can0 18FECA03#00FF0000007FFFFF
(102.215000) can0 0CF00400#FFFF001900FFFFFF
(102.220000) can0 0CF00400#FFFF001900FFFFFF
(102.220000) can0 18FECA0B#00FF0000007FFFFF
(102.225000) can0 0CF00400#FFFF001900FFFFFF
(102.230000) can0 0CF00400#FFFF001900FFFFFF
(102.230000) can0 18FECA0F#00FF0000007FFFFF
(102.235000) can0 0CF00400#FFFF001900FFFFFF
(102.240000) can0 0CF00400#FFFF001900FFFFFF
(102.240000) can0 18FECA10#00FF0000007FFFFF
(102.245000) can0 0CF00400#FFFF001900FFFFFF
(102.250000) can0 0CF00400#FFFF001900FFFFFF
(102.250000) can0 18FECA17#00FF0000007FFFFF
(102.255000) can0 0CF00400#FFFF001900FFFFFF
(102.260000) can0 0CF00400#FFFF001900FFFFFF
(102.260000) can0 18FECA19#00FF0000007FFFFF
(102.265000) can0 0CF00400#FFFF001900FFFFFF
(102.270000) can0 0CF00400#FFFF001900FFFFFF
(102.270000) can0 18FECA21#00FF0000007FFFFF
(102.275000) can0 0CF00400#FFFF001900FFFFFF
(102.280000) can0 0CF00400#FFFF001900FFFFFF
(102.280000) can0 18FECA31#00FF0000007FFFFF
(102.285000) can0 0CF00400#FFFF001900FFFFFF
(102.290000) can0 0CF00400#FFFF001900FFFFFF
(102.295000) can0 0CF00400#FFFF001900FFFFFF
(102.300000) can0 0CF00400#FFFF001900FFFFFF
(102.300000) can0 18FEF100#FFFFFFFFFFFFFFFF
(102.305000) can0 0CF00400#FFFF001900FFFFFF
(102.310000) can0 0CF00400#FFFF001900FFFFFF
(102.315000) can0 0CF00400#FFFF001900FFFFFF
(102.320000) can0 0CF00400#FFFF001900FFFFFF
(102.325000) can0 0CF00400#FFFF001900FFFFFF
(102.330000) can0 0CF00400#FFFF001900FFFFFF
(102.335000) can0 0CF00400#FFFF001900FFFFFF
(102.340000) can0 0CF00400#FFFF001900FFFFFF
(102.345000) can0 0CF00400#FFFF001900FFFFFF
(102.350000) can0 0CF00400#FFFF001900FFFFFF
(102.355000) can0 0CF00400#FFFF001900FFFFFF
(102.360000) can0 0CF00400#FFFF001900FFFFFF
(102.365000) can0 0CF00400#FFFF001900FFFFFF
(102.370000) can0 0CF00400#FFFF001900FFFFFF
(102.375000) can0 0CF00400#FFFF001900FFFFFF
(102.380000) can0 0CF00400#FFFF001900FFFFFF
(102.385000) can0 0CF00400#FFFF001900FFFFFF
(102.390000) can0 0CF00400#FFFF001900FFFFFF
(102.395000) can0 0CF00400#FFFF001900FFFFFF
(102.400000) can0 0CF00400#FFFF001900FFFFFF
(102.400000) can0 18FEF100#FFFFFFFFFFFFFFFF
(102.405000) can0 0CF00400#FFFF001900FFFFFF
(102.410000) can0 0CF00400#FFFF001900FFFFFF
(102.415000) can0 0CF00400#FFFF001900FFFFFF
(102.420000) can0 0CF00400#FFFF001900FFFFFF
(102.425000) can0 0CF00400#FFFF001900FFFFFF
(102.430000) can0 0CF00400#FFFF001900FFFFFF
(102.435000) can0 0CF00400#FFFF001900FFFFFF
(102.440000) can0 0CF00400#FFFF001900FFFFFF
(102.445000) can0 0CF00400#FFFF001900FFFFFF
(102.450000) can0 0CF00400#FFFF001900FFFFFF
(102.455000) can0 0CF00400#FFFF001900FFFFFF
(102.460000) can0 0CF00400#FFFF001900FFFFFF
(102.465000) can0 0CF00400#FFFF001900FFFFFF
(102.470000) can0 0CF00400#FFFF001900FFFFFF
(102.475000) can0 0CF00400#FFFF001900FFFFFF
(102.480000) can0 0CF00400#FFFF001900FFFFFF
(102.485000) can0 0CF00400#FFFF001900FFFFFF
(102.490000) can0 0CF00400#FFFF001900FFFFFF
(102.495000) can0 0CF00400#FFFF001900FFFFFF
(102.500000) can0 0CF00400#FFFF001900FFFFFF
(102.500000) can0 18FEF100#FFFFFFFFFFFFFFFF
(102.505000) can0 0CF00400#FFFF001900FFFFFF
(102.510000) can0 0CF00400#FFFF001900FFFFFF
(102.515000) can0 0CF00400#FFFF001900FFFFFF
(102.520000) can0 0CF00400#FFFF001900FFFFFF
(102.525000) can0 0CF00400#FFFF001900FFFFFF
(102.530000) can0 0CF00400#FFFF001900FFFFFF
(102.535000) can0 0CF00400#FFFF001900FFFFFF
(102.540000) can0 0CF00400#FFFF001900FFFFFF
(102.545000) can0 0CF00400#FFFF001900FFFFFF
(102.550000) can0 0CF00400#FFFF001900FFFFFF
(102.555000) can0 0CF00400#FFFF001900FFFFFF
(102.560000) can0 0CF00400#FFFF001900FFFFFF
(102.565000) can0 0CF00400#FFFF001900FFFFFF
(102.570000) can0 0CF00400#FFFF001900FFFFFF
(102.575000) can0 0CF00400#FFFF001900FFFFFF
(102.580000) can0 0CF00400#FFFF001900FFFFFF
(102.585000) can0 0CF00400#FFFF001900FFFFFF
(102.590000) can0 0CF00400#FFFF001900FFFFFF
(102.595000) can0 0CF00400#FFFF001900FFFFFF
(102.600000) can0 0CF00400#FFFF001900FFFFFF
(102.600000) can0 18FEF100#FFFFFFFFFFFFFFFF
(102.605000) can0 0CF00400#FFFF001900FFFFFF
(102.610000) can0 0CF00400#FFFF001900FFFFFF
(102.615000) can0 0CF00400#FFFF001900FFFFFF
(102.620000) can0 0CF00400#FFFF001900FFFFFF
(102.625000) can0 0CF00400#FFFF001900FFFFFF
(102.630000) can0 0CF00400#FFFF001900FFFFFF
(102.635000) can0 0CF00400#FFFF001900FFFFFF
(102.640000) can0 0CF00400#FFFF001900FFFFFF
(102.645000) can0 0CF00400#FFFF001900FFFFFF
(102.650000) can0 0CF00400#FFFF001900FFFFFF
(102.655000) can0 0CF00400#FFFF001900FFFFFF
(102.660000) can0 0CF00400#FFFF001900FFFFFF
(102.665000) can0 0CF00400#FFFF001900FFFFFF
(102.670000) can0 0CF00400#FFFF001900FFFFFF
(102.675000) can0 0CF00400#FFFF001900FFFFFF
(102.680000) can0 0CF00400#FFFF001900FFFFFF
(102.685000) can0 0CF00400#FFFF001900FFFFFF
(102.690000) can0 0CF00400#FFFF001900FFFFFF
(102.695000) can0 0CF00400#FFFF001900FFFFFF
(102.700000) can0 0CF00400#FFFF001900FFFFFF
(102.700000) can0 18FEF100#FFFFFFFFFFFFFFFF
(102.705000) can0 0CF00400#FFFF001900FFFFFF
(102.710000) can0 0CF00400#FFFF001900FFFFFF
(102.715000) can0 0CF00400#FFFF001900FFFFFF
(102.720000) can0 0CF00400#FFFF001900FFFFFF
(102.725000) can0 0CF00400#FFFF001900FFFFFF
(102.730000) can0 0CF00400#FFFF001900FFFFFF
(102.735000) can0 0CF00400#FFFF001900FFFFFF
(102.740000) can0 0CF00400#FFFF001900FFFFFF
(102.745000) can0 0CF00400#FFFF001900FFFFFF
(102.750000) can0 0CF00400#FFFF001900FFFFFF
(102.755000) can0 0CF00400#FFFF001900FFFFFF
(102.760000) can0 0CF00400#FFFF001900FFFFFF
(102.765000) can0 0CF00400#FFFF001900FFFFFF
(102.770000) can0 0CF00400#FFFF001900FFFFFF
(102.775000) can0 0CF00400#FFFF001900FFFFFF
(102.780000) can0 0CF00400#FFFF001900FFFFFF
(102.785000) can0 0CF00400#FFFF001900FFFFFF
(102.790000) can0 0CF00400#FFFF001900FFFFFF
(102.795000) can0 0CF00400#FFFF001900FFFFFF
(102.800000) can0 0CF00400#FFFF001900FFFFFF
(102.800000) can0 18FEF100#FFFFFFFFFFFFFFFF
(102.805000) can0 0CF00400#FFFF001900FFFFFF
(102.810000) can0 0CF00400#FFFF001900FFFFFF
(102.815000) can0 0CF00400#FFFF001900FFFFFF
(102.820000) can0 0CF00400#FFFF001900FFFFFF
(102.825000) can0 0CF00400#FFFF001900FFFFFF
(102.830000) can0 0CF00400#FFFF001900FFFFFF
(102.835000) can0 0CF00400#FFFF001900FFFFFF
(102.840000) can0 0CF00400#FFFF001900FFFFFF
(102.845000) can0 0CF00400#FFFF001900FFFFFF
(102.850000) can0 0CF00400#FFFF001900FFFFFF
(102.855000) can0 0CF00400#FFFF001900FFFFFF
(102.860000) can0 0CF00400#FFFF001900FFFFFF
(102.865000) can0 0CF00400#FFFF001900FFFFFF
(102.870000) can0 0CF00400#FFFF001900FFFFFF
(102.875000) can0 0CF00400#FFFF001900FFFFFF
(102.880000) can0 0CF00400#FFFF001900FFFFFF
(102.885000) can0 0CF00400#FFFF001900FFFFFF
(102.890000) can0 0CF00400#FFFF001900FFFFFF
(102.895000) can0 0CF00400#FFFF001900FFFFFF
(102.900000) can0 0CF00400#FFFF001900FFFFFF
(102.900000) can0 18FEF100#FFFFFFFFFFFFFFFF
(102.905000) can0 0CF00400#FFFF001900FFFFFF
(102.910000) can0 0CF00400#FFFF001900FFFFFF
(102.915000) can0 0CF00400#FFFF001900FFFFFF
(102.920000) can0 0CF00400#FFFF001900FFFFFF
(102.925000) can0 0CF00400#FFFF001900FFFFFF
(102.930000) can0 0CF00400#FFFF001900FFFFFF
(102.935000) can0 0CF00400#FFFF001900FFFFFF
(102.940000) can0 0CF00400#FFFF001900FFFFFF
(102.945000) can0 0CF00400#FFFF001900FFFFFF
(102.950000) can0 0CF00400#FFFF001900FFFFFF
(102.955000) can0 0CF00400#FFFF001900FFFFFF
(102.960000) can0 0CF00400#FFFF001900FFFFFF
(102.965000) can0 0CF00400#FFFF001900FFFFFF
(102.970000) can0 0CF00400#FFFF001900FFFFFF
(102.975000) can0 0CF00400#FFFF001900FFFFFF
(102.980000) can0 0CF00400#FFFF001900FFFFFF
(102.985000) can0 0CF00400#FFFF001900FFFFFF
(102.990000) can0 0CF00400#FFFF001900FFFFFF
(102.995000) can0 0CF00400#FFFF001900FFFFFF
(103.000000) can0 0CF00400#FFFF001900FFFFFF
(103.000000) can0 18FEF100#FFFFFFFFFFFFFFFF
(103.000000) can0 1CECFF00#20270006FFE3FE00
(103.005000) can0 0CF00400#FFFF001900FFFFFF
(103.010000) can0 0CF00400#FFFF001900FFFFFF
(103.010000) can0 1CECFF0F#20130003FFE1FE00
(103.015000) can0 0CF00400#FFFF001900FFFFFF
(103.020000) can0 0CF00400#FFFF001900FFFFFF
(103.020000) can0 1CEBFF00#01C012A2A3A4A5A6
(103.025000) can0 0CF00400#FFFF001900FFFFFF
(103.030000) can0 0CF00400#FFFF001900FFFFFF
(103.035000) can0 0CF00400#FFFF001900FFFFFF
(103.035000) can0 1CEBFF0F#0150515253545556
(103.040000) can0 0CF00400#FFFF001900FFFFFF
(103.045000) can0 0CF00400#FFFF001900FFFFFF
(103.050000) can0 0CF00400#FFFF001900FFFFFF
(103.050000) can0 1CEBFF00#02A7A8A9AAABACAD
(103.055000) can0 0CF00400#FFFF001900FFFFFF
(103.060000) can0 0CF00400#FFFF001900FFFFFF
(103.065000) can0 0CF00400#FFFF001900FFFFFF
(103.065000) can0 1CEBFF0F#025758595A5B5C5D
(103.070000) can0 0CF00400#FFFF001900FFFFFF
(103.075000) can0 0CF00400#FFFF001900FFFFFF
(103.080000) can0 0CF00400#FFFF001900FFFFFF
(103.080000) can0 1CEBFF00#03AEAFB0B1B2B3B4
(103.085000) can0 0CF00400#FFFF001900FFFFFF
(103.090000) can0 0CF00400#FFFF001900FFFFFF
(103.095000) can0 0CF00400#FFFF001900FFFFFF
(103.095000) can0 1CEBFF0F#035E5F606162FFFF
(103.100000) can0 0CF00400#FFFF001900FFFFFF
(103.100000) can0 18FEF100#FFFFFFFFFFFFFFFF
(103.105000) can0 0CF00400#FFFF001900FFFFFF
(103.110000) can0 0CF00400#FFFF001900FFFFFF
(103.110000) can0 1CEBFF00#04B5B6B7B8B9BABB
(103.115000) can0 0CF00400#FFFF001900FFFFFF
(103.120000) can0 0CF00400#FFFF001900FFFFFF
(103.125000) can0 0CF00400#FFFF001900FFFFFF
(103.130000) can0 0CF00400#FFFF001900FFFFFF
(103.135000) can0 0CF00400#FFFF001900FFFFFF
(103.140000) can0 0CF00400#FFFF001900FFFFFF
(103.140000) can0 1CEBFF00#05BCBDBEBFC0C1C2
(103.145000) can0 0CF00400#FFFF001900FFFFFF
(103.150000) can0 0CF00400#FFFF001900FFFFFF
(103.155000) can0 0CF00400#FFFF001900FFFFFF
(103.160000) can0 0CF00400#FFFF001900FFFFFF
(103.165000) can0 0CF00400#FFFF001900FFFFFF
(103.170000) can0 0CF00400#FFFF001900FFFFFF
(103.170000) can0 1CEBFF00#06C3C4C5C6FFFFFF
(103.175000) can0 0CF00400#FFFF001900FFFFFF
(103.180000) can0 0CF00400#FFFF001900FFFFFF
(103.185000) can0 0CF00400#FFFF001900FFFFFF
(103.190000) can0 0CF00400#FFFF001900FFFFFF
(103.195000) can0 0CF00400#FFFF001900FFFFFF
(103.200000) can0 0CF00400#FFFF001900FFFFFF
(103.200000) can0 18FEF100#FFFFFFFFFFFFFFFF
(103.200000) can0 18FECA00#03FF0100007FFFFF
(103.205000) can0 0CF00400#FFFF001900FFFFFF
(103.210000) can0 0CF00400#FFFF001900FFFFFF
(103.210000) can0 18FECA03#00FF0000007FFFFF
(103.215000) can0 0CF00400#FFFF001900FFFFFF
(103.220000) can0 0CF00400#FFFF001900FFFFFF
(103.220000) can0 18FECA0B#00FF0000007FFFFF
(103.225000) can0 0CF00400#FFFF001900FFFFFF
(103.230000) can0 0CF00400#FFFF001900FFFFFF
(103.230000) can0 18FECA0F#00FF0000007FFFFF
(103.235000) can0 0CF00400#FFFF001900FFFFFF
(103.240000) can0 0CF00400#FFFF001900FFFFFF
(103.240000) can0 18FECA10#00FF0000007FFFFF
(103.245000) can0 0CF00400#FFFF001900FFFFFF
(103.250000) can0 0CF00400#FFFF001900FFFFFF
(103.250000) can0 18FECA17#00FF0000007FFFFF
(103.255000) can0 0CF00400#FFFF001900FFFFFF
(103.260000) can0 0CF00400#FFFF001900FFFFFF
(103.260000) can0 18FECA19#00FF0000007FFFFF
(103.265000) can0 0CF00400#FFFF001900FFFFFF
(103.270000) can0 0CF00400#FFFF001900FFFFFF
(103.270000) can0 18FECA21#00FF0000007FFFFF
(103.275000) can0 0CF00400#FFFF001900FFFFFF
(103.280000) can0 0CF00400#FFFF001900FFFFFF
(103.280000) can0 18FECA31#00FF0000007FFFFF
(103.285000) can0 0CF00400#FFFF001900FFFFFF
(103.290000) can0 0CF00400#FFFF001900FFFFFF
(103.295000) can0 0CF00400#FFFF001900FFFFFF
(103.300000) can0 0CF00400#FFFF001900FFFFFF
(103.300000) can0 18FEF100#FFFFFFFFFFFFFFFF
(103.305000) can0 0CF00400#FFFF001900FFFFFF
(103.310000) can0 0CF00400#FFFF001900FFFFFF
(103.315000) can0 0CF00400#FFFF001900FFFFFF
(103.320000) can0 0CF00400#FFFF001900FFFFFF
(103.325000) can0 0CF00400#FFFF001900FFFFFF
(103.330000) can0 0CF00400#FFFF001900FFFFFF
(103.335000) can0 0CF00400#FFFF001900FFFFFF
(103.340000) can0 0CF00400#FFFF001900FFFFFF
(103.345000) can0 0CF00400#FFFF001900FFFFFF
(103.350000) can0 0CF00400#FFFF001900FFFFFF
(103.355000) can0 0CF00400#FFFF001900FFFFFF
(103.360000) can0 0CF00400#FFFF001900FFFFFF
(103.365000) can0 0CF00400#FFFF001900FFFFFF
(103.370000) can0 0CF00400#FFFF001900FFFFFF
(103.375000) can0 0CF00400#FFFF001900FFFFFF
(103.380000) can0 0CF00400#FFFF001900FFFFFF
(103.385000) can0 0CF00400#FFFF001900FFFFFF
(103.390000) can0 0CF00400#FFFF001900FFFFFF
(103.395000) can0 0CF00400#FFFF001900FFFFFF
(103.400000) can0 0CF00400#FFFF001900FFFFFF
(103.400000) can0 18FEF100#FFFFFFFFFFFFFFFF
(103.405000) can0 0CF00400#FFFF001900FFFFFF
(103.410000) can0 0CF00400#FFFF001900FFFFFF
(103.415000) can0 0CF00400#FFFF001900FFFFFF
(103.420000) can0 0CF00400#FFFF001900FFFFFF
(103.425000) can0 0CF00400#FFFF001900FFFFFF
(103.430000) can0 0CF00400#FFFF001900FFFFFF
(103.435000) can0 0CF00400#FFFF001900FFFFFF
(103.440000) can0 0CF00400#FFFF001900FFFFFF
(103.445000) can0 0CF00400#FFFF001900FFFFFF
(103.450000) can0 0CF00400#FFFF001900FFFFFF
(103.455000) can0 0CF00400#FFFF001900FFFFFF
(103.460000) can0 0CF00400#FFFF001900FFFFFF
(103.465000) can0 0CF00400#FFFF001900FFFFFF
(103.470000) can0 0CF00400#FFFF001900FFFFFF
(103.475000) can0 0CF00400#FFFF001900FFFFFF
(103.480000) can0 0CF00400#FFFF001900FFFFFF
(103.485000) can0 0CF00400#FFFF001900FFFFFF
(103.490000) can0 0CF00400#FFFF001900FFFFFF
(103.495000) can0 0CF00400#FFFF001900FFFFFF
(103.500000) can0 0CF00400#FFFF001900FFFFFF
(103.500000) can0 18FEF100#FFFFFFFFFFFFFFFF
(103.505000) can0 0CF00400#FFFF001900FFFFFF
(103.510000) can0 0CF00400#FFFF001900FFFFFF
(103.515000) can0 0CF00400#FFFF001900FFFFFF
(103.520000) can0 0CF00400#FFFF001900FFFFFF
(103.525000) can0 0CF00400#FFFF001900FFFFFF
(103.530000) can0 0CF00400#FFFF001900FFFFFF
(103.535000) can0 0CF00400#FFFF001900FFFFFF
(103.540000) can0 0CF00400#FFFF001900FFFFFF
(103.545000) can0 0CF00400#FFFF001900FFFFFF
(103.550000) can0 0CF00400#FFFF001900FFFFFF
(103.555000) can0 0CF00400#FFFF001900FFFFFF
(103.560000) can0 0CF00400#FFFF001900FFFFFF
(103.565000) can0 0CF00400#FFFF001900FFFFFF
(103.570000) can0 0CF00400#FFFF001900FFFFFF
(103.575000) can0 0CF00400#FFFF001900FFFFFF
(103.580000) can0 0CF00400#FFFF001900FFFFFF
(103.585000) can0 0CF00400#FFFF001900FFFFFF
(103.590000) can0 0CF00400#FFFF001900FFFFFF
(103.595000) can0 0CF00400#FFFF001900FFFFFF
(103.600000) can0 0CF00400#FFFF001900FFFFFF
(103.600000) can0 18FEF100#FFFFFFFFFFFFFFFF
(103.605000) can0 0CF00400#FFFF001900FFFFFF
(103.610000) can0 0CF00400#FFFF001900FFFFFF
(103.615000) can0 0CF00400#FFFF001900FFFFFF
(103.620000) can0 0CF00400#FFFF001900FFFFFF
(103.625000) can0 0CF00400#FFFF001900FFFFFF
(103.630000) can0 0CF00400#FFFF001900FFFFFF
(103.635000) can0 0CF00400#FFFF001900FFFFFF
(103.640000) can0 0CF00400#FFFF001900FFFFFF
(103.645000) can0 0CF00400#FFFF001900FFFFFF
(103.650000) can0 0CF00400#FFFF001900FFFFFF
(103.655000) can0 0CF00400#FFFF001900FFFFFF
(103.660000) can0 0CF00400#FFFF001900FFFFFF
(103.665000) can0 0CF00400#FFFF001900FFFFFF
(103.670000) can0 0CF00400#FFFF001900FFFFFF
(103.675000) can0 0CF00400#FFFF001900FFFFFF
(103.680000) can0 0CF00400#FFFF001900FFFFFF
(103.685000) can0 0CF00400#FFFF001900FFFFFF
(103.690000) can0 0CF00400#FFFF001900FFFFFF
(103.695000) can0 0CF00400#FFFF001900FFFFFF
(103.700000) can0 0CF00400#FFFF001900FFFFFF
(103.700000) can0 18FEF100#FFFFFFFFFFFFFFFF
(103.705000) can0 0CF00400#FFFF001900FFFFFF
(103.710000) can0 0CF00400#FFFF001900FFFFFF
(103.715000) can0 0CF00400#FFFF001900FFFFFF
(103.720000) can0 0CF00400#FFFF001900FFFFFF
(103.725000) can0 0CF00400#FFFF001900FFFFFF
(103.730000) can0 0CF00400#FFFF001900FFFFFF
(103.735000) can0 0CF00400#FFFF001900FFFFFF
(103.740000) can0 0CF00400#FFFF001900FFFFFF
(103.745000) can0 0CF00400#FFFF001900FFFFFF
(103.750000) can0 0CF00400#FFFF001900FFFFFF
(103.755000) can0 0CF00400#FFFF001900FFFFFF
(103.760000) can0 0CF00400#FFFF001900FFFFFF
(103.765000) can0 0CF00400#FFFF001900FFFFFF
(103.770000) can0 0CF00400#FFFF001900FFFFFF
(103.775000) can0 0CF00400#FFFF001900FFFFFF
(103.780000) can0 0CF00400#FFFF001900FFFFFF
(103.785000) can0 0CF00400#FFFF001900FFFFFF
(103.790000) can0 0CF00400#FFFF001900FFFFFF
(103.795000) can0 0CF00400#FFFF001900FFFFFF
(103.800000) can0 0CF00400#FFFF001900FFFFFF
(103.800000) can0 18FEF100#FFFFFFFFFFFFFFFF
(103.805000) can0 0CF00400#FFFF001900FFFFFF
(103.810000) can0 0CF00400#FFFF001900FFFFFF
(103.815000) can0 0CF00400#FFFF001900FFFFFF
(103.820000) can0 0CF00400#FFFF001900FFFFFF
(103.825000) can0 0CF00400#FFFF001900FFFFFF
(103.830000) can0 0CF00400#FFFF001900FFFFFF
(103.835000) can0 0CF00400#FFFF001900FFFFFF
(103.840000) can0 0CF00400#FFFF001900FFFFFF
(103.845000) can0 0CF00400#FFFF001900FFFFFF
(103.850000) can0 0CF00400#FFFF001900FFFFFF
(103.855000) can0 0CF00400#FFFF001900FFFFFF
(103.860000) can0 0CF00400#FFFF001900FFFFFF
(103.865000) can0 0CF00400#FFFF001900FFFFFF
(103.870000) can0 0CF00400#FFFF001900FFFFFF
(103.875000) can0 0CF00400#FFFF001900FFFFFF
(103.880000) can0 0CF00400#FFFF001900FFFFFF
(103.885000) can0 0CF00400#FFFF001900FFFFFF
(103.890000) can0 0CF00400#FFFF001900FFFFFF
(103.895000) can0 0CF00400#FFFF001900FFFFFF
(103.900000) can0 0CF00400#FFFF001900FFFFFF
(103.900000) can0 18FEF100#FFFFFFFFFFFFFFFF
(103.905000) can0 0CF00400#FFFF001900FFFFFF
(103.910000) can0 0CF00400#FFFF001900FFFFFF
(103.915000) can0 0CF00400#FFFF001900FFFFFF
(103.920000) can0 0CF00400#FFFF001900FFFFFF
(103.925000) can0 0CF00400#FFFF001900FFFFFF
(103.930000) can0 0CF00400#FFFF001900FFFFFF
(103.935000) can0 0CF00400#FFFF001900FFFFFF
(103.940000) can0 0CF00400#FFFF001900FFFFFF
(103.945000) can0 0CF00400#FFFF001900FFFFFF
(103.950000) can0 0CF00400#FFFF001900FFFFFF
(103.955000) can0 0CF00400#FFFF001900FFFFFF
(103.960000) can0 0CF00400#FFFF001900FFFFFF
(103.965000) can0 0CF00400#FFFF001900FFFFFF
(103.970000) can0 0CF00400#FFFF001900FFFFFF
(103.975000) can0 0CF00400#FFFF001900FFFFFF
(103.980000) can0 0CF00400#FFFF001900FFFFFF
(103.985000) can0 0CF00400#FFFF001900FFFFFF
(103.990000) can0 0CF00400#FFFF001900FFFFFF
(103.995000) can0 0CF00400#FFFF001900FFFFFF
(104.000000) can0 0CF00400#FFFF001900FFFFFF
(104.000000) can0 18FEF100#FFFFFFFFFFFFFFFF
(104.005000) can0 0CF00400#FFFF001900FFFFFF
(104.010000) can0 0CF00400#FFFF001900FFFFFF
(104.015000) can0 0CF00400#FFFF001900FFFFFF
(104.020000) can0 0CF00400#FFFF001900FFFFFF
(104.025000) can0 0CF00400#FFFF001900FFFFFF
(104.030000) can0 0CF00400#FFFF001900FFFFFF
(104.035000) can0 0CF00400#FFFF001900FFFFFF
(104.040000) can0 0CF00400#FFFF001900FFFFFF
(104.045000) can0 0CF00400#FFFF001900FFFFFF
(104.050000) can0 0CF00400#FFFF001900FFFFFF
(104.055000) can0 0CF00400#FFFF001900FFFFFF
(104.060000) can0 0CF00400#FFFF001900FFFFFF
(104.065000) can0 0CF00400#FFFF001900FFFFFF
(104.070000) can0 0CF00400#FFFF001900FFFFFF
(104.075000) can0 0CF00400#FFFF001900FFFFFF
(104.080000) can0 0CF00400#FFFF001900FFFFFF
(104.085000) can0 0CF00400#FFFF001900FFFFFF
(104.090000) can0 0CF00400#FFFF001900FFFFFF
(104.095000) can0 0CF00400#FFFF001900FFFFFF
(104.100000) can0 0CF00400#FFFF001900FFFFFF
(104.100000) can0 18FEF100#FFFFFFFFFFFFFFFF
(104.105000) can0 0CF00400#FFFF001900FFFFFF
(104.110000) can0 0CF00400#FFFF001900FFFFFF
(104.115000) can0 0CF00400#FFFF001900FFFFFF
(104.120000) can0 0CF00400#FFFF001900FFFFFF
(104.125000) can0 0CF00400#FFFF001900FFFFFF
(104.130000) can0 0CF00400#FFFF001900FFFFFF
(104.135000) can0 0CF00400#FFFF001900FFFFFF
(104.140000) can0 0CF00400#FFFF001900FFFFFF
(104.145000) can0 0CF00400#FFFF001900FFFFFF
(104.150000) can0 0CF00400#FFFF001900FFFFFF
(104.155000) can0 0CF00400#FFFF001900FFFFFF
(104.160000) can0 0CF00400#FFFF001900FFFFFF
(104.165000) can0 0CF00400#FFFF001900FFFFFF
(104.170000) can0 0CF00400#FFFF001900FFFFFF
(104.175000) can0 0CF00400#FFFF001900FFFFFF
(104.180000) can0 0CF00400#FFFF001900FFFFFF
(104.185000) can0 0CF00400#FFFF001900FFFFFF
(104.190000) can0 0CF00400#FFFF001900FFFFFF
(104.195000) can0 0CF00400#FFFF001900FFFFFF
(104.200000) can0 0CF00400#FFFF001900FFFFFF
(104.200000) can0 18FEF100#FFFFFFFFFFFFFFFF
(104.200000) can0 18FECA00#03FF0100007FFFFF
(104.205000) can0 0CF00400#FFFF001900FFFFFF
(104.210000) can0 0CF00400#FFFF001900FFFFFF
(104.210000) can0 18FECA03#00FF0000007FFFFF
(104.215000) can0 0CF00400#FFFF001900FFFFFF
(104.220000) can0 0CF00400#FFFF001900FFFFFF
(104.220000) can0 18FECA0B#00FF0000007FFFFF
(104.225000) can0 0CF00400#FFFF001900FFFFFF
(104.230000) can0 0CF00400#FFFF001900FFFFFF
(104.230000) can0 18FECA0F#00FF0000007FFFFF
(104.235000) can0 0CF00400#FFFF001900FFFFFF
(104.240000) can0 0CF00400#FFFF001900FFFFFF
(104.240000) can0 18FECA10#00FF0000007FFFFF
(104.245000) can0 0CF00400#FFFF001900FFFFFF
(104.250000) can0 0CF00400#FFFF001900FFFFFF
(104.250000) can0 18FECA17#00FF0000007FFFFF
(104.255000) can0 0CF00400#FFFF001900FFFFFF
(104.260000) can0 0CF00400#FFFF001900FFFFFF
(104.260000) can0 18FECA19#00FF0000007FFFFF
(104.265000) can0 0CF00400#FFFF001900FFFFFF
(104.270000) can0 0CF00400#FFFF001900FFFFFF
(104.270000) can0 18FECA21#00FF0000007FFFFF
(104.275000) can0 0CF00400#FFFF001900FFFFFF
(104.280000) can0 0CF00400#FFFF001900FFFFFF
(104.280000) can0 18FECA31#00FF0000007FFFFF
(104.285000) can0 0CF00400#FFFF001900FFFFFF
(104.290000) can0 0CF00400#FFFF001900FFFFFF
(104.295000) can0 0CF00400#FFFF001900FFFFFF
(104.300000) can0 0CF00400#FFFF001900FFFFFF
(104.300000) can0 18FEF100#FFFFFFFFFFFFFFFF
(104.305000) can0 0CF00400#FFFF001900FFFFFF
(104.310000) can0 0CF00400#FFFF001900FFFFFF
(104.315000) can0 0CF00400#FFFF001900FFFFFF
(104.320000) can0 0CF00400#FFFF001900FFFFFF
(104.325000) can0 0CF00400#FFFF001900FFFFFF
(104.330000) can0 0CF00400#FFFF001900FFFFFF
(104.335000) can0 0CF00400#FFFF001900FFFFFF
(104.340000) can0 0CF00400#FFFF001900FFFFFF
(104.345000) can0 0CF00400#FFFF001900FFFFFF
(104.350000) can0 0CF00400#FFFF001900FFFFFF
(104.355000) can0 0CF00400#FFFF001900FFFFFF
(104.360000) can0 0CF00400#FFFF001900FFFFFF
(104.365000) can0 0CF00400#FFFF001900FFFFFF
(104.370000) can0 0CF00400#FFFF001900FFFFFF
(104.375000) can0 0CF00400#FFFF001900FFFFFF
(104.380000) can0 0CF00400#FFFF001900FFFFFF
(104.385000) can0 0CF00400#FFFF001900FFFFFF
(104.390000) can0 0CF00400#FFFF001900FFFFFF
(104.395000) can0 0CF00400#FFFF001900FFFFFF
(104.400000) can0 0CF00400#FFFF001900FFFFFF
(104.400000) can0 18FEF100#FFFFFFFFFFFFFFFF
(104.405000) can0 0CF00400#FFFF001900FFFFFF
(104.410000) can0 0CF00400#FFFF001900FFFFFF
(104.415000) can0 0CF00400#FFFF001900FFFFFF
(104.420000) can0 0CF00400#FFFF001900FFFFFF
(104.425000) can0 0CF00400#FFFF001900FFFFFF
(104.430000) can0 0CF00400#FFFF001900FFFFFF
(104.435000) can0 0CF00400#FFFF001900FFFFFF
(104.440000) can0 0CF00400#FFFF001900FFFFFF
(104.445000) can0 0CF00400#FFFF001900FFFFFF
(104.450000) can0 0CF00400#FFFF001900FFFFFF
(104.455000) can0 0CF00400#FFFF001900FFFFFF
(104.460000) can0 0CF00400#FFFF001900FFFFFF
(104.465000) can0 0CF00400#FFFF001900FFFFFF
(104.470000) can0 0CF00400#FFFF001900FFFFFF
(104.475000) can0 0CF00400#FFFF001900FFFFFF
(104.480000) can0 0CF00400#FFFF001900FFFFFF
(104.485000) can0 0CF00400#FFFF001900FFFFFF
(104.490000) can0 0CF00400#FFFF001900FFFFFF
(104.495000) can0 0CF00400#FFFF001900FFFFFF
(104.500000) can0 0CF00400#FFFF001900FFFFFF
(104.500000) can0 18FEF100#FFFFFFFFFFFFFFFF
(104.505000) can0 0CF00400#FFFF001900FFFFFF
(104.510000) can0 0CF00400#FFFF001900FFFFFF
(104.515000) can0 0CF00400#FFFF001900FFFFFF
(104.520000) can0 0CF00400#FFFF001900FFFFFF
(104.525000) can0 0CF00400#FFFF001900FFFFFF
(104.530000) can0 0CF00400#FFFF001900FFFFFF
(104.535000) can0 0CF00400#FFFF001900FFFFFF
(104.540000) can0 0CF00400#FFFF001900FFFFFF
(104.545000) can0 0CF00400#FFFF001900FFFFFF
(104.550000) can0 0CF00400#FFFF001900FFFFFF
(104.555000) can0 0CF00400#FFFF001900FFFFFF
(104.560000) can0 0CF00400#FFFF001900FFFFFF
(104.565000) can0 0CF00400#FFFF001900FFFFFF
(104.570000) can0 0CF00400#FFFF001900FFFFFF
(104.575000) can0 0CF00400#FFFF001900FFFFFF
(104.580000) can0 0CF00400#FFFF001900FFFFFF
(104.585000) can0 0CF00400#FFFF001900FFFFFF
(104.590000) can0 0CF00400#FFFF001900FFFFFF
(104.595000) can0 0CF00400#FFFF001900FFFFFF
(104.600000) can0 0CF00400#FFFF001900FFFFFF
(104.600000) can0 18FEF100#FFFFFFFFFFFFFFFF
(104.605000) can0 0CF00400#FFFF001900FFFFFF
(104.610000) can0 0CF00400#FFFF001900FFFFFF
(104.615000) can0 0CF00400#FFFF001900FFFFFF
(104.620000) can0 0CF00400#FFFF001900FFFFFF
(104.625000) can0 0CF00400#FFFF001900FFFFFF
(104.630000) can0 0CF00400#FFFF001900FFFFFF
(104.635000) can0 0CF00400#FFFF001900FFFFFF
(104.640000) can0 0CF00400#FFFF001900FFFFFF
(104.645000) can0 0CF00400#FFFF001900FFFFFF
(104.650000) can0 0CF00400#FFFF001900FFFFFF
(104.655000) can0 0CF00400#FFFF001900FFFFFF
(104.660000) can0 0CF00400#FFFF001900FFFFFF
(104.665000) can0 0CF00400#FFFF001900FFFFFF
(104.670000) can0 0CF00400#FFFF001900FFFFFF
(104.675000) can0 0CF00400#FFFF001900FFFFFF
(104.680000) can0 0CF00400#FFFF001900FFFFFF
(104.685000) can0 0CF00400#FFFF001900FFFFFF
(104.690000) can0 0CF00400#FFFF001900FFFFFF
(104.695000) can0 0CF00400#FFFF001900FFFFFF
(104.700000) can0 0CF00400#FFFF001900FFFFFF
(104.700000) can0 18FEF100#FFFFFFFFFFFFFFFF
(104.705000) can0 0CF00400#FFFF001900FFFFFF
(104.710000) can0 0CF00400#FFFF001900FFFFFF
(104.715000) can0 0CF00400#FFFF001900FFFFFF
(104.720000) can0 0CF00400#FFFF001900FFFFFF
(104.725000) can0 0CF00400#FFFF001900FFFFFF
(104.730000) can0 0CF00400#FFFF001900FFFFFF
(104.735000) can0 0CF00400#FFFF001900FFFFFF
(104.740000) can0 0CF00400#FFFF001900FFFFFF
(104.745000) can0 0CF00400#FFFF001900FFFFFF
(104.750000) can0 0CF00400#FFFF001900FFFFFF
(104.755000) can0 0CF00400#FFFF001900FFFFFF
(104.760000) can0 0CF00400#FFFF001900FFFFFF
(104.765000) can0 0CF00400#FFFF001900FFFFFF
(104.770000) can0 0CF00400#FFFF001900FFFFFF
(104.775000) can0 0CF00400#FFFF001900FFFFFF
(104.780000) can0 0CF00400#FFFF001900FFFFFF
(104.785000) can0 0CF00400#FFFF001900FFFFFF
(104.790000) can0 0CF00400#FFFF001900FFFFFF
(104.795000) can0 0CF00400#FFFF001900FFFFFF
(104.800000) can0 0CF00400#FFFF001900FFFFFF
(104.800000) can0 18FEF100#FFFFFFFFFFFFFFFF
(104.805000) can0 0CF00400#FFFF001900FFFFFF
(104.810000) can0 0CF00400#FFFF001900FFFFFF
(104.815000) can0 0CF00400#FFFF001900FFFFFF
(104.820000) can0 0CF00400#FFFF001900FFFFFF
(104.825000) can0 0CF00400#FFFF001900FFFFFF
(104.830000) can0 0CF00400#FFFF001900FFFFFF
(104.835000) can0 0CF00400#FFFF001900FFFFFF
(104.840000) can0 0CF00400#FFFF001900FFFFFF
(104.845000) can0 0CF00400#FFFF001900FFFFFF
(104.850000) can0 0CF00400#FFFF001900FFFFFF
(104.855000) can0 0CF00400#FFFF001900FFFFFF
(104.860000) can0 0CF00400#FFFF001900FFFFFF
(104.865000) can0 0CF00400#FFFF001900FFFFFF
(104.870000) can0 0CF00400#FFFF001900FFFFFF
(104.875000) can0 0CF00400#FFFF001900FFFFFF
(104.880000) can0 0CF00400#FFFF001900FFFFFF
(104.885000) can0 0CF00400#FFFF001900FFFFFF
(104.890000) can0 0CF00400#FFFF001900FFFFFF
(104.895000) can0 0CF00400#FFFF001900FFFFFF
(104.900000) can0 0CF00400#FFFF001900FFFFFF
(104.900000) can0 18FEF100#FFFFFFFFFFFFFFFF
(104.905000) can0 0CF00400#FFFF001900FFFFFF
(104.910000) can0 0CF00400#FFFF001900FFFFFF
(104.915000) can0 0CF00400#FFFF001900FFFFFF
(104.920000) can0 0CF00400#FFFF001900FFFFFF
(104.925000) can0 0CF00400#FFFF001900FFFFFF
(104.930000) can0 0CF00400#FFFF001900FFFFFF
(104.935000) can0 0CF00400#FFFF001900FFFFFF
(104.940000) can0 0CF00400#FFFF001900FFFFFF
(104.945000) can0 0CF00400#FFFF001900FFFFFF
(104.950000) can0 0CF00400#FFFF001900FFFFFF
(104.955000) can0 0CF00400#FFFF001900FFFFFF
(104.960000) can0 0CF00400#FFFF001900FFFFFF
(104.965000) can0 0CF00400#FFFF001900FFFFFF
(104.970000) can0 0CF00400#FFFF001900FFFFFF
(104.975000) can0 0CF00400#FFFF001900FFFFFF
(104.980000) can0 0CF00400#FFFF001900FFFFFF
(104.985000) can0 0CF00400#FFFF001900FFFFFF
(104.990000) can0 0CF00400#FFFF001900FFFFFF
(104.995000) can0 0CF00400#FFFF001900FFFFFF
(105.000000) can0 0CF00400#FFFF001900FFFFFF
(105.000000) can0 18FEF100#FFFFFFFFFFFFFFFF
(105.005000) can0 0CF00400#FFFF001900FFFFFF
(105.010000) can0 0CF00400#FFFF001900FFFFFF
(105.015000) can0 0CF00400#FFFF001900FFFFFF
(105.020000) can0 0CF00400#FFFF001900FFFFFF
(105.025000) can0 0CF00400#FFFF001900FFFFFF
(105.030000) can0 0CF00400#FFFF001900FFFFFF
(105.035000) can0 0CF00400#FFFF001900FFFFFF
(105.040000) can0 0CF00400#FFFF001900FFFFFF
(105.045000) can0 0CF00400#FFFF001900FFFFFF
(105.050000) can0 0CF00400#FFFF001900FFFFFF
(105.055000) can0 0CF00400#FFFF001900FFFFFF
(105.060000) can0 0CF00400#FFFF001900FFFFFF
(105.065000) can0 0CF00400#FFFF001900FFFFFF
(105.070000) can0 0CF00400#FFFF001900FFFFFF
(105.075000) can0 0CF00400#FFFF001900FFFFFF
(105.080000) can0 0CF00400#FFFF001900FFFFFF
(105.085000) can0 0CF00400#FFFF001900FFFFFF
(105.090000) can0 0CF00400#FFFF001900FFFFFF
(105.095000) can0 0CF00400#FFFF001900FFFFFF
(105.100000) can0 0CF00400#FFFF001900FFFFFF
(105.100000) can0 18FEF100#FFFFFFFFFFFFFFFF
(105.105000) can0 0CF00400#FFFF001900FFFFFF
(105.110000) can0 0CF00400#FFFF001900FFFFFF
(105.115000) can0 0CF00400#FFFF001900FFFFFF
(105.120000) can0 0CF00400#FFFF001900FFFFFF
(105.125000) can0 0CF00400#FFFF001900FFFFFF
(105.130000) can0 0CF00400#FFFF001900FFFFFF
(105.135000) can0 0CF00400#FFFF001900FFFFFF
(105.140000) can0 0CF00400#FFFF001900FFFFFF
(105.145000) can0 0CF00400#FFFF001900FFFFFF
(105.150000) can0 0CF00400#FFFF001900FFFFFF
(105.155000) can0 0CF00400#FFFF001900FFFFFF
(105.160000) can0 0CF00400#FFFF001900FFFFFF
(105.165000) can0 0CF00400#FFFF001900FFFFFF
(105.170000) can0 0CF00400#FFFF001900FFFFFF
(105.175000) can0 0CF00400#FFFF001900FFFFFF
(105.180000) can0 0CF00400#FFFF001900FFFFFF
(105.185000) can0 0CF00400#FFFF001900FFFFFF
(105.190000) can0 0CF00400#FFFF001900FFFFFF
(105.195000) can0 0CF00400#FFFF001900FFFFFF
(105.200000) can0 0CF00400#FFFF001900FFFFFF
(105.200000) can0 18FEF100#FFFFFFFFFFFFFFFF
(105.200000) can0 18FECA00#03FF0100007FFFFF
(105.205000) can0 0CF00400#FFFF001900FFFFFF
(105.210000) can0 0CF00400#FFFF001900FFFFFF
(105.210000) can0 18FECA03#00FF0000007FFFFF
(105.215000) can0 0CF00400#FFFF001900FFFFFF
(105.220000) can0 0CF00400#FFFF001900FFFFFF
(105.220000) can0 18FECA0B#00FF0000007FFFFF
(105.225000) can0 0CF00400#FFFF001900FFFFFF
(105.230000) can0 0CF00400#FFFF001900FFFFFF
(105.230000) can0 18FECA0F#00FF0000007FFFFF
(105.235000) can0 0CF00400#FFFF001900FFFFFF
(105.240000) can0 0CF00400#FFFF001900FFFFFF
(105.240000) can0 18FECA10#00FF0000007FFFFF
(105.245000) can0 0CF00400#FFFF001900FFFFFF
(105.250000) can0 0CF00400#FFFF001900FFFFFF
(105.250000) can0 18FECA17#00FF0000007FFFFF
(105.255000) can0 0CF00400#FFFF001900FFFFFF
(105.260000) can0 0CF00400#FFFF001900FFFFFF
(105.260000) can0 18FECA19#00FF0000007FFFFF
(105.265000) can0 0CF00400#FFFF001900FFFFFF
(105.270000) can0 0CF00400#FFFF001900FFFFFF
(105.270000) can0 18FECA21#00FF0000007FFFFF
(105.275000) can0 0CF00400#FFFF001900FFFFFF
(105.280000) can0 0CF00400#FFFF001900FFFFFF
(105.280000) can0 18FECA31#00FF0000007FFFFF
(105.285000) can0 0CF00400#FFFF001900FFFFFF
(105.290000) can0 0CF00400#FFFF001900FFFFFF
(105.295000) can0 0CF00400#FFFF001900FFFFFF
(105.300000) can0 0CF00400#FFFF001900FFFFFF
(105.300000) can0 18FEF100#FFFFFFFFFFFFFFFF
(105.305000) can0 0CF00400#FFFF001900FFFFFF
(105.310000) can0 0CF00400#FFFF001900FFFFFF
(105.315000) can0 0CF00400#FFFF001900FFFFFF
(105.320000) can0 0CF00400#FFFF001900FFFFFF
(105.325000) can0 0CF00400#FFFF001900FFFFFF
(105.330000) can0 0CF00400#FFFF001900FFFFFF
(105.335000) can0 0CF00400#FFFF001900FFFFFF
(105.340000) can0 0CF00400#FFFF001900FFFFFF
(105.345000) can0 0CF00400#FFFF001900FFFFFF
(105.350000) can0 0CF00400#FFFF001900FFFFFF
(105.355000) can0 0CF00400#FFFF001900FFFFFF
(105.360000) can0 0CF00400#FFFF001900FFFFFF
(105.365000) can0 0CF00400#FFFF001900FFFFFF
(105.370000) can0 0CF00400#FFFF001900FFFFFF
(105.375000) can0 0CF00400#FFFF001900FFFFFF
(105.380000) can0 0CF00400#FFFF001900FFFFFF
(105.385000) can0 0CF00400#FFFF001900FFFFFF
(105.390000) can0 0CF00400#FFFF001900FFFFFF
(105.395000) can0 0CF00400#FFFF001900FFFFFF
(105.400000) can0 0CF00400#FFFF001900FFFFFF
(105.400000) can0 18FEF100#FFFFFFFFFFFFFFFF
(105.405000) can0 0CF00400#FFFF001900FFFFFF
(105.410000) can0 0CF00400#FFFF001900FFFFFF
(105.415000) can0 0CF00400#FFFF001900FFFFFF
(105.420000) can0 0CF00400#FFFF001900FFFFFF
(105.425000) can0 0CF00400#FFFF001900FFFFFF
(105.430000) can0 0CF00400#FFFF001900FFFFFF
(105.435000) can0 0CF00400#FFFF001900FFFFFF
(105.440000) can0 0CF00400#FFFF001900FFFFFF
(105.445000) can0 0CF00400#FFFF001900FFFFFF
(105.450000) can0 0CF00400#FFFF001900FFFFFF
(105.455000) can0 0CF00400#FFFF001900FFFFFF
(105.460000) can0 0CF00400#FFFF001900FFFFFF
(105.465000) can0 0CF00400#FFFF001900FFFFFF
(105.470000) can0 0CF00400#FFFF001900FFFFFF
(105.475000) can0 0CF00400#FFFF001900FFFFFF
(105.480000) can0 0CF00400#FFFF001900FFFFFF
(105.485000) can0 0CF00400#FFFF001900FFFFFF
(105.490000) can0 0CF00400#FFFF001900FFFFFF
(105.495000) can0 0CF00400#FFFF001900FFFFFF
(105.500000) can0 0CF00400#FFFF001900FFFFFF
(105.500000) can0 18FEF100#FFFFFFFFFFFFFFFF
(105.500000) can0 1CECFF00#20270006FFE3FE00
(105.505000) can0 0CF00400#FFFF001900FFFFFF
(105.510000) can0 0CF00400#FFFF001900FFFFFF
(105.510000) can0 1CECFF0F#20130003FFE1FE00
(105.515000) can0 0CF00400#FFFF001900FFFFFF
(105.520000) can0 0CF00400#FFFF001900FFFFFF
(105.520000) can0 1CEBFF00#01C012A2A3A4A5A6
(105.525000) can0 0CF00400#FFFF001900FFFFFF
(105.530000) can0 0CF00400#FFFF001900FFFFFF
(105.535000) can0 0CF00400#FFFF001900FFFFFF
(105.535000) can0 1CEBFF0F#0150515253545556
(105.540000) can0 0CF00400#FFFF001900FFFFFF
(105.545000) can0 0CF00400#FFFF001900FFFFFF
(105.550000) can0 0CF00400#FFFF001900FFFFFF
(105.550000) can0 1CEBFF00#02A7A8A9AAABACAD
(105.555000) can0 0CF00400#FFFF001900FFFFFF
(105.560000) can0 0CF00400#FFFF001900FFFFFF
(105.565000) can0 0CF00400#FFFF001900FFFFFF
(105.565000) can0 1CEBFF0F#025758595A5B5C5D
(105.570000) can0 0CF00400#FFFF001900FFFFFF
(105.575000) can0 0CF00400#FFFF001900FFFFFF
(105.580000) can0 0CF00400#FFFF001900FFFFFF
(105.580000) can0 1CEBFF00#03AEAFB0B1B2B3B4
(105.585000) can0 0CF00400#FFFF001900FFFFFF
(105.590000) can0 0CF00400#FFFF001900FFFFFF
(105.595000) can0 0CF00400#FFFF001900FFFFFF
(105.595000) can0 1CEBFF0F#035E5F606162FFFF
(105.600000) can0 0CF00400#FFFF001900FFFFFF
(105.600000) can0 18FEF100#FFFFFFFFFFFFFFFF
(105.605000) can0 0CF00400#FFFF001900FFFFFF
(105.610000) can0 0CF00400#FFFF001900FFFFFF
(105.610000) can0 1CEBFF00#04B5B6B7B8B9BABB
(105.615000) can0 0CF00400#FFFF001900FFFFFF
(105.620000) can0 0CF00400#FFFF001900FFFFFF
(105.625000) can0 0CF00400#FFFF001900FFFFFF
(105.630000) can0 0CF00400#FFFF001900FFFFFF
(105.635000) can0 0CF00400#FFFF001900FFFFFF
(105.640000) can0 0CF00400#FFFF001900FFFFFF
(105.640000) can0 1CEBFF00#05BCBDBEBFC0C1C2
(105.645000) can0 0CF00400#FFFF001900FFFFFF
(105.650000) can0 0CF00400#FFFF001900FFFFFF
(105.655000) can0 0CF00400#FFFF001900FFFFFF
(105.660000) can0 0CF00400#FFFF001900FFFFFF
(105.665000) can0 0CF00400#FFFF001900FFFFFF
(105.670000) can0 0CF00400#FFFF001900FFFFFF
(105.670000) can0 1CEBFF00#06C3C4C5C6FFFFFF
(105.675000) can0 0CF00400#FFFF001900FFFFFF
(105.680000) can0 0CF00400#FFFF001900FFFFFF
(105.685000) can0 0CF00400#FFFF001900FFFFFF
(105.690000) can0 0CF00400#FFFF001900FFFFFF
(105.695000) can0 0CF00400#FFFF001900FFFFFF
(105.700000) can0 0CF00400#FFFF001900FFFFFF
(105.700000) can0 18FEF100#FFFFFFFFFFFFFFFF
(105.705000) can0 0CF00400#FFFF001900FFFFFF
(105.710000) can0 0CF00400#FFFF001900FFFFFF
(105.715000) can0 0CF00400#FFFF001900FFFFFF
(105.720000) can0 0CF00400#FFFF001900FFFFFF
(105.725000) can0 0CF00400#FFFF001900FFFFFF
(105.730000) can0 0CF00400#FFFF001900FFFFFF
(105.735000) can0 0CF00400#FFFF001900FFFFFF
(105.740000) can0 0CF00400#FFFF001900FFFFFF
(105.745000) can0 0CF00400#FFFF001900FFFFFF
(105.750000) can0 0CF00400#FFFF001900FFFFFF
(105.755000) can0 0CF00400#FFFF001900FFFFFF
(105.760000) can0 0CF00400#FFFF001900FFFFFF
(105.765000) can0 0CF00400#FFFF001900FFFFFF
(105.770000) can0 0CF00400#FFFF001900FFFFFF
(105.775000) can0 0CF00400#FFFF001900FFFFFF
(105.780000) can0 0CF00400#FFFF001900FFFFFF
(105.785000) can0 0CF00400#FFFF001900FFFFFF
(105.790000) can0 0CF00400#FFFF001900FFFFFF
(105.795000) can0 0CF00400#FFFF001900FFFFFF
(105.800000) can0 0CF00400#FFFF001900FFFFFF
(105.800000) can0 18FEF100#FFFFFFFFFFFFFFFF
(105.805000) can0 0CF00400#FFFF001900FFFFFF
(105.810000) can0 0CF00400#FFFF001900FFFFFF
(105.815000) can0 0CF00400#FFFF001900FFFFFF
(105.820000) can0 0CF00400#FFFF001900FFFFFF
(105.825000) can0 0CF00400#FFFF001900FFFFFF
(105.830000) can0 0CF00400#FFFF001900FFFFFF
(105.835000) can0 0CF00400#FFFF001900FFFFFF
(105.840000) can0 0CF00400#FFFF001900FFFFFF
(105.845000) can0 0CF00400#FFFF001900FFFFFF
(105.850000) can0 0CF00400#FFFF001900FFFFFF
(105.855000) can0 0CF00400#FFFF001900FFFFFF
(105.860000) can0 0CF00400#FFFF001900FFFFFF
(105.865000) can0 0CF00400#FFFF001900FFFFFF
(105.870000) can0 0CF00400#FFFF001900FFFFFF
(105.875000) can0 0CF00400#FFFF001900FFFFFF
(105.880000) can0 0CF00400#FFFF001900FFFFFF
(105.885000) can0 0CF00400#FFFF001900FFFFFF
(105.890000) can0 0CF00400#FFFF001900FFFFFF
(105.895000) can0 0CF00400#FFFF001900FFFFFF
(105.900000) can0 0CF00400#FFFF001900FFFFFF
(105.900000) can0 18FEF100#FFFFFFFFFFFFFFFF
(105.905000) can0 0CF00400#FFFF001900FFFFFF
(105.910000) can0 0CF00400#FFFF001900FFFFFF
(105.915000) can0 0CF00400#FFFF001900FFFFFF
(105.920000) can0 0CF00400#FFFF001900FFFFFF
(105.925000) can0 0CF00400#FFFF001900FFFFFF
(105.930000) can0 0CF00400#FFFF001900FFFFFF
(105.935000) can0 0CF00400#FFFF001900FFFFFF
(105.940000) can0 0CF00400#FFFF001900FFFFFF
(105.945000) can0 0CF00400#FFFF001900FFFFFF
(105.950000) can0 0CF00400#FFFF001900FFFFFF
(105.955000) can0 0CF00400#FFFF001900FFFFFF
(105.960000) can0 0CF00400#FFFF001900FFFFFF
(105.965000) can0 0CF00400#FFFF001900FFFFFF
(105.970000) can0 0CF00400#FFFF001900FFFFFF
(105.975000) can0 0CF00400#FFFF001900FFFFFF
(105.980000) can0 0CF00400#FFFF001900FFFFFF
(105.985000) can0 0CF00400#FFFF001900FFFFFF
(105.990000) can0 0CF00400#FFFF001900FFFFFF
(105.995000) can0 0CF00400#FFFF001900FFFFFF
(106.000000) can0 0CF00400#FFFF001900FFFFFF
(106.000000) can0 18FEF100#FFFFFFFFFFFFFFFF
(106.005000) can0 0CF00400#FFFF001900FFFFFF
(106.010000) can0 0CF00400#FFFF001900FFFFFF
(106.015000) can0 0CF00400#FFFF001900FFFFFF
(106.020000) can0 0CF00400#FFFF001900FFFFFF
(106.025000) can0 0CF00400#FFFF001900FFFFFF
(106.030000) can0 0CF00400#FFFF001900FFFFFF
(106.035000) can0 0CF00400#FFFF001900FFFFFF
(106.040000) can0 0CF00400#FFFF001900FFFFFF
(106.045000) can0 0CF00400#FFFF001900FFFFFF
(106.050000) can0 0CF00400#FFFF001900FFFFFF
(106.055000) can0 0CF00400#FFFF001900FFFFFF
(106.060000) can0 0CF00400#FFFF001900FFFFFF
(106.065000) can0 0CF00400#FFFF001900FFFFFF
(106.070000) can0 0CF00400#FFFF001900FFFFFF
(106.075000) can0 0CF00400#FFFF001900FFFFFF
(106.080000) can0 0CF00400#FFFF001900FFFFFF
(106.085000) can0 0CF00400#FFFF001900FFFFFF
(106.090000) can0 0CF00400#FFFF001900FFFFFF
(106.095000) can0 0CF00400#FFFF001900FFFFFF
(106.100000) can0 0CF00400#FFFF001900FFFFFF
(106.100000) can0 18FEF100#FFFFFFFFFFFFFFFF
(106.105000) can0 0CF00400#FFFF001900FFFFFF
(106.110000) can0 0CF00400#FFFF001900FFFFFF
(106.115000) can0 0CF00400#FFFF001900FFFFFF
(106.120000) can0 0CF00400#FFFF001900FFFFFF
(106.125000) can0 0CF00400#FFFF001900FFFFFF
(106.130000) can0 0CF00400#FFFF001900FFFFFF
(106.135000) can0 0CF00400#FFFF001900FFFFFF
(106.140000) can0 0CF00400#FFFF001900FFFFFF
(106.145000) can0 0CF00400#FFFF001900FFFFFF
(106.150000) can0 0CF00400#FFFF001900FFFFFF
(106.155000) can0 0CF00400#FFFF001900FFFFFF
(106.160000) can0 0CF00400#FFFF001900FFFFFF
(106.165000) can0 0CF00400#FFFF001900FFFFFF
(106.170000) can0 0CF00400#FFFF001900FFFFFF
(106.175000) can0 0CF00400#FFFF001900FFFFFF
(106.180000) can0 0CF00400#FFFF001900FFFFFF
(106.185000) can0 0CF00400#FFFF001900FFFFFF
(106.190000) can0 0CF00400#FFFF001900FFFFFF
(106.195000) can0 0CF00400#FFFF001900FFFFFF
(106.200000) can0 0CF00400#FFFF001900FFFFFF
(106.200000) can0 18FEF100#FFFFFFFFFFFFFFFF
(106.200000) can0 18FECA00#03FF0100007FFFFF
(106.205000) can0 0CF00400#FFFF001900FFFFFF
(106.210000) can0 0CF00400#FFFF001900FFFFFF
(106.210000) can0 18FECA03#00FF0000007FFFFF
(106.215000) can0 0CF00400#FFFF001900FFFFFF
(106.220000) can0 0CF00400#FFFF001900FFFFFF
(106.220000) can0 18FECA0B#00FF0000007FFFFF
(106.225000) can0 0CF00400#FFFF001900FFFFFF
(106.230000) can0 0CF00400#FFFF001900FFFFFF
(106.230000) can0 18FECA0F#00FF0000007FFFFF
(106.235000) can0 0CF00400#FFFF001900FFFFFF
(106.240000) can0 0CF00400#FFFF001900FFFFFF
(106.240000) can0 18FECA10#00FF0000007FFFFF
(106.245000) can0 0CF00400#FFFF001900FFFFFF
(106.250000) can0 0CF00400#FFFF001900FFFFFF
(106.250000) can0 18FECA17#00FF0000007FFFFF
(106.255000) can0 0CF00400#FFFF001900FFFFFF
(106.260000) can0 0CF00400#FFFF001900FFFFFF
(106.260000) can0 18FECA19#00FF0000007FFFFF
(106.265000) can0 0CF00400#FFFF001900FFFFFF
(106.270000) can0 0CF00400#FFFF001900FFFFFF
(106.270000) can0 18FECA21#00FF0000007FFFFF
(106.275000) can0 0CF00400#FFFF001900FFFFFF
(106.280000) can0 0CF00400#FFFF001900FFFFFF
(106.280000) can0 18FECA31#00FF0000007FFFFF
(106.285000) can0 0CF00400#FFFF001900FFFFFF
(106.290000) can0 0CF00400#FFFF001900FFFFFF
(106.295000) can0 0CF00400#FFFF001900FFFFFF
(106.300000) can0 0CF00400#FFFF001900FFFFFF
(106.300000) can0 18FEF100#FFFFFFFFFFFFFFFF
(106.305000) can0 0CF00400#FFFF001900FFFFFF
(106.310000) can0 0CF00400#FFFF001900FFFFFF
(106.315000) can0 0CF00400#FFFF001900FFFFFF
(106.320000) can0 0CF00400#FFFF001900FFFFFF
(106.325000) can0 0CF00400#FFFF001900FFFFFF
(106.330000) can0 0CF00400#FFFF001900FFFFFF
(106.335000) can0 0CF00400#FFFF001900FFFFFF
(106.340000) can0 0CF00400#FFFF001900FFFFFF
(106.345000) can0 0CF00400#FFFF001900FFFFFF
(106.350000) can0 0CF00400#FFFF001900FFFFFF
(106.355000) can0 0CF00400#FFFF001900FFFFFF
(106.360000) can0 0CF00400#FFFF001900FFFFFF
(106.365000) can0 0CF00400#FFFF001900FFFFFF
(106.370000) can0 0CF00400#FFFF001900FFFFFF
(106.375000) can0 0CF00400#FFFF001900FFFFFF
(106.380000) can0 0CF00400#FFFF001900FFFFFF
(106.385000) can0 0CF00400#FFFF001900FFFFFF
(106.390000) can0 0CF00400#FFFF001900FFFFFF
(106.395000) can0 0CF00400#FFFF001900FFFFFF
(106.400000) can0 0CF00400#FFFF001900FFFFFF
(106.400000) can0 18FEF100#FFFFFFFFFFFFFFFF
(106.405000) can0 0CF00400#FFFF001900FFFFFF
(106.410000) can0 0CF00400#FFFF001900FFFFFF
(106.415000) can0 0CF00400#FFFF001900FFFFFF
(106.420000) can0 0CF00400#FFFF001900FFFFFF
(106.425000) can0 0CF00400#FFFF001900FFFFFF
(106.430000) can0 0CF00400#FFFF001900FFFFFF
(106.435000) can0 0CF00400#FFFF001900FFFFFF
(106.440000) can0 0CF00400#FFFF001900FFFFFF
(106.445000) can0 0CF00400#FFFF001900FFFFFF
(106.450000) can0 0CF00400#FFFF001900FFFFFF
(106.455000) can0 0CF00400#FFFF001900FFFFFF
(106.460000) can0 0CF00400#FFFF001900FFFFFF
(106.465000) can0 0CF00400#FFFF001900FFFFFF
(106.470000) can0 0CF00400#FFFF001900FFFFFF
(106.475000) can0 0CF00400#FFFF001900FFFFFF
(106.480000) can0 0CF00400#FFFF001900FFFFFF
(106.485000) can0 0CF00400#FFFF001900FFFFFF
(106.490000) can0 0CF00400#FFFF001900FFFFFF
(106.495000) can0 0CF00400#FFFF001900FFFFFF
(106.500000) can0 0CF00400#FFFF001900FFFFFF
(106.500000) can0 18FEF100#FFFFFFFFFFFFFFFF
(106.505000) can0 0CF00400#FFFF001900FFFFFF
(106.510000) can0 0CF00400#FFFF001900FFFFFF
(106.515000) can0 0CF00400#FFFF001900FFFFFF
(106.520000) can0 0CF00400#FFFF001900FFFFFF
(106.525000) can0 0CF00400#FFFF001900FFFFFF
(106.530000) can0 0CF00400#FFFF001900FFFFFF
(106.535000) can0 0CF00400#FFFF001900FFFFFF
(106.540000) can0 0CF00400#FFFF001900FFFFFF
(106.545000) can0 0CF00400#FFFF001900FFFFFF
(106.550000) can0 0CF00400#FFFF001900FFFFFF
(106.555000) can0 0CF00400#FFFF001900FFFFFF
(106.560000) can0 0CF00400#FFFF001900FFFFFF
(106.565000) can0 0CF00400#FFFF001900FFFFFF
(106.570000) can0 0CF00400#FFFF001900FFFFFF
(106.575000) can0 0CF00400#FFFF001900FFFFFF
(106.580000) can0 0CF00400#FFFF001900FFFFFF
(106.585000) can0 0CF00400#FFFF001900FFFFFF
(106.590000) can0 0CF00400#FFFF001900FFFFFF
(106.595000) can0 0CF00400#FFFF001900FFFFFF
(106.600000) can0 0CF00400#FFFF001900FFFFFF
(106.600000) can0 18FEF100#FFFFFFFFFFFFFFFF
(106.605000) can0 0CF00400#FFFF001900FFFFFF
(106.610000) can0 0CF00400#FFFF001900FFFFFF
(106.615000) can0 0CF00400#FFFF001900FFFFFF
(106.620000) can0 0CF00400#FFFF001900FFFFFF
(106.625000) can0 0CF00400#FFFF001900FFFFFF
(106.630000) can0 0CF00400#FFFF001900FFFFFF
(106.635000) can0 0CF00400#FFFF001900FFFFFF
(106.640000) can0 0CF00400#FFFF001900FFFFFF
(106.645000) can0 0CF00400#FFFF001900FFFFFF
(106.650000) can0 0CF00400#FFFF001900FFFFFF
(106.655000) can0 0CF00400#FFFF001900FFFFFF
(106.660000) can0 0CF00400#FFFF001900FFFFFF
(106.665000) can0 0CF00400#FFFF001900FFFFFF
(106.670000) can0 0CF00400#FFFF001900FFFFFF
(106.675000) can0 0CF00400#FFFF001900FFFFFF
(106.680000) can0 0CF00400#FFFF001900FFFFFF
(106.685000) can0 0CF00400#FFFF001900FFFFFF
(106.690000) can0 0CF00400#FFFF001900FFFFFF
(106.695000) can0 0CF00400#FFFF001900FFFFFF
(106.700000) can0 0CF00400#FFFF001900FFFFFF
(106.700000) can0 18FEF100#FFFFFFFFFFFFFFFF
(106.705000) can0 0CF00400#FFFF001900FFFFFF
(106.710000) can0 0CF00400#FFFF001900FFFFFF
(106.715000) can0 0CF00400#FFFF001900FFFFFF
(106.720000) can0 0CF00400#FFFF001900FFFFFF
(106.725000) can0 0CF00400#FFFF001900FFFFFF
(106.730000) can0 0CF00400#FFFF001900FFFFFF
(106.735000) can0 0CF00400#FFFF001900FFFFFF
(106.740000) can0 0CF00400#FFFF001900FFFFFF
(106.745000) can0 0CF00400#FFFF001900FFFFFF
(106.750000) can0 0CF00400#FFFF001900FFFFFF
(106.755000) can0 0CF00400#FFFF001900FFFFFF
(106.760000) can0 0CF00400#FFFF001900FFFFFF
(106.765000) can0 0CF00400#FFFF001900FFFFFF
(106.770000) can0 0CF00400#FFFF001900FFFFFF
(106.775000) can0 0CF00400#FFFF001900FFFFFF
(106.780000) can0 0CF00400#FFFF001900FFFFFF
(106.785000) can0 0CF00400#FFFF001900FFFFFF
(106.790000) can0 0CF00400#FFFF001900FFFFFF
(106.795000) can0 0CF00400#FFFF001900FFFFFF
(106.800000) can0 0CF00400#FFFF001900FFFFFF
(106.800000) can0 18FEF100#FFFFFFFFFFFFFFFF
(106.805000) can0 0CF00400#FFFF001900FFFFFF
(106.810000) can0 0CF00400#FFFF001900FFFFFF
(106.815000) can0 0CF00400#FFFF001900FFFFFF
(106.820000) can0 0CF00400#FFFF001900FFFFFF
(106.825000) can0 0CF00400#FFFF001900FFFFFF
(106.830000) can0 0CF00400#FFFF001900FFFFFF
(106.835000) can0 0CF00400#FFFF001900FFFFFF
(106.840000) can0 0CF00400#FFFF001900FFFFFF
(106.845000) can0 0CF00400#FFFF001900FFFFFF
(106.850000) can0 0CF00400#FFFF001900FFFFFF
(106.855000) can0 0CF00400#FFFF001900FFFFFF
(106.860000) can0 0CF00400#FFFF001900FFFFFF
(106.865000) can0 0CF00400#FFFF001900FFFFFF
(106.870000) can0 0CF00400#FFFF001900FFFFFF
(106.875000) can0 0CF00400#FFFF001900FFFFFF
(106.880000) can0 0CF00400#FFFF001900FFFFFF
(106.885000) can0 0CF00400#FFFF001900FFFFFF
(106.890000) can0 0CF00400#FFFF001900FFFFFF
(106.895000) can0 0CF00400#FFFF001900FFFFFF
(106.900000) can0 0CF00400#FFFF001900FFFFFF
(106.900000) can0 18FEF100#FFFFFFFFFFFFFFFF
(106.905000) can0 0CF00400#FFFF001900FFFFFF
(106.910000) can0 0CF00400#FFFF001900FFFFFF
(106.915000) can0 0CF00400#FFFF001900FFFFFF
(106.920000) can0 0CF00400#FFFF001900FFFFFF
(106.925000) can0 0CF00400#FFFF001900FFFFFF
(106.930000) can0 0CF00400#FFFF001900FFFFFF
(106.935000) can0 0CF00400#FFFF001900FFFFFF
(106.940000) can0 0CF00400#FFFF001900FFFFFF
(106.945000) can0 0CF00400#FFFF001900FFFFFF
(106.950000) can0 0CF00400#FFFF001900FFFFFF
(106.955000) can0 0CF00400#FFFF001900FFFFFF
(106.960000) can0 0CF00400#FFFF001900FFFFFF
(106.965000) can0 0CF00400#FFFF001900FFFFFF
(106.970000) can0 0CF00400#FFFF001900FFFFFF
(106.975000) can0 0CF00400#FFFF001900FFFFFF
(106.980000) can0 0CF00400#FFFF001900FFFFFF
(106.985000) can0 0CF00400#FFFF001900FFFFFF
(106.990000) can0 0CF00400#FFFF001900FFFFFF
(106.995000) can0 0CF00400#FFFF001900FFFFFF
(107.000000) can0 0CF00400#FFFF001900FFFFFF
(107.000000) can0 18FEF100#FFFFFFFFFFFFFFFF
(107.005000) can0 0CF00400#FFFF001900FFFFFF
(107.010000) can0 0CF00400#FFFF001900FFFFFF
(107.015000) can0 0CF00400#FFFF001900FFFFFF
(107.020000) can0 0CF00400#FFFF001900FFFFFF
(107.025000) can0 0CF00400#FFFF001900FFFFFF
(107.030000) can0 0CF00400#FFFF001900FFFFFF
(107.035000) can0 0CF00400#FFFF001900FFFFFF
(107.040000) can0 0CF00400#FFFF001900FFFFFF
(107.045000) can0 0CF00400#FFFF001900FFFFFF
(107.050000) can0 0CF00400#FFFF001900FFFFFF
(107.055000) can0 0CF00400#FFFF001900FFFFFF
(107.060000) can0 0CF00400#FFFF001900FFFFFF
(107.065000) can0 0CF00400#FFFF001900FFFFFF
(107.070000) can0 0CF00400#FFFF001900FFFFFF
(107.075000) can0 0CF00400#FFFF001900FFFFFF
(107.080000) can0 0CF00400#FFFF001900FFFFFF
(107.085000) can0 0CF00400#FFFF001900FFFFFF
(107.090000) can0 0CF00400#FFFF001900FFFFFF
(107.095000) can0 0CF00400#FFFF001900FFFFFF
(107.100000) can0 0CF00400#FFFF001900FFFFFF
(107.100000) can0 18FEF100#FFFFFFFFFFFFFFFF
(107.105000) can0 0CF00400#FFFF001900FFFFFF
(107.110000) can0 0CF00400#FFFF001900FFFFFF
(107.115000) can0 0CF00400#FFFF001900FFFFFF
(107.120000) can0 0CF00400#FFFF001900FFFFFF
(107.125000) can0 0CF00400#FFFF001900FFFFFF
(107.130000) can0 0CF00400#FFFF001900FFFFFF
(107.135000) can0 0CF00400#FFFF001900FFFFFF
(107.140000) can0 0CF00400#FFFF001900FFFFFF
(107.145000) can0 0CF00400#FFFF001900FFFFFF
(107.150000) can0 0CF00400#FFFF001900FFFFFF
(107.155000) can0 0CF00400#FFFF001900FFFFFF
(107.160000) can0 0CF00400#FFFF001900FFFFFF
(107.165000) can0 0CF00400#FFFF001900FFFFFF
(107.170000) can0 0CF00400#FFFF001900FFFFFF
(107.175000) can0 0CF00400#FFFF001900FFFFFF
(107.180000) can0 0CF00400#FFFF001900FFFFFF
(107.185000) can0 0CF00400#FFFF001900FFFFFF
(107.190000) can0 0CF00400#FFFF001900FFFFFF
(107.195000) can0 0CF00400#FFFF001900FFFFFF
(107.200000) can0 0CF00400#FFFF001900FFFFFF
(107.200000) can0 18FEF100#FFFFFFFFFFFFFFFF
(107.200000) can0 18FECA00#03FF0100007FFFFF
(107.205000) can0 0CF00400#FFFF001900FFFFFF
(107.210000) can0 0CF00400#FFFF001900FFFFFF
(107.210000) can0 18FECA03#00FF0000007FFFFF
(107.215000) can0 0CF00400#FFFF001900FFFFFF
(107.220000) can0 0CF00400#FFFF001900FFFFFF
(107.220000) can0 18FECA0B#00FF0000007FFFFF
(107.225000) can0 0CF00400#FFFF001900FFFFFF
(107.230000) can0 0CF00400#FFFF001900FFFFFF
(107.230000) can0 18FECA0F#00FF0000007FFFFF
(107.235000) can0 0CF00400#FFFF001900FFFFFF
(107.240000) can0 0CF00400#FFFF001900FFFFFF
(107.240000) can0 18FECA10#00FF0000007FFFFF
(107.245000) can0 0CF00400#FFFF001900FFFFFF
(107.250000) can0 0CF00400#FFFF001900FFFFFF
(107.250000) can0 18FECA17#00FF0000007FFFFF
(107.255000) can0 0CF00400#FFFF001900FFFFFF
(107.260000) can0 0CF00400#FFFF001900FFFFFF
(107.260000) can0 18FECA19#00FF0000007FFFFF
(107.265000) can0 0CF00400#FFFF001900FFFFFF
(107.270000) can0 0CF00400#FFFF001900FFFFFF
(107.270000) can0 18FECA21#00FF0000007FFFFF
(107.275000) can0 0CF00400#FFFF001900FFFFFF
(107.280000) can0 0CF00400#FFFF001900FFFFFF
(107.280000) can0 18FECA31#00FF0000007FFFFF
(107.285000) can0 0CF00400#FFFF001900FFFFFF
(107.290000) can0 0CF00400#FFFF001900FFFFFF
(107.295000) can0 0CF00400#FFFF001900FFFFFF
(107.300000) can0 0CF00400#FFFF001900FFFFFF
(107.300000) can0 18FEF100#FFFFFFFFFFFFFFFF
(107.305000) can0 0CF00400#FFFF001900FFFFFF
(107.310000) can0 0CF00400#FFFF001900FFFFFF
(107.315000) can0 0CF00400#FFFF001900FFFFFF
(107.320000) can0 0CF00400#FFFF001900FFFFFF
(107.325000) can0 0CF00400#FFFF001900FFFFFF
(107.330000) can0 0CF00400#FFFF001900FFFFFF
(107.335000) can0 0CF00400#FFFF001900FFFFFF
(107.340000) can0 0CF00400#FFFF001900FFFFFF
(107.345000) can0 0CF00400#FFFF001900FFFFFF
(107.350000) can0 0CF00400#FFFF001900FFFFFF
(107.355000) can0 0CF00400#FFFF001900FFFFFF
(107.360000) can0 0CF00400#FFFF001900FFFFFF
(107.365000) can0 0CF00400#FFFF001900FFFFFF
(107.370000) can0 0CF00400#FFFF001900FFFFFF
(107.375000) can0 0CF00400#FFFF001900FFFFFF
(107.380000) can0 0CF00400#FFFF001900FFFFFF
(107.385000) can0 0CF00400#FFFF001900FFFFFF
(107.390000) can0 0CF00400#FFFF001900FFFFFF
(107.395000) can0 0CF00400#FFFF001900FFFFFF
(107.400000) can0 0CF00400#FFFF001900FFFFFF
(107.400000) can0 18FEF100#FFFFFFFFFFFFFFFF
(107.405000) can0 0CF00400#FFFF001900FFFFFF
(107.410000) can0 0CF00400#FFFF001900FFFFFF
(107.415000) can0 0CF00400#FFFF001900FFFFFF
(107.420000) can0 0CF00400#FFFF001900FFFFFF
(107.425000) can0 0CF00400#FFFF001900FFFFFF
(107.430000) can0 0CF00400#FFFF001900FFFFFF
(107.435000) can0 0CF00400#FFFF001900FFFFFF
(107.440000) can0 0CF00400#FFFF001900FFFFFF
(107.445000) can0 0CF00400#FFFF001900FFFFFF
(107.450000) can0 0CF00400#FFFF001900FFFFFF
(107.455000) can0 0CF00400#FFFF001900FFFFFF
(107.460000) can0 0CF00400#FFFF001900FFFFFF
(107.465000) can0 0CF00400#FFFF001900FFFFFF
(107.470000) can0 0CF00400#FFFF001900FFFFFF
(107.475000) can0 0CF00400#FFFF001900FFFFFF
(107.480000) can0 0CF00400#FFFF001900FFFFFF
(107.485000) can0 0CF00400#FFFF001900FFFFFF
(107.490000) can0 0CF00400#FFFF001900FFFFFF
(107.495000) can0 0CF00400#FFFF001900FFFFFF
(107.500000) can0 0CF00400#FFFF001900FFFFFF
(107.500000) can0 18FEF100#FFFFFFFFFFFFFFFF
(107.505000) can0 0CF00400#FFFF001900FFFFFF
(107.510000) can0 0CF00400#FFFF001900FFFFFF
(107.515000) can0 0CF00400#FFFF001900FFFFFF
(107.520000) can0 0CF00400#FFFF001900FFFFFF
(107.525000) can0 0CF00400#FFFF001900FFFFFF
(107.530000) can0 0CF00400#FFFF001900FFFFFF
(107.535000) can0 0CF00400#FFFF001900FFFFFF
(107.540000) can0 0CF00400#FFFF001900FFFFFF
(107.545000) can0 0CF00400#FFFF001900FFFFFF
(107.550000) can0 0CF00400#FFFF001900FFFFFF
(107.555000) can0 0CF00400#FFFF001900FFFFFF
(107.560000) can0 0CF00400#FFFF001900FFFFFF
(107.565000) can0 0CF00400#FFFF001900FFFFFF
(107.570000) can0 0CF00400#FFFF001900FFFFFF
(107.575000) can0 0CF00400#FFFF001900FFFFFF
(107.580000) can0 0CF00400#FFFF001900FFFFFF
(107.585000) can0 0CF00400#FFFF001900FFFFFF
(107.590000) can0 0CF00400#FFFF001900FFFFFF
(107.595000) can0 0CF00400#FFFF001900FFFFFF
(107.600000) can0 0CF00400#FFFF001900FFFFFF
(107.600000) can0 18FEF100#FFFFFFFFFFFFFFFF
(107.605000) can0 0CF00400#FFFF001900FFFFFF
(107.610000) can0 0CF00400#FFFF001900FFFFFF
(107.615000) can0 0CF00400#FFFF001900FFFFFF
(107.620000) can0 0CF00400#FFFF001900FFFFFF
(107.625000) can0 0CF00400#FFFF001900FFFFFF
(107.630000) can0 0CF00400#FFFF001900FFFFFF
(107.635000) can0 0CF00400#FFFF001900FFFFFF
(107.640000) can0 0CF00400#FFFF001900FFFFFF
(107.645000) can0 0CF00400#FFFF001900FFFFFF
(107.650000) can0 0CF00400#FFFF001900FFFFFF
(107.655000) can0 0CF00400#FFFF001900FFFFFF
(107.660000) can0 0CF00400#FFFF001900FFFFFF
(107.665000) can0 0CF00400#FFFF001900FFFFFF
(107.670000) can0 0CF00400#FFFF001900FFFFFF
(107.675000) can0 0CF00400#FFFF001900FFFFFF
(107.680000) can0 0CF00400#FFFF001900FFFFFF
(107.685000) can0 0CF00400#FFFF001900FFFFFF
(107.690000) can0 0CF00400#FFFF001900FFFFFF
(107.695000) can0 0CF00400#FFFF001900FFFFFF
(107.700000) can0 0CF00400#FFFF001900FFFFFF
(107.700000) can0 18FEF100#FFFFFFFFFFFFFFFF
(107.705000) can0 0CF00400#FFFF001900FFFFFF
(107.710000) can0 0CF00400#FFFF001900FFFFFF
(107.715000) can0 0CF00400#FFFF001900FFFFFF
(107.720000) can0 0CF00400#FFFF001900FFFFFF
(107.725000) can0 0CF00400#FFFF001900FFFFFF
(107.730000) can0 0CF00400#FFFF001900FFFFFF
(107.735000) can0 0CF00400#FFFF001900FFFFFF
(107.740000) can0 0CF00400#FFFF001900FFFFFF
(107.745000) can0 0CF00400#FFFF001900FFFFFF
(107.750000) can0 0CF00400#FFFF001900FFFFFF
(107.755000) can0 0CF00400#FFFF001900FFFFFF
(107.760000) can0 0CF00400#FFFF001900FFFFFF
(107.765000) can0 0CF00400#FFFF001900FFFFFF
(107.770000) can0 0CF00400#FFFF001900FFFFFF
(107.775000) can0 0CF00400#FFFF001900FFFFFF
(107.780000) can0 0CF00400#FFFF001900FFFFFF
(107.785000) can0 0CF00400#FFFF001900FFFFFF
(107.790000) can0 0CF00400#FFFF001900FFFFFF
(107.795000) can0 0CF00400#FFFF001900FFFFFF
(107.800000) can0 0CF00400#FFFF001900FFFFFF
(107.800000) can0 18FEF100#FFFFFFFFFFFFFFFF
(107.805000) can0 0CF00400#FFFF001900FFFFFF
(107.810000) can0 0CF00400#FFFF001900FFFFFF
(107.815000) can0 0CF00400#FFFF001900FFFFFF
(107.820000) can0 0CF00400#FFFF001900FFFFFF
(107.825000) can0 0CF00400#FFFF001900FFFFFF
(107.830000) can0 0CF00400#FFFF001900FFFFFF
(107.835000) can0 0CF00400#FFFF001900FFFFFF
(107.840000) can0 0CF00400#FFFF001900FFFFFF
(107.845000) can0 0CF00400#FFFF001900FFFFFF
(107.850000) can0 0CF00400#FFFF001900FFFFFF
(107.855000) can0 0CF00400#FFFF001900FFFFFF
(107.860000) can0 0CF00400#FFFF001900FFFFFF
(107.865000) can0 0CF00400#FFFF001900FFFFFF
(107.870000) can0 0CF00400#FFFF001900FFFFFF
(107.875000) can0 0CF00400#FFFF001900FFFFFF
(107.880000) can0 0CF00400#FFFF001900FFFFFF
(107.885000) can0 0CF00400#FFFF001900FFFFFF
(107.890000) can0 0CF00400#FFFF001900FFFFFF
(107.895000) can0 0CF00400#FFFF001900FFFFFF
(107.900000) can0 0CF00400#FFFF001900FFFFFF
(107.900000) can0 18FEF100#FFFFFFFFFFFFFFFF
(107.905000) can0 0CF00400#FFFF001900FFFFFF
(107.910000) can0 0CF00400#FFFF001900FFFFFF
(107.915000) can0 0CF00400#FFFF001900FFFFFF
(107.920000) can0 0CF00400#FFFF001900FFFFFF
(107.925000) can0 0CF00400#FFFF001900FFFFFF
(107.930000) can0 0CF00400#FFFF001900FFFFFF
(107.935000) can0 0CF00400#FFFF001900FFFFFF
(107.940000) can0 0CF00400#FFFF001900FFFFFF
(107.945000) can0 0CF00400#FFFF001900FFFFFF
(107.950000) can0 0CF00400#FFFF001900FFFFFF
(107.955000) can0 0CF00400#FFFF001900FFFFFF
(107.960000) can0 0CF00400#FFFF001900FFFFFF
(107.965000) can0 0CF00400#FFFF001900FFFFFF
(107.970000) can0 0CF00400#FFFF001900FFFFFF
(107.975000) can0 0CF00400#FFFF001900FFFFFF
(107.980000) can0 0CF00400#FFFF001900FFFFFF
(107.985000) can0 0CF00400#FFFF001900FFFFFF
(107.990000) can0 0CF00400#FFFF001900FFFFFF
(107.995000) can0 0CF00400#FFFF001900FFFFFF
