Open On-Chip Debugger v0.12.0-esp32-20260424 (2026-04-24-15:13)
Licensed under GNU GPL v2
For bug reports, read
	http://openocd.org/doc/doxygen/bugs.html
Info : esp_usb_jtag: VID set to 0x303a and PID to 0x1001
Info : esp_usb_jtag: capabilities descriptor set to 0x2000
Info : esp_usb_jtag: serial (38:44:BE:42:F5:58)
Info : esp_usb_jtag: Device found. Base speed 40000KHz, div range 1 to 255
Info : clock speed 4000 kHz
Info : JTAG tap: esp32c3.tap0 tap/device found: 0x00005c25 (mfg: 0x612 (Espressif Systems), part: 0x0005, ver: 0x0)
Info : [esp32c3] datacount=2 progbufsize=16
Info : [esp32c3] Examined RISC-V core
Info : [esp32c3]  XLEN=32, misa=0x40101104
Info : [esp32c3] Chip revision v0.4
Info : [esp32c3] Examination succeed
Info : [esp32c3] starting gdb server on 3333
Info : Listening on port 3333 for gdb connections
Info : JTAG tap: esp32c3.tap0 tap/device found: 0x00005c25 (mfg: 0x612 (Espressif Systems), part: 0x0005, ver: 0x0)
Info : [esp32c3] Register fp is dirty!
Info : [esp32c3] Discarding values of dirty registers.
Info : [esp32c3] Reset cause (3) - (Software core reset)
@@spi1 0x60002000
0x60002000: 00000000 00000000 002ca000 00000ffc 00000000 00030103 80000000 5c000007 
0x60002020: 70000000 00000000 00000000 00000000 00000000 00000002 ffffffff 00000000 
0x60002040: 00000000 00000000 00000000 00000000 00000000 00000000 00000000 00000000 
0x60002060: 00000000 00000000 00000000 00000000 00000000 00000000 00000000 00000000 
0x60002080: 00000000 00000000 00000000 00000000 00000000 00000000 00000014 08002000 
0x600020a0: 0005757a 00000000 00000000 00000000 00000000 00000000 00000000 00000000 
0x600020c0: 00000000 00000000 00000000 00000000 00000000 00000000 00000000 00000001 
0x600020e0: 00000000 00000000 00000000 00000000 00000000 00000000 00000000 00000000 
@@spi0 0x60003000
0x60003000: 00000000 00000000 002c2000 00000000 00000021 00030103 00000000 5c000007 
0x60003020: 70000000 00000000 00000000 00000000 00000000 00000000 00000000 00000000 
0x60003040: 00000000 00000000 00000000 00000000 00000000 00000200 00000000 00000000 
0x60003060: 00000000 00000000 00000000 00000000 00000000 00000000 00000000 00000000 
0x60003080: 00000000 00000000 00000000 00000000 00000000 00000000 00000000 00000000 
0x600030a0: 00000000 00000000 00000001 00000000 00000000 00000000 00000000 00000000 
0x600030c0: 00000000 00000000 00000000 00000000 00000000 00000000 00000000 00000001 
0x600030e0: 00000000 00000000 00000000 00000000 00000000 00000000 00000000 00000000 
@@gpio_sd 0x60004f00
0x60004f00: 0000ff00 0000ff00 0000ff00 0000ff00 00000000 00000000 00000000 00000000 
0x60004f20: 00000000 00000000 02006230 00000000 00000000 00000000 00000000 00000000 
@@efuse 0x60008800
0x60008800: 00000000 00000000 00000000 00000000 00000000 00000000 096307f3 b2001cd4 
0x60008820: 424eda26 674f26da 97ef4848 00000000 00000000 00000000 00000000 80000000 
0x60008840: 00000000 be42f558 00003844 00000000 4b100000 21b18289 00070ab0 8a13aea3 
0x60008860: d2655758 7112573b 0b958511 19b58d09 fafa468b 5e779167 0000000a 00000000 
0x60008880: 00000000 00000000 00000000 00000000 00000000 00000000 00000000 00000000 
0x600088a0: 00000000 00000000 00000000 00000000 00000000 00000000 00000000 00000000 
0x600088c0: 00000000 00000000 00000000 00000000 00000000 00000000 00000000 00000000 
0x600088e0: 00000000 00000000 00000000 00000000 00000000 00000000 00000000 00000000 
0x60008900: 00000000 00000000 00000000 00000000 00000000 00000000 00000000 00000000 
0x60008920: 00000000 00000000 00000000 00000000 00000000 00000000 00000000 00000000 
0x60008940: 00000000 00000000 00000000 00000000 00000000 00000000 00000000 00000000 
0x60008960: 00000000 00000000 00000000 00000000 00000000 00000000 00000000 00000000 
@@uhci1 0x6000c000
0x6000c000: 00000000 00000000 00000000 00000000 00000000 00000000 00000000 00000000 
0x6000c020: 00000000 00000000 00000000 00000000 00000000 00000000 00000000 00000000 
0x6000c040: 00000000 00000000 00000000 00000000 00000000 00000000 00000000 00000000 
0x6000c060: 00000000 00000000 00000000 00000000 00000000 00000000 00000000 00000000 
@@uhci0 0x60014000
0x60014000: 00000000 00000000 00000000 00000000 00000000 00000000 00000000 00000000 
0x60014020: 00000000 00000000 00000000 00000000 00000000 00000000 00000000 00000000 
0x60014040: 00000000 00000000 00000000 00000000 00000000 00000000 00000000 00000000 
0x60014060: 00000000 00000000 00000000 00000000 00000000 00000000 00000000 00000000 
@@bb 0x6001d000
0x6001d000: 00000000 00000000 00000000 00000000 00000000 00000000 00000000 00000000 
0x6001d020: 00000000 00000000 00000000 00000000 00000000 00000000 00000000 00000000 
@@twai0 0x6002b000
0x6002b000: 002def7e 002def7e 002def7e 002def7e 002def7e 002def7e 002def7e 002def7e 
0x6002b020: 002def7e 002def7e 002def7e 002def7e 002def7e 002def7e 002def7e 002def7e 
0x6002b040: 002def7e 002def7e 002def7e 002def7e 002def7e 002def7e 002def7e 002def7e 
0x6002b060: 002def7e 002def7e 002def7e 002def7e 002def7e 002def7e 002def7e 002def7e 
0x6002b080: 002def7e 002def7e 002def7e 002def7e 002def7e 002def7e 002def7e 002def7e 
0x6002b0a0: 002def7e 002def7e 002def7e 002def7e 002def7e 002def7e 002def7e 002def7e 
@@i2s0 0x6002d000
0x6002d000: 00000000 00000000 00000000 00000000 00000000 00000000 00000000 00000000 
0x6002d020: 00000000 00000000 00000000 00000000 00000000 00000000 00000000 00000000 
0x6002d040: 00000000 00000000 00000000 00000000 00000000 00000000 00000000 00000000 
0x6002d060: 00000000 00000000 00000000 00000000 00000000 00000000 00000000 00000000 
0x6002d080: 00000000 00000000 00000000 00000000 00000000 00000000 00000000 00000000 
0x6002d0a0: 00000000 00000000 00000000 00000000 00000000 00000000 00000000 00000000 
0x6002d0c0: 00000000 00000000 00000000 00000000 00000000 00000000 00000000 00000000 
0x6002d0e0: 00000000 00000000 00000000 00000000 00000000 00000000 00000000 00000000 
0x6002d100: 00000000 00000000 00000000 00000000 00000000 00000000 00000000 00000000 
0x6002d120: 00000000 00000000 00000000 00000000 00000000 00000000 00000000 00000000 
0x6002d140: 00000000 00000000 00000000 00000000 00000000 00000000 00000000 00000000 
0x6002d160: 00000000 00000000 00000000 00000000 00000000 00000000 00000000 00000000 
@@aes 0x6003a000
0x6003a000: 00000000 00000000 00000000 00000000 00000000 00000000 00000000 00000000 
0x6003a020: 00000000 00000000 00000000 00000000 00000000 00000000 00000000 00000000 
0x6003a040: 00000000 00000000 00000000 00000000 00000000 00000000 00000000 00000000 
0x6003a060: 00000000 00000000 00000000 00000000 00000000 00000000 00000000 00000000 
0x6003a080: 00000000 00000000 00000000 00000000 00000000 00000000 00000000 00000000 
0x6003a0a0: 00000000 00000000 00000000 00000000 00000000 00000000 00000000 00000000 
@@sha 0x6003b000
0x6003b000: 00000000 00000000 00000000 00000000 00000000 00000000 00000000 00000000 
0x6003b020: 00000000 00000000 00000000 00000000 00000000 00000000 00000000 00000000 
0x6003b040: 00000000 00000000 00000000 00000000 00000000 00000000 00000000 00000000 
0x6003b060: 00000000 00000000 00000000 00000000 00000000 00000000 00000000 00000000 
0x6003b080: 00000000 00000000 00000000 00000000 00000000 00000000 00000000 00000000 
0x6003b0a0: 00000000 00000000 00000000 00000000 00000000 00000000 00000000 00000000 
@@rsa 0x6003c000
0x6003c000: 00000000 00000000 00000000 00000000 00000000 00000000 00000000 00000000 
0x6003c020: 00000000 00000000 00000000 00000000 00000000 00000000 00000000 00000000 
0x6003c040: 00000000 00000000 00000000 00000000 00000000 00000000 00000000 00000000 
0x6003c060: 00000000 00000000 00000000 00000000 00000000 00000000 00000000 00000000 
0x6003c080: 00000000 00000000 00000000 00000000 00000000 00000000 00000000 00000000 
0x6003c0a0: 00000000 00000000 00000000 00000000 00000000 00000000 00000000 00000000 
0x6003c0c0: 00000000 00000000 00000000 00000000 00000000 00000000 00000000 00000000 
0x6003c0e0: 00000000 00000000 00000000 00000000 00000000 00000000 00000000 00000000 
@@ds 0x6003d000
0x6003d000: 00000000 00000000 00000000 00000000 00000000 00000000 00000000 00000000 
0x6003d020: 00000000 00000000 00000000 00000000 00000000 00000000 00000000 00000000 
0x6003d040: 00000000 00000000 00000000 00000000 00000000 00000000 00000000 00000000 
0x6003d060: 00000000 00000000 00000000 00000000 00000000 00000000 00000000 00000000 
0x6003d080: 00000000 00000000 00000000 00000000 00000000 00000000 00000000 00000000 
0x6003d0a0: 00000000 00000000 00000000 00000000 00000000 00000000 00000000 00000000 
0x6003d0c0: 00000000 00000000 00000000 00000000 00000000 00000000 00000000 00000000 
0x6003d0e0: 00000000 00000000 00000000 00000000 00000000 00000000 00000000 00000000 
@@hmac 0x6003e000
0x6003e000: 00000000 00000000 00000000 00000000 00000000 00000000 00000000 00000000 
0x6003e020: 00000000 00000000 00000000 00000000 00000000 00000000 00000000 00000000 
0x6003e040: 00000000 00000000 00000000 00000000 00000000 00000000 00000000 00000000 
0x6003e060: 00000000 00000000 00000000 00000000 00000000 00000000 00000000 00000000 
@@dma 0x6003f000
0x6003f000: 00000000 00000000 00000000 00000000 00000000 00000000 00000000 00000000 
0x6003f020: 00000000 00000000 00000000 00000000 00000000 00000000 00000000 00000000 
0x6003f040: 00000000 00000000 00000000 00000000 00000000 00000000 00000000 00000000 
0x6003f060: 00000000 00000000 00000000 00000000 00000000 00000000 00000000 00000000 
0x6003f080: 00000000 00000000 00000000 00000000 00000000 00000000 00000000 00000000 
0x6003f0a0: 00000000 00000000 00000000 00000000 00000000 00000000 00000000 00000000 
0x6003f0c0: 00000000 00000000 00000000 00000000 00000000 00000000 00000000 00000000 
0x6003f0e0: 00000000 00000000 00000000 00000000 00000000 00000000 00000000 00000000 
0x6003f100: 00000000 00000000 00000000 00000000 00000000 00000000 00000000 00000000 
0x6003f120: 00000000 00000000 00000000 00000000 00000000 00000000 00000000 00000000 
0x6003f140: 00000000 00000000 00000000 00000000 00000000 00000000 00000000 00000000 
0x6003f160: 00000000 00000000 00000000 00000000 00000000 00000000 00000000 00000000 
@@apb_saradc 0x60040000
0x60040000: 40038240 0000a1fe 00000000 00ff0808 00000000 00000000 00000000 00000000 
0x60040020: 1a000000 00000900 03740000 00000000 00000000 0003ffed 0003ffed 00000000 
0x60040040: 00000000 00000000 00000000 00000000 000000ff 00000004 00018000 00004002 
0x60040060: 00008000 00000000 00000000 00000000 00000000 00000000 00000000 00000000 
0x60040080: 00000000 00000000 00000000 00000000 00000000 00000000 00000000 00000000 
0x600400a0: 00000000 00000000 00000000 00000000 00000000 00000000 00000000 00000000 
@@usb_device 0x60043000
0x60043000: 000000fd 00000000 0000010b 00000000 00000004 00000000 00004200 00000000 
0x60043020: 00000084 000006f8 00000001 00000002 00000001 00000015 00001028 000e1c40 
0x60043040: 00001844 00000000 00000002 00000000 00000000 00000000 00000000 00000000 
0x60043060: 00000000 00000000 00000000 00000000 00000000 00000000 00000000 00000000 
0x60043080: 02007300 00000000 00000000 00000000 00000000 00000000 00000000 00000000 
0x600430a0: 00000000 00000000 00000000 00000000 00000000 00000000 00000000 00000000 
0x600430c0: 00000000 00000000 00000000 00000000 00000000 00000000 00000000 00000000 
0x600430e0: 00000000 00000000 00000000 00000000 00000000 00000000 00000000 00000000 
@@sensitive 0x600c1000
0x600c1000: 00000000 00000000 00000000 00000000 00000000 00000001 00000000 0000000f 
0x600c1020: 00000000 00000000 00000000 0000000f 00000000 00000003 00000000 000ff0ff 
0x600c1040: 00000000 000ff0ff 00000000 000ff0ff 00000000 000ff0ff 00000000 000ff0ff 
0x600c1060: 00000000 000ff0ff 00000000 000ff0ff 00000000 000ff0ff 00000000 000ff0ff 
0x600c1080: 00000000 00000003 00000000 00000000 00000000 00000000 00000000 00000000 
0x600c10a0: 00000000 00000000 00000000 001c7fff 001c7fff 00000000 00000003 00000000 
0x600c10c0: 00000000 0f0ff0ff 00000000 00000003 00000000 00000000 00000000 cf0fffff 
0x600c10e0: fcc30cf3 3cc0cc33 fffff3fc cf0fffff fcc30cf3 3cc0cc33 fffff3fc 003fffff 
@@extmem 0x600c4000
0x600c4000: 00000000 00000003 00000005 00000000 00000000 00000000 00000000 00000004 
0x600c4020: 00000000 00000000 00000002 00000000 00000000 00000002 00000000 00000000 
0x600c4040: 00000008 00000000 00000000 00000000 00000000 42000000 427fffff 3c000000 
0x600c4060: 3c7fffff 00000000 00000000 00000000 00000000 00000000 00000000 00000000 
0x600c4080: 00000000 00000000 00000000 00000000 00000000 ffffffff 00000000 ffffffff 
0x600c40a0: 00000000 00000000 00000000 00000005 00000001 00000000 00000007 00000000 
0x600c40c0: 00000001 00000000 00000007 00000000 00000001 00000000 00000000 00000000 
0x600c40e0: 00000800 00000800 000000ff 00000000 00000000 00000800 00000800 0000000f 
@@xts_aes 0x600cc000
0x600cc000: 00000000 00000000 00000000 00000000 00000000 00000000 00000000 00000000 
0x600cc020: 00000000 00000000 00000000 00000000 00000000 00000000 00000000 00000000 
0x600cc040: 00000000 00000000 00000000 00000000 00000000 00000000 00000000 20200623 
0x600cc060: 00000000 00000000 00000000 00000000 00000000 00000000 00000000 00000000 
@@assist_debug 0x600ce000
0x600ce000: 00000000 00000000 00000000 00000000 00000000 00000000 00000000 00000000 
0x600ce020: 00000000 00000000 00000000 00000000 00000000 00000000 00000000 00000000 
0x600ce040: 00000000 00000000 00000000 00000000 00000000 00000000 00000000 00000000 
0x600ce060: 00000000 00000000 00000000 00000000 00000000 00000000 00000000 00000000 
0x600ce080: 00000000 00000000 00000000 00000000 00000000 00000000 00000000 00000000 
0x600ce0a0: 00000000 00000000 00000000 00000000 00000000 00000000 00000000 00000000 
Warn : DEPRECATED: 'exit' should only be used in telnet or Tcl sessions to close the session
Warn : Did you mean 'shutdown'?
shutdown command invoked
